[ 2023-01-09 20:49:06,928] 15 root - INFO - >>>>>>>>>>>>>>>>>>>>>>>>>>>>>>>>>>>>>>>> Data Ingestion <<<<<<<<<<<<<<<<<<<<<<<<<<<<<<<<<<<<<<<<
[ 2023-01-09 20:49:06,928] 22 root - INFO - Exporting collection data as pandas dataframe
[ 2023-01-09 20:49:06,928] 21 root - INFO - Reading data from database: aps and collection : sensor
[ 2023-01-09 20:49:11,815] 23 root - INFO - Found columns : Index(['_id', 'class', 'aa_000', 'ab_000', 'ac_000', 'ad_000', 'ae_000',
       'af_000', 'ag_000', 'ag_001',
       ...
       'ee_002', 'ee_003', 'ee_004', 'ee_005', 'ee_006', 'ee_007', 'ee_008',
       'ee_009', 'ef_000', 'eg_000'],
      dtype='object', length=172)
[ 2023-01-09 20:49:11,815] 25 root - INFO - Droppping column : _id
[ 2023-01-09 20:49:12,008] 27 root - INFO - Rows and Columns in df: (36188, 171)
[ 2023-01-09 20:49:12,009] 28 root - INFO - Save data in feature store
[ 2023-01-09 20:49:12,536] 34 root - INFO - Create feature store folder if not available
[ 2023-01-09 20:49:12,537] 38 root - INFO - Save df to feature store folder
[ 2023-01-09 20:49:14,970] 43 root - INFO - split dataset into train and test set
[ 2023-01-09 20:49:15,525] 47 root - INFO - create dataset directory folder if not available
[ 2023-01-09 20:49:15,525] 52 root - INFO - Save df to feature store folder
[ 2023-01-09 20:49:17,719] 65 root - INFO - Data ingestion artifact: DataIngestionArtifact(feature_store_file_path='/config/workspace/artifact/01092023__204906/data_ingestion/feature_store/sensor.csv', train_file_path='/config/workspace/artifact/01092023__204906/data_ingestion/dataset/train.csv', test_file_path='/config/workspace/artifact/01092023__204906/data_ingestion/dataset/test.csv')
[ 2023-01-09 20:49:18,122] 22 root - INFO - >>>>>>>>>>>>>>>>>>>>>>>>>>>>>>>>>>>>>>>> Data Validation <<<<<<<<<<<<<<<<<<<<<<<<<<<<<<<<<<<<<<<<
[ 2023-01-09 20:49:18,122] 111 root - INFO - Reading base dataframe
[ 2023-01-09 20:49:21,048] 114 root - INFO - Replace na value in base df
[ 2023-01-09 20:49:21,048] 116 root - INFO - Drop null values colums from base df
