[ 2023-01-09 21:10:21,432] 15 root - INFO - >>>>>>>>>>>>>>>>>>>>>>>>>>>>>>>>>>>>>>>> Data Ingestion <<<<<<<<<<<<<<<<<<<<<<<<<<<<<<<<<<<<<<<<
[ 2023-01-09 21:10:21,432] 22 root - INFO - Exporting collection data as pandas dataframe
[ 2023-01-09 21:10:21,432] 21 root - INFO - Reading data from database: aps and collection : sensor
[ 2023-01-09 21:10:24,936] 23 root - INFO - Found columns : Index(['_id', 'class', 'aa_000', 'ab_000', 'ac_000', 'ad_000', 'ae_000',
       'af_000', 'ag_000', 'ag_001',
       ...
       'ee_002', 'ee_003', 'ee_004', 'ee_005', 'ee_006', 'ee_007', 'ee_008',
       'ee_009', 'ef_000', 'eg_000'],
      dtype='object', length=172)
[ 2023-01-09 21:10:24,937] 25 root - INFO - Droppping column : _id
[ 2023-01-09 21:10:25,133] 27 root - INFO - Rows and Columns in df: (36188, 171)
[ 2023-01-09 21:10:25,133] 28 root - INFO - Save data in feature store
[ 2023-01-09 21:10:25,674] 34 root - INFO - Create feature store folder if not available
[ 2023-01-09 21:10:25,675] 38 root - INFO - Save df to feature store folder
[ 2023-01-09 21:10:28,161] 43 root - INFO - split dataset into train and test set
[ 2023-01-09 21:10:28,727] 47 root - INFO - create dataset directory folder if not available
[ 2023-01-09 21:10:28,727] 52 root - INFO - Save df to feature store folder
[ 2023-01-09 21:10:31,003] 65 root - INFO - Data ingestion artifact: DataIngestionArtifact(feature_store_file_path='/config/workspace/artifact/01092023__211021/data_ingestion/feature_store/sensor.csv', train_file_path='/config/workspace/artifact/01092023__211021/data_ingestion/dataset/train.csv', test_file_path='/config/workspace/artifact/01092023__211021/data_ingestion/dataset/test.csv')
[ 2023-01-09 21:10:31,441] 22 root - INFO - >>>>>>>>>>>>>>>>>>>>>>>>>>>>>>>>>>>>>>>> Data Validation <<<<<<<<<<<<<<<<<<<<<<<<<<<<<<<<<<<<<<<<
[ 2023-01-09 21:10:31,441] 111 root - INFO - Reading base dataframe
[ 2023-01-09 21:10:34,378] 114 root - INFO - Replace na value in base df
[ 2023-01-09 21:10:34,379] 116 root - INFO - Drop null values colums from base df
[ 2023-01-09 21:10:35,343] 45 root - INFO - selecting column name which contains null above to 0.7
[ 2023-01-09 21:10:35,343] 48 root - INFO - Columns to drop: ['ab_000', 'bn_000', 'bo_000', 'bp_000', 'bq_000', 'br_000', 'cr_000']
[ 2023-01-09 21:10:35,434] 119 root - INFO - Reading train dataframe
[ 2023-01-09 21:10:35,832] 121 root - INFO - Reading test dataframe
[ 2023-01-09 21:10:35,936] 124 root - INFO - Drop null values colums from train df
[ 2023-01-09 21:10:35,948] 45 root - INFO - selecting column name which contains null above to 0.7
[ 2023-01-09 21:10:35,948] 48 root - INFO - Columns to drop: ['ab_000', 'bn_000', 'bo_000', 'bp_000', 'bq_000', 'br_000', 'cr_000']
[ 2023-01-09 21:10:35,958] 126 root - INFO - Drop null values colums from test df
[ 2023-01-09 21:10:35,962] 45 root - INFO - selecting column name which contains null above to 0.7
[ 2023-01-09 21:10:35,963] 48 root - INFO - Columns to drop: ['ab_000', 'bn_000', 'bo_000', 'bp_000', 'bq_000', 'br_000', 'cr_000']
[ 2023-01-09 21:10:43,320] 135 root - INFO - Is all required columns present in train df
[ 2023-01-09 21:10:43,321] 137 root - INFO - Is all required columns present in test df
[ 2023-01-09 21:10:43,321] 141 root - INFO - As all column are available in train df hence detecting data drift
[ 2023-01-09 21:10:43,321] 89 root - INFO - Hypothesis class: object, object 
[ 2023-01-09 21:10:43,460] 89 root - INFO - Hypothesis aa_000: float64, float64 
[ 2023-01-09 21:10:43,471] 89 root - INFO - Hypothesis ac_000: float64, float64 
[ 2023-01-09 21:10:43,511] 89 root - INFO - Hypothesis ad_000: float64, float64 
[ 2023-01-09 21:10:43,551] 89 root - INFO - Hypothesis ae_000: float64, float64 
[ 2023-01-09 21:10:43,587] 89 root - INFO - Hypothesis af_000: float64, float64 
[ 2023-01-09 21:10:43,623] 89 root - INFO - Hypothesis ag_000: float64, float64 
[ 2023-01-09 21:10:43,659] 89 root - INFO - Hypothesis ag_001: float64, float64 
[ 2023-01-09 21:10:43,695] 89 root - INFO - Hypothesis ag_002: float64, float64 
[ 2023-01-09 21:10:43,732] 89 root - INFO - Hypothesis ag_003: float64, float64 
[ 2023-01-09 21:10:43,769] 89 root - INFO - Hypothesis ag_004: float64, float64 
[ 2023-01-09 21:10:43,779] 89 root - INFO - Hypothesis ag_005: float64, float64 
[ 2023-01-09 21:10:43,790] 89 root - INFO - Hypothesis ag_006: float64, float64 
[ 2023-01-09 21:10:43,800] 89 root - INFO - Hypothesis ag_007: float64, float64 
[ 2023-01-09 21:10:43,810] 89 root - INFO - Hypothesis ag_008: float64, float64 
[ 2023-01-09 21:10:43,818] 89 root - INFO - Hypothesis ag_009: float64, float64 
[ 2023-01-09 21:10:43,857] 89 root - INFO - Hypothesis ah_000: float64, float64 
[ 2023-01-09 21:10:43,868] 89 root - INFO - Hypothesis ai_000: float64, float64 
[ 2023-01-09 21:10:43,905] 89 root - INFO - Hypothesis aj_000: float64, float64 
[ 2023-01-09 21:10:43,942] 89 root - INFO - Hypothesis ak_000: float64, float64 
[ 2023-01-09 21:10:43,979] 89 root - INFO - Hypothesis al_000: float64, float64 
[ 2023-01-09 21:10:43,986] 89 root - INFO - Hypothesis am_0: float64, float64 
[ 2023-01-09 21:10:44,025] 89 root - INFO - Hypothesis an_000: float64, float64 
[ 2023-01-09 21:10:44,036] 89 root - INFO - Hypothesis ao_000: float64, float64 
[ 2023-01-09 21:10:44,047] 89 root - INFO - Hypothesis ap_000: float64, float64 
[ 2023-01-09 21:10:44,057] 89 root - INFO - Hypothesis aq_000: float64, float64 
[ 2023-01-09 21:10:44,068] 89 root - INFO - Hypothesis ar_000: float64, float64 
[ 2023-01-09 21:10:44,104] 89 root - INFO - Hypothesis as_000: float64, float64 
[ 2023-01-09 21:10:44,140] 89 root - INFO - Hypothesis at_000: float64, float64 
[ 2023-01-09 21:10:44,176] 89 root - INFO - Hypothesis au_000: float64, float64 
[ 2023-01-09 21:10:44,212] 89 root - INFO - Hypothesis av_000: float64, float64 
[ 2023-01-09 21:10:44,253] 89 root - INFO - Hypothesis ax_000: float64, float64 
[ 2023-01-09 21:10:44,293] 89 root - INFO - Hypothesis ay_000: float64, float64 
[ 2023-01-09 21:10:44,328] 89 root - INFO - Hypothesis ay_001: float64, float64 
[ 2023-01-09 21:10:44,365] 89 root - INFO - Hypothesis ay_002: float64, float64 
[ 2023-01-09 21:10:44,401] 89 root - INFO - Hypothesis ay_003: float64, float64 
[ 2023-01-09 21:10:44,438] 89 root - INFO - Hypothesis ay_004: float64, float64 
[ 2023-01-09 21:10:44,473] 89 root - INFO - Hypothesis ay_005: float64, float64 
[ 2023-01-09 21:10:44,481] 89 root - INFO - Hypothesis ay_006: float64, float64 
[ 2023-01-09 21:10:44,490] 89 root - INFO - Hypothesis ay_007: float64, float64 
[ 2023-01-09 21:10:44,500] 89 root - INFO - Hypothesis ay_008: float64, float64 
[ 2023-01-09 21:10:44,511] 89 root - INFO - Hypothesis ay_009: float64, float64 
[ 2023-01-09 21:10:44,547] 89 root - INFO - Hypothesis az_000: float64, float64 
[ 2023-01-09 21:10:44,558] 89 root - INFO - Hypothesis az_001: float64, float64 
[ 2023-01-09 21:10:44,567] 89 root - INFO - Hypothesis az_002: float64, float64 
[ 2023-01-09 21:10:44,576] 89 root - INFO - Hypothesis az_003: float64, float64 
[ 2023-01-09 21:10:44,586] 89 root - INFO - Hypothesis az_004: float64, float64 
[ 2023-01-09 21:10:44,597] 89 root - INFO - Hypothesis az_005: float64, float64 
[ 2023-01-09 21:10:44,607] 89 root - INFO - Hypothesis az_006: float64, float64 
[ 2023-01-09 21:10:44,616] 89 root - INFO - Hypothesis az_007: float64, float64 
[ 2023-01-09 21:10:44,622] 89 root - INFO - Hypothesis az_008: float64, float64 
[ 2023-01-09 21:10:44,662] 89 root - INFO - Hypothesis az_009: float64, float64 
[ 2023-01-09 21:10:44,698] 89 root - INFO - Hypothesis ba_000: float64, float64 
[ 2023-01-09 21:10:44,709] 89 root - INFO - Hypothesis ba_001: float64, float64 
[ 2023-01-09 21:10:44,720] 89 root - INFO - Hypothesis ba_002: float64, float64 
[ 2023-01-09 21:10:44,730] 89 root - INFO - Hypothesis ba_003: float64, float64 
[ 2023-01-09 21:10:44,741] 89 root - INFO - Hypothesis ba_004: float64, float64 
[ 2023-01-09 21:10:44,751] 89 root - INFO - Hypothesis ba_005: float64, float64 
[ 2023-01-09 21:10:44,761] 89 root - INFO - Hypothesis ba_006: float64, float64 
[ 2023-01-09 21:10:44,771] 89 root - INFO - Hypothesis ba_007: float64, float64 
[ 2023-01-09 21:10:44,781] 89 root - INFO - Hypothesis ba_008: float64, float64 
[ 2023-01-09 21:10:44,789] 89 root - INFO - Hypothesis ba_009: float64, float64 
[ 2023-01-09 21:10:44,796] 89 root - INFO - Hypothesis bb_000: float64, float64 
[ 2023-01-09 21:10:44,806] 89 root - INFO - Hypothesis bc_000: float64, float64 
[ 2023-01-09 21:10:44,846] 89 root - INFO - Hypothesis bd_000: float64, float64 
[ 2023-01-09 21:10:44,888] 89 root - INFO - Hypothesis be_000: float64, float64 
[ 2023-01-09 21:10:44,897] 89 root - INFO - Hypothesis bf_000: float64, float64 
[ 2023-01-09 21:10:44,904] 89 root - INFO - Hypothesis bg_000: float64, float64 
[ 2023-01-09 21:10:44,914] 89 root - INFO - Hypothesis bh_000: float64, float64 
[ 2023-01-09 21:10:44,925] 89 root - INFO - Hypothesis bi_000: float64, float64 
[ 2023-01-09 21:10:44,935] 89 root - INFO - Hypothesis bj_000: float64, float64 
[ 2023-01-09 21:10:44,946] 89 root - INFO - Hypothesis bk_000: float64, float64 
[ 2023-01-09 21:10:44,955] 89 root - INFO - Hypothesis bl_000: float64, float64 
[ 2023-01-09 21:10:44,962] 89 root - INFO - Hypothesis bm_000: float64, float64 
[ 2023-01-09 21:10:44,973] 89 root - INFO - Hypothesis bs_000: float64, float64 
[ 2023-01-09 21:10:45,016] 89 root - INFO - Hypothesis bt_000: float64, float64 
[ 2023-01-09 21:10:45,026] 89 root - INFO - Hypothesis bu_000: float64, float64 
[ 2023-01-09 21:10:45,037] 89 root - INFO - Hypothesis bv_000: float64, float64 
[ 2023-01-09 21:10:45,047] 89 root - INFO - Hypothesis bx_000: float64, float64 
[ 2023-01-09 21:10:45,058] 89 root - INFO - Hypothesis by_000: float64, float64 
[ 2023-01-09 21:10:45,068] 89 root - INFO - Hypothesis bz_000: float64, float64 
[ 2023-01-09 21:10:45,077] 89 root - INFO - Hypothesis ca_000: float64, float64 
[ 2023-01-09 21:10:45,088] 89 root - INFO - Hypothesis cb_000: float64, float64 
[ 2023-01-09 21:10:45,099] 89 root - INFO - Hypothesis cc_000: float64, float64 
[ 2023-01-09 21:10:45,109] 89 root - INFO - Hypothesis cd_000: float64, float64 
[ 2023-01-09 21:10:45,146] 89 root - INFO - Hypothesis ce_000: float64, float64 
[ 2023-01-09 21:10:45,156] 89 root - INFO - Hypothesis cf_000: float64, float64 
[ 2023-01-09 21:10:45,194] 89 root - INFO - Hypothesis cg_000: float64, float64 
[ 2023-01-09 21:10:45,200] 89 root - INFO - Hypothesis ch_000: float64, float64 
[ 2023-01-09 21:10:45,238] 89 root - INFO - Hypothesis ci_000: float64, float64 
[ 2023-01-09 21:10:45,248] 89 root - INFO - Hypothesis cj_000: float64, float64 
[ 2023-01-09 21:10:45,254] 89 root - INFO - Hypothesis ck_000: float64, float64 
[ 2023-01-09 21:10:45,265] 89 root - INFO - Hypothesis cl_000: float64, float64 
[ 2023-01-09 21:10:45,304] 89 root - INFO - Hypothesis cm_000: float64, float64 
[ 2023-01-09 21:10:45,344] 89 root - INFO - Hypothesis cn_000: float64, float64 
[ 2023-01-09 21:10:45,380] 89 root - INFO - Hypothesis cn_001: float64, float64 
[ 2023-01-09 21:10:45,418] 89 root - INFO - Hypothesis cn_002: float64, float64 
[ 2023-01-09 21:10:45,426] 89 root - INFO - Hypothesis cn_003: float64, float64 
[ 2023-01-09 21:10:45,436] 89 root - INFO - Hypothesis cn_004: float64, float64 
[ 2023-01-09 21:10:45,447] 89 root - INFO - Hypothesis cn_005: float64, float64 
[ 2023-01-09 21:10:45,457] 89 root - INFO - Hypothesis cn_006: float64, float64 
[ 2023-01-09 21:10:45,467] 89 root - INFO - Hypothesis cn_007: float64, float64 
[ 2023-01-09 21:10:45,477] 89 root - INFO - Hypothesis cn_008: float64, float64 
[ 2023-01-09 21:10:45,486] 89 root - INFO - Hypothesis cn_009: float64, float64 
[ 2023-01-09 21:10:45,494] 89 root - INFO - Hypothesis co_000: float64, float64 
[ 2023-01-09 21:10:45,501] 89 root - INFO - Hypothesis cp_000: float64, float64 
[ 2023-01-09 21:10:45,541] 89 root - INFO - Hypothesis cq_000: float64, float64 
[ 2023-01-09 21:10:45,552] 89 root - INFO - Hypothesis cs_000: float64, float64 
[ 2023-01-09 21:10:45,562] 89 root - INFO - Hypothesis cs_001: float64, float64 
[ 2023-01-09 21:10:45,571] 89 root - INFO - Hypothesis cs_002: float64, float64 
[ 2023-01-09 21:10:45,581] 89 root - INFO - Hypothesis cs_003: float64, float64 
[ 2023-01-09 21:10:45,591] 89 root - INFO - Hypothesis cs_004: float64, float64 
[ 2023-01-09 21:10:45,602] 89 root - INFO - Hypothesis cs_005: float64, float64 
[ 2023-01-09 21:10:45,616] 89 root - INFO - Hypothesis cs_006: float64, float64 
[ 2023-01-09 21:10:45,627] 89 root - INFO - Hypothesis cs_007: float64, float64 
[ 2023-01-09 21:10:45,638] 89 root - INFO - Hypothesis cs_008: float64, float64 
[ 2023-01-09 21:10:45,651] 89 root - INFO - Hypothesis cs_009: float64, float64 
[ 2023-01-09 21:10:45,688] 89 root - INFO - Hypothesis ct_000: float64, float64 
[ 2023-01-09 21:10:45,698] 89 root - INFO - Hypothesis cu_000: float64, float64 
[ 2023-01-09 21:10:45,707] 89 root - INFO - Hypothesis cv_000: float64, float64 
[ 2023-01-09 21:10:45,717] 89 root - INFO - Hypothesis cx_000: float64, float64 
[ 2023-01-09 21:10:45,727] 89 root - INFO - Hypothesis cy_000: float64, float64 
[ 2023-01-09 21:10:45,732] 89 root - INFO - Hypothesis cz_000: float64, float64 
[ 2023-01-09 21:10:45,741] 89 root - INFO - Hypothesis da_000: float64, float64 
[ 2023-01-09 21:10:45,779] 89 root - INFO - Hypothesis db_000: float64, float64 
[ 2023-01-09 21:10:45,822] 89 root - INFO - Hypothesis dc_000: float64, float64 
[ 2023-01-09 21:10:45,832] 89 root - INFO - Hypothesis dd_000: float64, float64 
[ 2023-01-09 21:10:45,842] 89 root - INFO - Hypothesis de_000: float64, float64 
[ 2023-01-09 21:10:45,851] 89 root - INFO - Hypothesis df_000: float64, float64 
[ 2023-01-09 21:10:45,889] 89 root - INFO - Hypothesis dg_000: float64, float64 
[ 2023-01-09 21:10:45,925] 89 root - INFO - Hypothesis dh_000: float64, float64 
[ 2023-01-09 21:10:45,962] 89 root - INFO - Hypothesis di_000: float64, float64 
[ 2023-01-09 21:10:45,968] 89 root - INFO - Hypothesis dj_000: float64, float64 
[ 2023-01-09 21:10:46,005] 89 root - INFO - Hypothesis dk_000: float64, float64 
[ 2023-01-09 21:10:46,042] 89 root - INFO - Hypothesis dl_000: float64, float64 
[ 2023-01-09 21:10:46,078] 89 root - INFO - Hypothesis dm_000: float64, float64 
[ 2023-01-09 21:10:46,115] 89 root - INFO - Hypothesis dn_000: float64, float64 
[ 2023-01-09 21:10:46,125] 89 root - INFO - Hypothesis do_000: float64, float64 
[ 2023-01-09 21:10:46,135] 89 root - INFO - Hypothesis dp_000: float64, float64 
[ 2023-01-09 21:10:46,144] 89 root - INFO - Hypothesis dq_000: float64, float64 
[ 2023-01-09 21:10:46,183] 89 root - INFO - Hypothesis dr_000: float64, float64 
[ 2023-01-09 21:10:46,221] 89 root - INFO - Hypothesis ds_000: float64, float64 
[ 2023-01-09 21:10:46,232] 89 root - INFO - Hypothesis dt_000: float64, float64 
[ 2023-01-09 21:10:46,242] 89 root - INFO - Hypothesis du_000: float64, float64 
[ 2023-01-09 21:10:46,252] 89 root - INFO - Hypothesis dv_000: float64, float64 
[ 2023-01-09 21:10:46,262] 89 root - INFO - Hypothesis dx_000: float64, float64 
[ 2023-01-09 21:10:46,269] 89 root - INFO - Hypothesis dy_000: float64, float64 
[ 2023-01-09 21:10:46,276] 89 root - INFO - Hypothesis dz_000: float64, float64 
[ 2023-01-09 21:10:46,312] 89 root - INFO - Hypothesis ea_000: float64, float64 
[ 2023-01-09 21:10:46,349] 89 root - INFO - Hypothesis eb_000: float64, float64 
[ 2023-01-09 21:10:46,357] 89 root - INFO - Hypothesis ec_00: float64, float64 
[ 2023-01-09 21:10:46,367] 89 root - INFO - Hypothesis ed_000: float64, float64 
[ 2023-01-09 21:10:46,408] 89 root - INFO - Hypothesis ee_000: float64, float64 
[ 2023-01-09 21:10:46,419] 89 root - INFO - Hypothesis ee_001: float64, float64 
[ 2023-01-09 21:10:46,430] 89 root - INFO - Hypothesis ee_002: float64, float64 
[ 2023-01-09 21:10:46,440] 89 root - INFO - Hypothesis ee_003: float64, float64 
[ 2023-01-09 21:10:46,450] 89 root - INFO - Hypothesis ee_004: float64, float64 
[ 2023-01-09 21:10:46,461] 89 root - INFO - Hypothesis ee_005: float64, float64 
[ 2023-01-09 21:10:46,471] 89 root - INFO - Hypothesis ee_006: float64, float64 
[ 2023-01-09 21:10:46,513] 89 root - INFO - Hypothesis ee_007: float64, float64 
[ 2023-01-09 21:10:46,556] 89 root - INFO - Hypothesis ee_008: float64, float64 
[ 2023-01-09 21:10:46,565] 89 root - INFO - Hypothesis ee_009: float64, float64 
[ 2023-01-09 21:10:46,605] 89 root - INFO - Hypothesis ef_000: float64, float64 
[ 2023-01-09 21:10:46,644] 89 root - INFO - Hypothesis eg_000: float64, float64 
[ 2023-01-09 21:10:46,680] 144 root - INFO - As all column are available in test df hence detecting data drift
[ 2023-01-09 21:10:46,680] 89 root - INFO - Hypothesis class: object, object 
[ 2023-01-09 21:10:46,754] 89 root - INFO - Hypothesis aa_000: float64, float64 
[ 2023-01-09 21:10:46,761] 89 root - INFO - Hypothesis ac_000: float64, float64 
[ 2023-01-09 21:10:46,767] 89 root - INFO - Hypothesis ad_000: float64, float64 
[ 2023-01-09 21:10:46,772] 89 root - INFO - Hypothesis ae_000: float64, float64 
[ 2023-01-09 21:10:46,787] 89 root - INFO - Hypothesis af_000: float64, float64 
[ 2023-01-09 21:10:46,803] 89 root - INFO - Hypothesis ag_000: float64, float64 
[ 2023-01-09 21:10:46,818] 89 root - INFO - Hypothesis ag_001: float64, float64 
[ 2023-01-09 21:10:46,833] 89 root - INFO - Hypothesis ag_002: float64, float64 
[ 2023-01-09 21:10:46,849] 89 root - INFO - Hypothesis ag_003: float64, float64 
[ 2023-01-09 21:10:46,866] 89 root - INFO - Hypothesis ag_004: float64, float64 
[ 2023-01-09 21:10:46,873] 89 root - INFO - Hypothesis ag_005: float64, float64 
[ 2023-01-09 21:10:46,880] 89 root - INFO - Hypothesis ag_006: float64, float64 
[ 2023-01-09 21:10:46,887] 89 root - INFO - Hypothesis ag_007: float64, float64 
[ 2023-01-09 21:10:46,893] 89 root - INFO - Hypothesis ag_008: float64, float64 
[ 2023-01-09 21:10:46,899] 89 root - INFO - Hypothesis ag_009: float64, float64 
[ 2023-01-09 21:10:46,904] 89 root - INFO - Hypothesis ah_000: float64, float64 
[ 2023-01-09 21:10:46,912] 89 root - INFO - Hypothesis ai_000: float64, float64 
[ 2023-01-09 21:10:46,927] 89 root - INFO - Hypothesis aj_000: float64, float64 
[ 2023-01-09 21:10:46,932] 89 root - INFO - Hypothesis ak_000: float64, float64 
[ 2023-01-09 21:10:46,947] 89 root - INFO - Hypothesis al_000: float64, float64 
[ 2023-01-09 21:10:46,952] 89 root - INFO - Hypothesis am_0: float64, float64 
[ 2023-01-09 21:10:46,957] 89 root - INFO - Hypothesis an_000: float64, float64 
[ 2023-01-09 21:10:46,964] 89 root - INFO - Hypothesis ao_000: float64, float64 
[ 2023-01-09 21:10:46,971] 89 root - INFO - Hypothesis ap_000: float64, float64 
[ 2023-01-09 21:10:46,978] 89 root - INFO - Hypothesis aq_000: float64, float64 
[ 2023-01-09 21:10:46,985] 89 root - INFO - Hypothesis ar_000: float64, float64 
[ 2023-01-09 21:10:47,000] 89 root - INFO - Hypothesis as_000: float64, float64 
[ 2023-01-09 21:10:47,016] 89 root - INFO - Hypothesis at_000: float64, float64 
[ 2023-01-09 21:10:47,019] 89 root - INFO - Hypothesis au_000: float64, float64 
[ 2023-01-09 21:10:47,034] 89 root - INFO - Hypothesis av_000: float64, float64 
[ 2023-01-09 21:10:47,040] 89 root - INFO - Hypothesis ax_000: float64, float64 
[ 2023-01-09 21:10:47,045] 89 root - INFO - Hypothesis ay_000: float64, float64 
[ 2023-01-09 21:10:47,060] 89 root - INFO - Hypothesis ay_001: float64, float64 
[ 2023-01-09 21:10:47,075] 89 root - INFO - Hypothesis ay_002: float64, float64 
[ 2023-01-09 21:10:47,090] 89 root - INFO - Hypothesis ay_003: float64, float64 
[ 2023-01-09 21:10:47,105] 89 root - INFO - Hypothesis ay_004: float64, float64 
[ 2023-01-09 21:10:47,120] 89 root - INFO - Hypothesis ay_005: float64, float64 
[ 2023-01-09 21:10:47,126] 89 root - INFO - Hypothesis ay_006: float64, float64 
[ 2023-01-09 21:10:47,132] 89 root - INFO - Hypothesis ay_007: float64, float64 
[ 2023-01-09 21:10:47,139] 89 root - INFO - Hypothesis ay_008: float64, float64 
[ 2023-01-09 21:10:47,145] 89 root - INFO - Hypothesis ay_009: float64, float64 
[ 2023-01-09 21:10:47,160] 89 root - INFO - Hypothesis az_000: float64, float64 
[ 2023-01-09 21:10:47,167] 89 root - INFO - Hypothesis az_001: float64, float64 
[ 2023-01-09 21:10:47,173] 89 root - INFO - Hypothesis az_002: float64, float64 
[ 2023-01-09 21:10:47,179] 89 root - INFO - Hypothesis az_003: float64, float64 
[ 2023-01-09 21:10:47,186] 89 root - INFO - Hypothesis az_004: float64, float64 
[ 2023-01-09 21:10:47,193] 89 root - INFO - Hypothesis az_005: float64, float64 
[ 2023-01-09 21:10:47,200] 89 root - INFO - Hypothesis az_006: float64, float64 
[ 2023-01-09 21:10:47,206] 89 root - INFO - Hypothesis az_007: float64, float64 
[ 2023-01-09 21:10:47,210] 89 root - INFO - Hypothesis az_008: float64, float64 
[ 2023-01-09 21:10:47,229] 89 root - INFO - Hypothesis az_009: float64, float64 
[ 2023-01-09 21:10:47,244] 89 root - INFO - Hypothesis ba_000: float64, float64 
[ 2023-01-09 21:10:47,251] 89 root - INFO - Hypothesis ba_001: float64, float64 
[ 2023-01-09 21:10:47,259] 89 root - INFO - Hypothesis ba_002: float64, float64 
[ 2023-01-09 21:10:47,266] 89 root - INFO - Hypothesis ba_003: float64, float64 
[ 2023-01-09 21:10:47,273] 89 root - INFO - Hypothesis ba_004: float64, float64 
[ 2023-01-09 21:10:47,280] 89 root - INFO - Hypothesis ba_005: float64, float64 
[ 2023-01-09 21:10:47,287] 89 root - INFO - Hypothesis ba_006: float64, float64 
[ 2023-01-09 21:10:47,294] 89 root - INFO - Hypothesis ba_007: float64, float64 
[ 2023-01-09 21:10:47,300] 89 root - INFO - Hypothesis ba_008: float64, float64 
[ 2023-01-09 21:10:47,305] 89 root - INFO - Hypothesis ba_009: float64, float64 
[ 2023-01-09 21:10:47,310] 89 root - INFO - Hypothesis bb_000: float64, float64 
[ 2023-01-09 21:10:47,317] 89 root - INFO - Hypothesis bc_000: float64, float64 
[ 2023-01-09 21:10:47,322] 89 root - INFO - Hypothesis bd_000: float64, float64 
[ 2023-01-09 21:10:47,328] 89 root - INFO - Hypothesis be_000: float64, float64 
[ 2023-01-09 21:10:47,334] 89 root - INFO - Hypothesis bf_000: float64, float64 
[ 2023-01-09 21:10:47,339] 89 root - INFO - Hypothesis bg_000: float64, float64 
[ 2023-01-09 21:10:47,346] 89 root - INFO - Hypothesis bh_000: float64, float64 
[ 2023-01-09 21:10:47,353] 89 root - INFO - Hypothesis bi_000: float64, float64 
[ 2023-01-09 21:10:47,360] 89 root - INFO - Hypothesis bj_000: float64, float64 
[ 2023-01-09 21:10:47,367] 89 root - INFO - Hypothesis bk_000: float64, float64 
[ 2023-01-09 21:10:47,373] 89 root - INFO - Hypothesis bl_000: float64, float64 
[ 2023-01-09 21:10:47,378] 89 root - INFO - Hypothesis bm_000: float64, float64 
[ 2023-01-09 21:10:47,382] 89 root - INFO - Hypothesis bs_000: float64, float64 
[ 2023-01-09 21:10:47,389] 89 root - INFO - Hypothesis bt_000: float64, float64 
[ 2023-01-09 21:10:47,396] 89 root - INFO - Hypothesis bu_000: float64, float64 
[ 2023-01-09 21:10:47,403] 89 root - INFO - Hypothesis bv_000: float64, float64 
[ 2023-01-09 21:10:47,410] 89 root - INFO - Hypothesis bx_000: float64, float64 
[ 2023-01-09 21:10:47,417] 89 root - INFO - Hypothesis by_000: float64, float64 
[ 2023-01-09 21:10:47,424] 89 root - INFO - Hypothesis bz_000: float64, float64 
[ 2023-01-09 21:10:47,430] 89 root - INFO - Hypothesis ca_000: float64, float64 
[ 2023-01-09 21:10:47,437] 89 root - INFO - Hypothesis cb_000: float64, float64 
[ 2023-01-09 21:10:47,444] 89 root - INFO - Hypothesis cc_000: float64, float64 
[ 2023-01-09 21:10:47,451] 89 root - INFO - Hypothesis cd_000: float64, float64 
[ 2023-01-09 21:10:47,466] 89 root - INFO - Hypothesis ce_000: float64, float64 
[ 2023-01-09 21:10:47,472] 89 root - INFO - Hypothesis cf_000: float64, float64 
[ 2023-01-09 21:10:47,476] 89 root - INFO - Hypothesis cg_000: float64, float64 
[ 2023-01-09 21:10:47,481] 89 root - INFO - Hypothesis ch_000: float64, float64 
[ 2023-01-09 21:10:47,497] 89 root - INFO - Hypothesis ci_000: float64, float64 
[ 2023-01-09 21:10:47,504] 89 root - INFO - Hypothesis cj_000: float64, float64 
[ 2023-01-09 21:10:47,508] 89 root - INFO - Hypothesis ck_000: float64, float64 
[ 2023-01-09 21:10:47,515] 89 root - INFO - Hypothesis cl_000: float64, float64 
[ 2023-01-09 21:10:47,519] 89 root - INFO - Hypothesis cm_000: float64, float64 
[ 2023-01-09 21:10:47,524] 89 root - INFO - Hypothesis cn_000: float64, float64 
[ 2023-01-09 21:10:47,540] 89 root - INFO - Hypothesis cn_001: float64, float64 
[ 2023-01-09 21:10:47,557] 89 root - INFO - Hypothesis cn_002: float64, float64 
[ 2023-01-09 21:10:47,562] 89 root - INFO - Hypothesis cn_003: float64, float64 
[ 2023-01-09 21:10:47,571] 89 root - INFO - Hypothesis cn_004: float64, float64 
[ 2023-01-09 21:10:47,578] 89 root - INFO - Hypothesis cn_005: float64, float64 
[ 2023-01-09 21:10:47,585] 89 root - INFO - Hypothesis cn_006: float64, float64 
[ 2023-01-09 21:10:47,592] 89 root - INFO - Hypothesis cn_007: float64, float64 
[ 2023-01-09 21:10:47,598] 89 root - INFO - Hypothesis cn_008: float64, float64 
[ 2023-01-09 21:10:47,605] 89 root - INFO - Hypothesis cn_009: float64, float64 
[ 2023-01-09 21:10:47,610] 89 root - INFO - Hypothesis co_000: float64, float64 
[ 2023-01-09 21:10:47,615] 89 root - INFO - Hypothesis cp_000: float64, float64 
[ 2023-01-09 21:10:47,620] 89 root - INFO - Hypothesis cq_000: float64, float64 
[ 2023-01-09 21:10:47,627] 89 root - INFO - Hypothesis cs_000: float64, float64 
[ 2023-01-09 21:10:47,634] 89 root - INFO - Hypothesis cs_001: float64, float64 
[ 2023-01-09 21:10:47,639] 89 root - INFO - Hypothesis cs_002: float64, float64 
[ 2023-01-09 21:10:47,646] 89 root - INFO - Hypothesis cs_003: float64, float64 
[ 2023-01-09 21:10:47,653] 89 root - INFO - Hypothesis cs_004: float64, float64 
[ 2023-01-09 21:10:47,660] 89 root - INFO - Hypothesis cs_005: float64, float64 
[ 2023-01-09 21:10:47,671] 89 root - INFO - Hypothesis cs_006: float64, float64 
[ 2023-01-09 21:10:47,678] 89 root - INFO - Hypothesis cs_007: float64, float64 
[ 2023-01-09 21:10:47,685] 89 root - INFO - Hypothesis cs_008: float64, float64 
[ 2023-01-09 21:10:47,690] 89 root - INFO - Hypothesis cs_009: float64, float64 
[ 2023-01-09 21:10:47,705] 89 root - INFO - Hypothesis ct_000: float64, float64 
[ 2023-01-09 21:10:47,710] 89 root - INFO - Hypothesis cu_000: float64, float64 
[ 2023-01-09 21:10:47,716] 89 root - INFO - Hypothesis cv_000: float64, float64 
[ 2023-01-09 21:10:47,722] 89 root - INFO - Hypothesis cx_000: float64, float64 
[ 2023-01-09 21:10:47,728] 89 root - INFO - Hypothesis cy_000: float64, float64 
[ 2023-01-09 21:10:47,732] 89 root - INFO - Hypothesis cz_000: float64, float64 
[ 2023-01-09 21:10:47,737] 89 root - INFO - Hypothesis da_000: float64, float64 
[ 2023-01-09 21:10:47,753] 89 root - INFO - Hypothesis db_000: float64, float64 
[ 2023-01-09 21:10:47,757] 89 root - INFO - Hypothesis dc_000: float64, float64 
[ 2023-01-09 21:10:47,763] 89 root - INFO - Hypothesis dd_000: float64, float64 
[ 2023-01-09 21:10:47,769] 89 root - INFO - Hypothesis de_000: float64, float64 
[ 2023-01-09 21:10:47,775] 89 root - INFO - Hypothesis df_000: float64, float64 
[ 2023-01-09 21:10:47,791] 89 root - INFO - Hypothesis dg_000: float64, float64 
[ 2023-01-09 21:10:47,794] 89 root - INFO - Hypothesis dh_000: float64, float64 
[ 2023-01-09 21:10:47,798] 89 root - INFO - Hypothesis di_000: float64, float64 
[ 2023-01-09 21:10:47,802] 89 root - INFO - Hypothesis dj_000: float64, float64 
[ 2023-01-09 21:10:47,817] 89 root - INFO - Hypothesis dk_000: float64, float64 
[ 2023-01-09 21:10:47,832] 89 root - INFO - Hypothesis dl_000: float64, float64 
[ 2023-01-09 21:10:47,848] 89 root - INFO - Hypothesis dm_000: float64, float64 
[ 2023-01-09 21:10:47,863] 89 root - INFO - Hypothesis dn_000: float64, float64 
[ 2023-01-09 21:10:47,870] 89 root - INFO - Hypothesis do_000: float64, float64 
[ 2023-01-09 21:10:47,876] 89 root - INFO - Hypothesis dp_000: float64, float64 
[ 2023-01-09 21:10:47,883] 89 root - INFO - Hypothesis dq_000: float64, float64 
[ 2023-01-09 21:10:47,899] 89 root - INFO - Hypothesis dr_000: float64, float64 
[ 2023-01-09 21:10:47,916] 89 root - INFO - Hypothesis ds_000: float64, float64 
[ 2023-01-09 21:10:47,923] 89 root - INFO - Hypothesis dt_000: float64, float64 
[ 2023-01-09 21:10:47,930] 89 root - INFO - Hypothesis du_000: float64, float64 
[ 2023-01-09 21:10:47,938] 89 root - INFO - Hypothesis dv_000: float64, float64 
[ 2023-01-09 21:10:47,945] 89 root - INFO - Hypothesis dx_000: float64, float64 
[ 2023-01-09 21:10:47,950] 89 root - INFO - Hypothesis dy_000: float64, float64 
[ 2023-01-09 21:10:47,956] 89 root - INFO - Hypothesis dz_000: float64, float64 
[ 2023-01-09 21:10:47,972] 89 root - INFO - Hypothesis ea_000: float64, float64 
[ 2023-01-09 21:10:47,988] 89 root - INFO - Hypothesis eb_000: float64, float64 
[ 2023-01-09 21:10:47,995] 89 root - INFO - Hypothesis ec_00: float64, float64 
[ 2023-01-09 21:10:48,002] 89 root - INFO - Hypothesis ed_000: float64, float64 
[ 2023-01-09 21:10:48,008] 89 root - INFO - Hypothesis ee_000: float64, float64 
[ 2023-01-09 21:10:48,015] 89 root - INFO - Hypothesis ee_001: float64, float64 
[ 2023-01-09 21:10:48,024] 89 root - INFO - Hypothesis ee_002: float64, float64 
[ 2023-01-09 21:10:48,031] 89 root - INFO - Hypothesis ee_003: float64, float64 
[ 2023-01-09 21:10:48,038] 89 root - INFO - Hypothesis ee_004: float64, float64 
[ 2023-01-09 21:10:48,046] 89 root - INFO - Hypothesis ee_005: float64, float64 
[ 2023-01-09 21:10:48,053] 89 root - INFO - Hypothesis ee_006: float64, float64 
[ 2023-01-09 21:10:48,060] 89 root - INFO - Hypothesis ee_007: float64, float64 
[ 2023-01-09 21:10:48,067] 89 root - INFO - Hypothesis ee_008: float64, float64 
[ 2023-01-09 21:10:48,073] 89 root - INFO - Hypothesis ee_009: float64, float64 
[ 2023-01-09 21:10:48,078] 89 root - INFO - Hypothesis ef_000: float64, float64 
[ 2023-01-09 21:10:48,093] 89 root - INFO - Hypothesis eg_000: float64, float64 
[ 2023-01-09 21:10:48,108] 148 root - INFO - Write report in yaml file
[ 2023-01-09 21:10:48,183] 153 root - INFO - Data validation artifact: DataValidationArtifact(report_file_path='/config/workspace/artifact/01092023__211021/data_validation/report.yaml')
