[ 2023-01-09 20:53:21,769] 15 root - INFO - >>>>>>>>>>>>>>>>>>>>>>>>>>>>>>>>>>>>>>>> Data Ingestion <<<<<<<<<<<<<<<<<<<<<<<<<<<<<<<<<<<<<<<<
[ 2023-01-09 20:53:21,769] 22 root - INFO - Exporting collection data as pandas dataframe
[ 2023-01-09 20:53:21,769] 21 root - INFO - Reading data from database: aps and collection : sensor
[ 2023-01-09 20:53:25,231] 23 root - INFO - Found columns : Index(['_id', 'class', 'aa_000', 'ab_000', 'ac_000', 'ad_000', 'ae_000',
       'af_000', 'ag_000', 'ag_001',
       ...
       'ee_002', 'ee_003', 'ee_004', 'ee_005', 'ee_006', 'ee_007', 'ee_008',
       'ee_009', 'ef_000', 'eg_000'],
      dtype='object', length=172)
[ 2023-01-09 20:53:25,232] 25 root - INFO - Droppping column : _id
[ 2023-01-09 20:53:25,432] 27 root - INFO - Rows and Columns in df: (36188, 171)
[ 2023-01-09 20:53:25,432] 28 root - INFO - Save data in feature store
[ 2023-01-09 20:53:25,976] 34 root - INFO - Create feature store folder if not available
[ 2023-01-09 20:53:25,976] 38 root - INFO - Save df to feature store folder
[ 2023-01-09 20:53:28,411] 43 root - INFO - split dataset into train and test set
[ 2023-01-09 20:53:28,973] 47 root - INFO - create dataset directory folder if not available
[ 2023-01-09 20:53:28,973] 52 root - INFO - Save df to feature store folder
[ 2023-01-09 20:53:31,176] 65 root - INFO - Data ingestion artifact: DataIngestionArtifact(feature_store_file_path='/config/workspace/artifact/01092023__205321/data_ingestion/feature_store/sensor.csv', train_file_path='/config/workspace/artifact/01092023__205321/data_ingestion/dataset/train.csv', test_file_path='/config/workspace/artifact/01092023__205321/data_ingestion/dataset/test.csv')
[ 2023-01-09 20:53:31,588] 22 root - INFO - >>>>>>>>>>>>>>>>>>>>>>>>>>>>>>>>>>>>>>>> Data Validation <<<<<<<<<<<<<<<<<<<<<<<<<<<<<<<<<<<<<<<<
[ 2023-01-09 20:53:31,588] 111 root - INFO - Reading base dataframe
[ 2023-01-09 20:53:34,497] 114 root - INFO - Replace na value in base df
[ 2023-01-09 20:53:34,498] 116 root - INFO - Drop null values colums from base df
[ 2023-01-09 20:53:35,410] 45 root - INFO - selecting column name which contains null above to 0.7
[ 2023-01-09 20:53:35,411] 48 root - INFO - Columns to drop: ['ab_000', 'bn_000', 'bo_000', 'bp_000', 'bq_000', 'br_000', 'cr_000']
[ 2023-01-09 20:53:35,499] 119 root - INFO - Reading train dataframe
[ 2023-01-09 20:53:35,911] 121 root - INFO - Reading test dataframe
[ 2023-01-09 20:53:36,012] 124 root - INFO - Drop null values colums from train df
[ 2023-01-09 20:53:36,024] 45 root - INFO - selecting column name which contains null above to 0.7
[ 2023-01-09 20:53:36,025] 48 root - INFO - Columns to drop: ['ab_000', 'bn_000', 'bo_000', 'bp_000', 'bq_000', 'br_000', 'cr_000']
[ 2023-01-09 20:53:36,035] 126 root - INFO - Drop null values colums from test df
[ 2023-01-09 20:53:36,039] 45 root - INFO - selecting column name which contains null above to 0.7
[ 2023-01-09 20:53:36,039] 48 root - INFO - Columns to drop: ['ab_000', 'bn_000', 'bo_000', 'bp_000', 'bq_000', 'br_000', 'cr_000']
