[ 2023-01-12 11:57:18,574] 15 root - INFO - >>>>>>>>>>>>>>>>>>>>>>>>>>>>>>>>>>>>>>>> Data Ingestion <<<<<<<<<<<<<<<<<<<<<<<<<<<<<<<<<<<<<<<<
[ 2023-01-12 11:57:18,575] 22 root - INFO - Exporting collection data as pandas dataframe
[ 2023-01-12 11:57:18,575] 23 root - INFO - Reading data from database: aps and collection : sensor
[ 2023-01-12 11:57:21,936] 25 root - INFO - Found columns : Index(['_id', 'class', 'aa_000', 'ab_000', 'ac_000', 'ad_000', 'ae_000',
       'af_000', 'ag_000', 'ag_001',
       ...
       'ee_002', 'ee_003', 'ee_004', 'ee_005', 'ee_006', 'ee_007', 'ee_008',
       'ee_009', 'ef_000', 'eg_000'],
      dtype='object', length=172)
[ 2023-01-12 11:57:21,936] 27 root - INFO - Droppping column : _id
[ 2023-01-12 11:57:22,133] 29 root - INFO - Rows and Columns in df: (36188, 171)
[ 2023-01-12 11:57:22,134] 28 root - INFO - Save data in feature store
[ 2023-01-12 11:57:22,659] 34 root - INFO - Create feature store folder if not available
[ 2023-01-12 11:57:22,659] 38 root - INFO - Save df to feature store folder
[ 2023-01-12 11:57:25,083] 43 root - INFO - split dataset into train and test set
[ 2023-01-12 11:57:25,641] 47 root - INFO - create dataset directory folder if not available
[ 2023-01-12 11:57:25,641] 52 root - INFO - Save df to feature store folder
[ 2023-01-12 11:57:27,832] 65 root - INFO - Data ingestion artifact: DataIngestionArtifact(feature_store_file_path='/config/workspace/artifact/01122023__115718/data_ingestion/feature_store/sensor.csv', train_file_path='/config/workspace/artifact/01122023__115718/data_ingestion/dataset/train.csv', test_file_path='/config/workspace/artifact/01122023__115718/data_ingestion/dataset/test.csv')
[ 2023-01-12 11:57:28,246] 23 root - INFO - >>>>>>>>>>>>>>>>>>>>>>>>>>>>>>>>>>>>>>>> Data Validation <<<<<<<<<<<<<<<<<<<<<<<<<<<<<<<<<<<<<<<<
[ 2023-01-12 11:57:28,247] 112 root - INFO - Reading base dataframe
[ 2023-01-12 11:57:31,096] 115 root - INFO - Replace na value in base df
[ 2023-01-12 11:57:31,096] 117 root - INFO - Drop null values colums from base df
[ 2023-01-12 11:57:32,018] 46 root - INFO - selecting column name which contains null above to 0.7
[ 2023-01-12 11:57:32,018] 49 root - INFO - Columns to drop: ['ab_000', 'bn_000', 'bo_000', 'bp_000', 'bq_000', 'br_000', 'cr_000']
[ 2023-01-12 11:57:32,107] 120 root - INFO - Reading train dataframe
[ 2023-01-12 11:57:32,503] 122 root - INFO - Reading test dataframe
[ 2023-01-12 11:57:32,604] 125 root - INFO - Drop null values colums from train df
[ 2023-01-12 11:57:32,615] 46 root - INFO - selecting column name which contains null above to 0.7
[ 2023-01-12 11:57:32,616] 49 root - INFO - Columns to drop: ['ab_000', 'bn_000', 'bo_000', 'bp_000', 'bq_000', 'br_000', 'cr_000']
[ 2023-01-12 11:57:32,625] 127 root - INFO - Drop null values colums from test df
[ 2023-01-12 11:57:32,629] 46 root - INFO - selecting column name which contains null above to 0.7
[ 2023-01-12 11:57:32,630] 49 root - INFO - Columns to drop: ['ab_000', 'bn_000', 'bo_000', 'bp_000', 'bq_000', 'br_000', 'cr_000']
[ 2023-01-12 11:57:39,959] 136 root - INFO - Is all required columns present in train df
[ 2023-01-12 11:57:39,960] 138 root - INFO - Is all required columns present in test df
[ 2023-01-12 11:57:39,960] 142 root - INFO - As all column are available in train df hence detecting data drift
[ 2023-01-12 11:57:39,960] 90 root - INFO - Hypothesis class: object, object 
[ 2023-01-12 11:57:40,091] 90 root - INFO - Hypothesis aa_000: float64, float64 
[ 2023-01-12 11:57:40,101] 90 root - INFO - Hypothesis ac_000: float64, float64 
[ 2023-01-12 11:57:40,109] 90 root - INFO - Hypothesis ad_000: float64, float64 
[ 2023-01-12 11:57:40,116] 90 root - INFO - Hypothesis ae_000: float64, float64 
[ 2023-01-12 11:57:40,153] 90 root - INFO - Hypothesis af_000: float64, float64 
[ 2023-01-12 11:57:40,189] 90 root - INFO - Hypothesis ag_000: float64, float64 
[ 2023-01-12 11:57:40,224] 90 root - INFO - Hypothesis ag_001: float64, float64 
[ 2023-01-12 11:57:40,260] 90 root - INFO - Hypothesis ag_002: float64, float64 
[ 2023-01-12 11:57:40,296] 90 root - INFO - Hypothesis ag_003: float64, float64 
[ 2023-01-12 11:57:40,334] 90 root - INFO - Hypothesis ag_004: float64, float64 
[ 2023-01-12 11:57:40,344] 90 root - INFO - Hypothesis ag_005: float64, float64 
[ 2023-01-12 11:57:40,387] 90 root - INFO - Hypothesis ag_006: float64, float64 
[ 2023-01-12 11:57:40,430] 90 root - INFO - Hypothesis ag_007: float64, float64 
[ 2023-01-12 11:57:40,470] 90 root - INFO - Hypothesis ag_008: float64, float64 
[ 2023-01-12 11:57:40,510] 90 root - INFO - Hypothesis ag_009: float64, float64 
[ 2023-01-12 11:57:40,549] 90 root - INFO - Hypothesis ah_000: float64, float64 
[ 2023-01-12 11:57:40,591] 90 root - INFO - Hypothesis ai_000: float64, float64 
[ 2023-01-12 11:57:40,627] 90 root - INFO - Hypothesis aj_000: float64, float64 
[ 2023-01-12 11:57:40,664] 90 root - INFO - Hypothesis ak_000: float64, float64 
[ 2023-01-12 11:57:40,702] 90 root - INFO - Hypothesis al_000: float64, float64 
[ 2023-01-12 11:57:40,710] 90 root - INFO - Hypothesis am_0: float64, float64 
[ 2023-01-12 11:57:40,750] 90 root - INFO - Hypothesis an_000: float64, float64 
[ 2023-01-12 11:57:40,798] 90 root - INFO - Hypothesis ao_000: float64, float64 
[ 2023-01-12 11:57:40,846] 90 root - INFO - Hypothesis ap_000: float64, float64 
[ 2023-01-12 11:57:40,888] 90 root - INFO - Hypothesis aq_000: float64, float64 
[ 2023-01-12 11:57:40,929] 90 root - INFO - Hypothesis ar_000: float64, float64 
[ 2023-01-12 11:57:40,965] 90 root - INFO - Hypothesis as_000: float64, float64 
[ 2023-01-12 11:57:40,969] 90 root - INFO - Hypothesis at_000: float64, float64 
[ 2023-01-12 11:57:41,006] 90 root - INFO - Hypothesis au_000: float64, float64 
[ 2023-01-12 11:57:41,041] 90 root - INFO - Hypothesis av_000: float64, float64 
[ 2023-01-12 11:57:41,081] 90 root - INFO - Hypothesis ax_000: float64, float64 
[ 2023-01-12 11:57:41,120] 90 root - INFO - Hypothesis ay_000: float64, float64 
[ 2023-01-12 11:57:41,155] 90 root - INFO - Hypothesis ay_001: float64, float64 
[ 2023-01-12 11:57:41,191] 90 root - INFO - Hypothesis ay_002: float64, float64 
[ 2023-01-12 11:57:41,225] 90 root - INFO - Hypothesis ay_003: float64, float64 
[ 2023-01-12 11:57:41,261] 90 root - INFO - Hypothesis ay_004: float64, float64 
[ 2023-01-12 11:57:41,296] 90 root - INFO - Hypothesis ay_005: float64, float64 
[ 2023-01-12 11:57:41,304] 90 root - INFO - Hypothesis ay_006: float64, float64 
[ 2023-01-12 11:57:41,345] 90 root - INFO - Hypothesis ay_007: float64, float64 
[ 2023-01-12 11:57:41,386] 90 root - INFO - Hypothesis ay_008: float64, float64 
[ 2023-01-12 11:57:41,427] 90 root - INFO - Hypothesis ay_009: float64, float64 
[ 2023-01-12 11:57:41,462] 90 root - INFO - Hypothesis az_000: float64, float64 
[ 2023-01-12 11:57:41,503] 90 root - INFO - Hypothesis az_001: float64, float64 
[ 2023-01-12 11:57:41,543] 90 root - INFO - Hypothesis az_002: float64, float64 
[ 2023-01-12 11:57:41,584] 90 root - INFO - Hypothesis az_003: float64, float64 
[ 2023-01-12 11:57:41,594] 90 root - INFO - Hypothesis az_004: float64, float64 
[ 2023-01-12 11:57:41,604] 90 root - INFO - Hypothesis az_005: float64, float64 
[ 2023-01-12 11:57:41,645] 90 root - INFO - Hypothesis az_006: float64, float64 
[ 2023-01-12 11:57:41,686] 90 root - INFO - Hypothesis az_007: float64, float64 
[ 2023-01-12 11:57:41,723] 90 root - INFO - Hypothesis az_008: float64, float64 
[ 2023-01-12 11:57:41,764] 90 root - INFO - Hypothesis az_009: float64, float64 
[ 2023-01-12 11:57:41,807] 90 root - INFO - Hypothesis ba_000: float64, float64 
[ 2023-01-12 11:57:41,852] 90 root - INFO - Hypothesis ba_001: float64, float64 
[ 2023-01-12 11:57:41,894] 90 root - INFO - Hypothesis ba_002: float64, float64 
[ 2023-01-12 11:57:41,936] 90 root - INFO - Hypothesis ba_003: float64, float64 
[ 2023-01-12 11:57:41,977] 90 root - INFO - Hypothesis ba_004: float64, float64 
[ 2023-01-12 11:57:42,018] 90 root - INFO - Hypothesis ba_005: float64, float64 
[ 2023-01-12 11:57:42,029] 90 root - INFO - Hypothesis ba_006: float64, float64 
[ 2023-01-12 11:57:42,039] 90 root - INFO - Hypothesis ba_007: float64, float64 
[ 2023-01-12 11:57:42,080] 90 root - INFO - Hypothesis ba_008: float64, float64 
[ 2023-01-12 11:57:42,119] 90 root - INFO - Hypothesis ba_009: float64, float64 
[ 2023-01-12 11:57:42,126] 90 root - INFO - Hypothesis bb_000: float64, float64 
[ 2023-01-12 11:57:42,168] 90 root - INFO - Hypothesis bc_000: float64, float64 
[ 2023-01-12 11:57:42,175] 90 root - INFO - Hypothesis bd_000: float64, float64 
[ 2023-01-12 11:57:42,184] 90 root - INFO - Hypothesis be_000: float64, float64 
[ 2023-01-12 11:57:42,192] 90 root - INFO - Hypothesis bf_000: float64, float64 
[ 2023-01-12 11:57:42,199] 90 root - INFO - Hypothesis bg_000: float64, float64 
[ 2023-01-12 11:57:42,241] 90 root - INFO - Hypothesis bh_000: float64, float64 
[ 2023-01-12 11:57:42,283] 90 root - INFO - Hypothesis bi_000: float64, float64 
[ 2023-01-12 11:57:42,324] 90 root - INFO - Hypothesis bj_000: float64, float64 
[ 2023-01-12 11:57:42,366] 90 root - INFO - Hypothesis bk_000: float64, float64 
[ 2023-01-12 11:57:42,407] 90 root - INFO - Hypothesis bl_000: float64, float64 
[ 2023-01-12 11:57:42,415] 90 root - INFO - Hypothesis bm_000: float64, float64 
[ 2023-01-12 11:57:42,421] 90 root - INFO - Hypothesis bs_000: float64, float64 
[ 2023-01-12 11:57:42,463] 90 root - INFO - Hypothesis bt_000: float64, float64 
[ 2023-01-12 11:57:42,474] 90 root - INFO - Hypothesis bu_000: float64, float64 
[ 2023-01-12 11:57:42,516] 90 root - INFO - Hypothesis bv_000: float64, float64 
[ 2023-01-12 11:57:42,557] 90 root - INFO - Hypothesis bx_000: float64, float64 
[ 2023-01-12 11:57:42,568] 90 root - INFO - Hypothesis by_000: float64, float64 
[ 2023-01-12 11:57:42,609] 90 root - INFO - Hypothesis bz_000: float64, float64 
[ 2023-01-12 11:57:42,618] 90 root - INFO - Hypothesis ca_000: float64, float64 
[ 2023-01-12 11:57:42,629] 90 root - INFO - Hypothesis cb_000: float64, float64 
[ 2023-01-12 11:57:42,671] 90 root - INFO - Hypothesis cc_000: float64, float64 
[ 2023-01-12 11:57:42,683] 90 root - INFO - Hypothesis cd_000: float64, float64 
[ 2023-01-12 11:57:42,718] 90 root - INFO - Hypothesis ce_000: float64, float64 
[ 2023-01-12 11:57:42,728] 90 root - INFO - Hypothesis cf_000: float64, float64 
[ 2023-01-12 11:57:42,733] 90 root - INFO - Hypothesis cg_000: float64, float64 
[ 2023-01-12 11:57:42,740] 90 root - INFO - Hypothesis ch_000: float64, float64 
[ 2023-01-12 11:57:42,746] 90 root - INFO - Hypothesis ci_000: float64, float64 
[ 2023-01-12 11:57:42,787] 90 root - INFO - Hypothesis cj_000: float64, float64 
[ 2023-01-12 11:57:42,825] 90 root - INFO - Hypothesis ck_000: float64, float64 
[ 2023-01-12 11:57:42,836] 90 root - INFO - Hypothesis cl_000: float64, float64 
[ 2023-01-12 11:57:42,842] 90 root - INFO - Hypothesis cm_000: float64, float64 
[ 2023-01-12 11:57:42,849] 90 root - INFO - Hypothesis cn_000: float64, float64 
[ 2023-01-12 11:57:42,885] 90 root - INFO - Hypothesis cn_001: float64, float64 
[ 2023-01-12 11:57:42,921] 90 root - INFO - Hypothesis cn_002: float64, float64 
[ 2023-01-12 11:57:42,930] 90 root - INFO - Hypothesis cn_003: float64, float64 
[ 2023-01-12 11:57:42,972] 90 root - INFO - Hypothesis cn_004: float64, float64 
[ 2023-01-12 11:57:43,014] 90 root - INFO - Hypothesis cn_005: float64, float64 
[ 2023-01-12 11:57:43,025] 90 root - INFO - Hypothesis cn_006: float64, float64 
[ 2023-01-12 11:57:43,066] 90 root - INFO - Hypothesis cn_007: float64, float64 
[ 2023-01-12 11:57:43,107] 90 root - INFO - Hypothesis cn_008: float64, float64 
[ 2023-01-12 11:57:43,148] 90 root - INFO - Hypothesis cn_009: float64, float64 
[ 2023-01-12 11:57:43,187] 90 root - INFO - Hypothesis co_000: float64, float64 
[ 2023-01-12 11:57:43,194] 90 root - INFO - Hypothesis cp_000: float64, float64 
[ 2023-01-12 11:57:43,201] 90 root - INFO - Hypothesis cq_000: float64, float64 
[ 2023-01-12 11:57:43,243] 90 root - INFO - Hypothesis cs_000: float64, float64 
[ 2023-01-12 11:57:43,284] 90 root - INFO - Hypothesis cs_001: float64, float64 
[ 2023-01-12 11:57:43,325] 90 root - INFO - Hypothesis cs_002: float64, float64 
[ 2023-01-12 11:57:43,365] 90 root - INFO - Hypothesis cs_003: float64, float64 
[ 2023-01-12 11:57:43,376] 90 root - INFO - Hypothesis cs_004: float64, float64 
[ 2023-01-12 11:57:43,418] 90 root - INFO - Hypothesis cs_005: float64, float64 
[ 2023-01-12 11:57:43,460] 90 root - INFO - Hypothesis cs_006: float64, float64 
[ 2023-01-12 11:57:43,503] 90 root - INFO - Hypothesis cs_007: float64, float64 
[ 2023-01-12 11:57:43,545] 90 root - INFO - Hypothesis cs_008: float64, float64 
[ 2023-01-12 11:57:43,552] 90 root - INFO - Hypothesis cs_009: float64, float64 
[ 2023-01-12 11:57:43,592] 90 root - INFO - Hypothesis ct_000: float64, float64 
[ 2023-01-12 11:57:43,600] 90 root - INFO - Hypothesis cu_000: float64, float64 
[ 2023-01-12 11:57:43,608] 90 root - INFO - Hypothesis cv_000: float64, float64 
[ 2023-01-12 11:57:43,617] 90 root - INFO - Hypothesis cx_000: float64, float64 
[ 2023-01-12 11:57:43,626] 90 root - INFO - Hypothesis cy_000: float64, float64 
[ 2023-01-12 11:57:43,632] 90 root - INFO - Hypothesis cz_000: float64, float64 
[ 2023-01-12 11:57:43,640] 90 root - INFO - Hypothesis da_000: float64, float64 
[ 2023-01-12 11:57:43,645] 90 root - INFO - Hypothesis db_000: float64, float64 
[ 2023-01-12 11:57:43,651] 90 root - INFO - Hypothesis dc_000: float64, float64 
[ 2023-01-12 11:57:43,660] 90 root - INFO - Hypothesis dd_000: float64, float64 
[ 2023-01-12 11:57:43,701] 90 root - INFO - Hypothesis de_000: float64, float64 
[ 2023-01-12 11:57:43,742] 90 root - INFO - Hypothesis df_000: float64, float64 
[ 2023-01-12 11:57:43,778] 90 root - INFO - Hypothesis dg_000: float64, float64 
[ 2023-01-12 11:57:43,783] 90 root - INFO - Hypothesis dh_000: float64, float64 
[ 2023-01-12 11:57:43,820] 90 root - INFO - Hypothesis di_000: float64, float64 
[ 2023-01-12 11:57:43,858] 90 root - INFO - Hypothesis dj_000: float64, float64 
[ 2023-01-12 11:57:43,899] 90 root - INFO - Hypothesis dk_000: float64, float64 
[ 2023-01-12 11:57:43,935] 90 root - INFO - Hypothesis dl_000: float64, float64 
[ 2023-01-12 11:57:43,972] 90 root - INFO - Hypothesis dm_000: float64, float64 
[ 2023-01-12 11:57:44,010] 90 root - INFO - Hypothesis dn_000: float64, float64 
[ 2023-01-12 11:57:44,051] 90 root - INFO - Hypothesis do_000: float64, float64 
[ 2023-01-12 11:57:44,061] 90 root - INFO - Hypothesis dp_000: float64, float64 
[ 2023-01-12 11:57:44,102] 90 root - INFO - Hypothesis dq_000: float64, float64 
[ 2023-01-12 11:57:44,139] 90 root - INFO - Hypothesis dr_000: float64, float64 
[ 2023-01-12 11:57:44,177] 90 root - INFO - Hypothesis ds_000: float64, float64 
[ 2023-01-12 11:57:44,187] 90 root - INFO - Hypothesis dt_000: float64, float64 
[ 2023-01-12 11:57:44,197] 90 root - INFO - Hypothesis du_000: float64, float64 
[ 2023-01-12 11:57:44,207] 90 root - INFO - Hypothesis dv_000: float64, float64 
[ 2023-01-12 11:57:44,217] 90 root - INFO - Hypothesis dx_000: float64, float64 
[ 2023-01-12 11:57:44,224] 90 root - INFO - Hypothesis dy_000: float64, float64 
[ 2023-01-12 11:57:44,263] 90 root - INFO - Hypothesis dz_000: float64, float64 
[ 2023-01-12 11:57:44,299] 90 root - INFO - Hypothesis ea_000: float64, float64 
[ 2023-01-12 11:57:44,335] 90 root - INFO - Hypothesis eb_000: float64, float64 
[ 2023-01-12 11:57:44,343] 90 root - INFO - Hypothesis ec_00: float64, float64 
[ 2023-01-12 11:57:44,353] 90 root - INFO - Hypothesis ed_000: float64, float64 
[ 2023-01-12 11:57:44,362] 90 root - INFO - Hypothesis ee_000: float64, float64 
[ 2023-01-12 11:57:44,373] 90 root - INFO - Hypothesis ee_001: float64, float64 
[ 2023-01-12 11:57:44,415] 90 root - INFO - Hypothesis ee_002: float64, float64 
[ 2023-01-12 11:57:44,425] 90 root - INFO - Hypothesis ee_003: float64, float64 
[ 2023-01-12 11:57:44,468] 90 root - INFO - Hypothesis ee_004: float64, float64 
[ 2023-01-12 11:57:44,478] 90 root - INFO - Hypothesis ee_005: float64, float64 
[ 2023-01-12 11:57:44,489] 90 root - INFO - Hypothesis ee_006: float64, float64 
[ 2023-01-12 11:57:44,530] 90 root - INFO - Hypothesis ee_007: float64, float64 
[ 2023-01-12 11:57:44,539] 90 root - INFO - Hypothesis ee_008: float64, float64 
[ 2023-01-12 11:57:44,549] 90 root - INFO - Hypothesis ee_009: float64, float64 
[ 2023-01-12 11:57:44,587] 90 root - INFO - Hypothesis ef_000: float64, float64 
[ 2023-01-12 11:57:44,623] 90 root - INFO - Hypothesis eg_000: float64, float64 
[ 2023-01-12 11:57:44,658] 145 root - INFO - As all column are available in test df hence detecting data drift
[ 2023-01-12 11:57:44,658] 90 root - INFO - Hypothesis class: object, object 
[ 2023-01-12 11:57:44,731] 90 root - INFO - Hypothesis aa_000: float64, float64 
[ 2023-01-12 11:57:44,738] 90 root - INFO - Hypothesis ac_000: float64, float64 
[ 2023-01-12 11:57:44,744] 90 root - INFO - Hypothesis ad_000: float64, float64 
[ 2023-01-12 11:57:44,749] 90 root - INFO - Hypothesis ae_000: float64, float64 
[ 2023-01-12 11:57:44,753] 90 root - INFO - Hypothesis af_000: float64, float64 
[ 2023-01-12 11:57:44,756] 90 root - INFO - Hypothesis ag_000: float64, float64 
[ 2023-01-12 11:57:44,771] 90 root - INFO - Hypothesis ag_001: float64, float64 
[ 2023-01-12 11:57:44,785] 90 root - INFO - Hypothesis ag_002: float64, float64 
[ 2023-01-12 11:57:44,801] 90 root - INFO - Hypothesis ag_003: float64, float64 
[ 2023-01-12 11:57:44,806] 90 root - INFO - Hypothesis ag_004: float64, float64 
[ 2023-01-12 11:57:44,813] 90 root - INFO - Hypothesis ag_005: float64, float64 
[ 2023-01-12 11:57:44,819] 90 root - INFO - Hypothesis ag_006: float64, float64 
[ 2023-01-12 11:57:44,827] 90 root - INFO - Hypothesis ag_007: float64, float64 
[ 2023-01-12 11:57:44,834] 90 root - INFO - Hypothesis ag_008: float64, float64 
[ 2023-01-12 11:57:44,840] 90 root - INFO - Hypothesis ag_009: float64, float64 
[ 2023-01-12 11:57:44,844] 90 root - INFO - Hypothesis ah_000: float64, float64 
[ 2023-01-12 11:57:44,851] 90 root - INFO - Hypothesis ai_000: float64, float64 
[ 2023-01-12 11:57:44,867] 90 root - INFO - Hypothesis aj_000: float64, float64 
[ 2023-01-12 11:57:44,871] 90 root - INFO - Hypothesis ak_000: float64, float64 
[ 2023-01-12 11:57:44,874] 90 root - INFO - Hypothesis al_000: float64, float64 
[ 2023-01-12 11:57:44,879] 90 root - INFO - Hypothesis am_0: float64, float64 
[ 2023-01-12 11:57:44,883] 90 root - INFO - Hypothesis an_000: float64, float64 
[ 2023-01-12 11:57:44,890] 90 root - INFO - Hypothesis ao_000: float64, float64 
[ 2023-01-12 11:57:44,897] 90 root - INFO - Hypothesis ap_000: float64, float64 
[ 2023-01-12 11:57:44,904] 90 root - INFO - Hypothesis aq_000: float64, float64 
[ 2023-01-12 11:57:44,911] 90 root - INFO - Hypothesis ar_000: float64, float64 
[ 2023-01-12 11:57:44,914] 90 root - INFO - Hypothesis as_000: float64, float64 
[ 2023-01-12 11:57:44,929] 90 root - INFO - Hypothesis at_000: float64, float64 
[ 2023-01-12 11:57:44,944] 90 root - INFO - Hypothesis au_000: float64, float64 
[ 2023-01-12 11:57:44,959] 90 root - INFO - Hypothesis av_000: float64, float64 
[ 2023-01-12 11:57:44,965] 90 root - INFO - Hypothesis ax_000: float64, float64 
[ 2023-01-12 11:57:44,970] 90 root - INFO - Hypothesis ay_000: float64, float64 
[ 2023-01-12 11:57:44,984] 90 root - INFO - Hypothesis ay_001: float64, float64 
[ 2023-01-12 11:57:44,999] 90 root - INFO - Hypothesis ay_002: float64, float64 
[ 2023-01-12 11:57:45,014] 90 root - INFO - Hypothesis ay_003: float64, float64 
[ 2023-01-12 11:57:45,029] 90 root - INFO - Hypothesis ay_004: float64, float64 
[ 2023-01-12 11:57:45,044] 90 root - INFO - Hypothesis ay_005: float64, float64 
[ 2023-01-12 11:57:45,050] 90 root - INFO - Hypothesis ay_006: float64, float64 
[ 2023-01-12 11:57:45,056] 90 root - INFO - Hypothesis ay_007: float64, float64 
[ 2023-01-12 11:57:45,063] 90 root - INFO - Hypothesis ay_008: float64, float64 
[ 2023-01-12 11:57:45,070] 90 root - INFO - Hypothesis ay_009: float64, float64 
[ 2023-01-12 11:57:45,084] 90 root - INFO - Hypothesis az_000: float64, float64 
[ 2023-01-12 11:57:45,091] 90 root - INFO - Hypothesis az_001: float64, float64 
[ 2023-01-12 11:57:45,097] 90 root - INFO - Hypothesis az_002: float64, float64 
[ 2023-01-12 11:57:45,104] 90 root - INFO - Hypothesis az_003: float64, float64 
[ 2023-01-12 11:57:45,110] 90 root - INFO - Hypothesis az_004: float64, float64 
[ 2023-01-12 11:57:45,117] 90 root - INFO - Hypothesis az_005: float64, float64 
[ 2023-01-12 11:57:45,124] 90 root - INFO - Hypothesis az_006: float64, float64 
[ 2023-01-12 11:57:45,130] 90 root - INFO - Hypothesis az_007: float64, float64 
[ 2023-01-12 11:57:45,134] 90 root - INFO - Hypothesis az_008: float64, float64 
[ 2023-01-12 11:57:45,150] 90 root - INFO - Hypothesis az_009: float64, float64 
[ 2023-01-12 11:57:45,165] 90 root - INFO - Hypothesis ba_000: float64, float64 
[ 2023-01-12 11:57:45,172] 90 root - INFO - Hypothesis ba_001: float64, float64 
[ 2023-01-12 11:57:45,179] 90 root - INFO - Hypothesis ba_002: float64, float64 
[ 2023-01-12 11:57:45,186] 90 root - INFO - Hypothesis ba_003: float64, float64 
[ 2023-01-12 11:57:45,193] 90 root - INFO - Hypothesis ba_004: float64, float64 
[ 2023-01-12 11:57:45,199] 90 root - INFO - Hypothesis ba_005: float64, float64 
[ 2023-01-12 11:57:45,206] 90 root - INFO - Hypothesis ba_006: float64, float64 
[ 2023-01-12 11:57:45,213] 90 root - INFO - Hypothesis ba_007: float64, float64 
[ 2023-01-12 11:57:45,219] 90 root - INFO - Hypothesis ba_008: float64, float64 
[ 2023-01-12 11:57:45,225] 90 root - INFO - Hypothesis ba_009: float64, float64 
[ 2023-01-12 11:57:45,229] 90 root - INFO - Hypothesis bb_000: float64, float64 
[ 2023-01-12 11:57:45,236] 90 root - INFO - Hypothesis bc_000: float64, float64 
[ 2023-01-12 11:57:45,241] 90 root - INFO - Hypothesis bd_000: float64, float64 
[ 2023-01-12 11:57:45,247] 90 root - INFO - Hypothesis be_000: float64, float64 
[ 2023-01-12 11:57:45,253] 90 root - INFO - Hypothesis bf_000: float64, float64 
[ 2023-01-12 11:57:45,257] 90 root - INFO - Hypothesis bg_000: float64, float64 
[ 2023-01-12 11:57:45,264] 90 root - INFO - Hypothesis bh_000: float64, float64 
[ 2023-01-12 11:57:45,271] 90 root - INFO - Hypothesis bi_000: float64, float64 
[ 2023-01-12 11:57:45,278] 90 root - INFO - Hypothesis bj_000: float64, float64 
[ 2023-01-12 11:57:45,285] 90 root - INFO - Hypothesis bk_000: float64, float64 
[ 2023-01-12 11:57:45,291] 90 root - INFO - Hypothesis bl_000: float64, float64 
[ 2023-01-12 11:57:45,296] 90 root - INFO - Hypothesis bm_000: float64, float64 
[ 2023-01-12 11:57:45,300] 90 root - INFO - Hypothesis bs_000: float64, float64 
[ 2023-01-12 11:57:45,307] 90 root - INFO - Hypothesis bt_000: float64, float64 
[ 2023-01-12 11:57:45,314] 90 root - INFO - Hypothesis bu_000: float64, float64 
[ 2023-01-12 11:57:45,321] 90 root - INFO - Hypothesis bv_000: float64, float64 
[ 2023-01-12 11:57:45,328] 90 root - INFO - Hypothesis bx_000: float64, float64 
[ 2023-01-12 11:57:45,335] 90 root - INFO - Hypothesis by_000: float64, float64 
[ 2023-01-12 11:57:45,341] 90 root - INFO - Hypothesis bz_000: float64, float64 
[ 2023-01-12 11:57:45,347] 90 root - INFO - Hypothesis ca_000: float64, float64 
[ 2023-01-12 11:57:45,354] 90 root - INFO - Hypothesis cb_000: float64, float64 
[ 2023-01-12 11:57:45,361] 90 root - INFO - Hypothesis cc_000: float64, float64 
[ 2023-01-12 11:57:45,368] 90 root - INFO - Hypothesis cd_000: float64, float64 
[ 2023-01-12 11:57:45,383] 90 root - INFO - Hypothesis ce_000: float64, float64 
[ 2023-01-12 11:57:45,389] 90 root - INFO - Hypothesis cf_000: float64, float64 
[ 2023-01-12 11:57:45,393] 90 root - INFO - Hypothesis cg_000: float64, float64 
[ 2023-01-12 11:57:45,398] 90 root - INFO - Hypothesis ch_000: float64, float64 
[ 2023-01-12 11:57:45,402] 90 root - INFO - Hypothesis ci_000: float64, float64 
[ 2023-01-12 11:57:45,409] 90 root - INFO - Hypothesis cj_000: float64, float64 
[ 2023-01-12 11:57:45,425] 90 root - INFO - Hypothesis ck_000: float64, float64 
[ 2023-01-12 11:57:45,432] 90 root - INFO - Hypothesis cl_000: float64, float64 
[ 2023-01-12 11:57:45,436] 90 root - INFO - Hypothesis cm_000: float64, float64 
[ 2023-01-12 11:57:45,440] 90 root - INFO - Hypothesis cn_000: float64, float64 
[ 2023-01-12 11:57:45,455] 90 root - INFO - Hypothesis cn_001: float64, float64 
[ 2023-01-12 11:57:45,472] 90 root - INFO - Hypothesis cn_002: float64, float64 
[ 2023-01-12 11:57:45,477] 90 root - INFO - Hypothesis cn_003: float64, float64 
[ 2023-01-12 11:57:45,484] 90 root - INFO - Hypothesis cn_004: float64, float64 
[ 2023-01-12 11:57:45,491] 90 root - INFO - Hypothesis cn_005: float64, float64 
[ 2023-01-12 11:57:45,498] 90 root - INFO - Hypothesis cn_006: float64, float64 
[ 2023-01-12 11:57:45,505] 90 root - INFO - Hypothesis cn_007: float64, float64 
[ 2023-01-12 11:57:45,511] 90 root - INFO - Hypothesis cn_008: float64, float64 
[ 2023-01-12 11:57:45,517] 90 root - INFO - Hypothesis cn_009: float64, float64 
[ 2023-01-12 11:57:45,522] 90 root - INFO - Hypothesis co_000: float64, float64 
[ 2023-01-12 11:57:45,527] 90 root - INFO - Hypothesis cp_000: float64, float64 
[ 2023-01-12 11:57:45,532] 90 root - INFO - Hypothesis cq_000: float64, float64 
[ 2023-01-12 11:57:45,539] 90 root - INFO - Hypothesis cs_000: float64, float64 
[ 2023-01-12 11:57:45,546] 90 root - INFO - Hypothesis cs_001: float64, float64 
[ 2023-01-12 11:57:45,552] 90 root - INFO - Hypothesis cs_002: float64, float64 
[ 2023-01-12 11:57:45,558] 90 root - INFO - Hypothesis cs_003: float64, float64 
[ 2023-01-12 11:57:45,565] 90 root - INFO - Hypothesis cs_004: float64, float64 
[ 2023-01-12 11:57:45,572] 90 root - INFO - Hypothesis cs_005: float64, float64 
[ 2023-01-12 11:57:45,579] 90 root - INFO - Hypothesis cs_006: float64, float64 
[ 2023-01-12 11:57:45,586] 90 root - INFO - Hypothesis cs_007: float64, float64 
[ 2023-01-12 11:57:45,593] 90 root - INFO - Hypothesis cs_008: float64, float64 
[ 2023-01-12 11:57:45,598] 90 root - INFO - Hypothesis cs_009: float64, float64 
[ 2023-01-12 11:57:45,613] 90 root - INFO - Hypothesis ct_000: float64, float64 
[ 2023-01-12 11:57:45,618] 90 root - INFO - Hypothesis cu_000: float64, float64 
[ 2023-01-12 11:57:45,624] 90 root - INFO - Hypothesis cv_000: float64, float64 
[ 2023-01-12 11:57:45,630] 90 root - INFO - Hypothesis cx_000: float64, float64 
[ 2023-01-12 11:57:45,636] 90 root - INFO - Hypothesis cy_000: float64, float64 
[ 2023-01-12 11:57:45,639] 90 root - INFO - Hypothesis cz_000: float64, float64 
[ 2023-01-12 11:57:45,645] 90 root - INFO - Hypothesis da_000: float64, float64 
[ 2023-01-12 11:57:45,648] 90 root - INFO - Hypothesis db_000: float64, float64 
[ 2023-01-12 11:57:45,653] 90 root - INFO - Hypothesis dc_000: float64, float64 
[ 2023-01-12 11:57:45,659] 90 root - INFO - Hypothesis dd_000: float64, float64 
[ 2023-01-12 11:57:45,665] 90 root - INFO - Hypothesis de_000: float64, float64 
[ 2023-01-12 11:57:45,670] 90 root - INFO - Hypothesis df_000: float64, float64 
[ 2023-01-12 11:57:45,674] 90 root - INFO - Hypothesis dg_000: float64, float64 
[ 2023-01-12 11:57:45,677] 90 root - INFO - Hypothesis dh_000: float64, float64 
[ 2023-01-12 11:57:45,680] 90 root - INFO - Hypothesis di_000: float64, float64 
[ 2023-01-12 11:57:45,684] 90 root - INFO - Hypothesis dj_000: float64, float64 
[ 2023-01-12 11:57:45,687] 90 root - INFO - Hypothesis dk_000: float64, float64 
[ 2023-01-12 11:57:45,691] 90 root - INFO - Hypothesis dl_000: float64, float64 
[ 2023-01-12 11:57:45,694] 90 root - INFO - Hypothesis dm_000: float64, float64 
[ 2023-01-12 11:57:45,697] 90 root - INFO - Hypothesis dn_000: float64, float64 
[ 2023-01-12 11:57:45,704] 90 root - INFO - Hypothesis do_000: float64, float64 
[ 2023-01-12 11:57:45,710] 90 root - INFO - Hypothesis dp_000: float64, float64 
[ 2023-01-12 11:57:45,716] 90 root - INFO - Hypothesis dq_000: float64, float64 
[ 2023-01-12 11:57:45,720] 90 root - INFO - Hypothesis dr_000: float64, float64 
[ 2023-01-12 11:57:45,724] 90 root - INFO - Hypothesis ds_000: float64, float64 
[ 2023-01-12 11:57:45,731] 90 root - INFO - Hypothesis dt_000: float64, float64 
[ 2023-01-12 11:57:45,738] 90 root - INFO - Hypothesis du_000: float64, float64 
[ 2023-01-12 11:57:45,744] 90 root - INFO - Hypothesis dv_000: float64, float64 
[ 2023-01-12 11:57:45,751] 90 root - INFO - Hypothesis dx_000: float64, float64 
[ 2023-01-12 11:57:45,756] 90 root - INFO - Hypothesis dy_000: float64, float64 
[ 2023-01-12 11:57:45,760] 90 root - INFO - Hypothesis dz_000: float64, float64 
[ 2023-01-12 11:57:45,775] 90 root - INFO - Hypothesis ea_000: float64, float64 
[ 2023-01-12 11:57:45,790] 90 root - INFO - Hypothesis eb_000: float64, float64 
[ 2023-01-12 11:57:45,796] 90 root - INFO - Hypothesis ec_00: float64, float64 
[ 2023-01-12 11:57:45,803] 90 root - INFO - Hypothesis ed_000: float64, float64 
[ 2023-01-12 11:57:45,811] 90 root - INFO - Hypothesis ee_000: float64, float64 
[ 2023-01-12 11:57:45,818] 90 root - INFO - Hypothesis ee_001: float64, float64 
[ 2023-01-12 11:57:45,825] 90 root - INFO - Hypothesis ee_002: float64, float64 
[ 2023-01-12 11:57:45,832] 90 root - INFO - Hypothesis ee_003: float64, float64 
[ 2023-01-12 11:57:45,838] 90 root - INFO - Hypothesis ee_004: float64, float64 
[ 2023-01-12 11:57:45,845] 90 root - INFO - Hypothesis ee_005: float64, float64 
[ 2023-01-12 11:57:45,852] 90 root - INFO - Hypothesis ee_006: float64, float64 
[ 2023-01-12 11:57:45,859] 90 root - INFO - Hypothesis ee_007: float64, float64 
[ 2023-01-12 11:57:45,865] 90 root - INFO - Hypothesis ee_008: float64, float64 
[ 2023-01-12 11:57:45,871] 90 root - INFO - Hypothesis ee_009: float64, float64 
[ 2023-01-12 11:57:45,876] 90 root - INFO - Hypothesis ef_000: float64, float64 
[ 2023-01-12 11:57:45,891] 90 root - INFO - Hypothesis eg_000: float64, float64 
[ 2023-01-12 11:57:45,906] 149 root - INFO - Write report in yaml file
[ 2023-01-12 11:57:46,044] 154 root - INFO - Data validation artifact: DataValidationArtifact(report_file_path='/config/workspace/artifact/01122023__115718/data_validation/report.yaml')
