[ 2023-01-12 12:10:23,899] 15 root - INFO - >>>>>>>>>>>>>>>>>>>>>>>>>>>>>>>>>>>>>>>> Data Ingestion <<<<<<<<<<<<<<<<<<<<<<<<<<<<<<<<<<<<<<<<
[ 2023-01-12 12:10:23,899] 22 root - INFO - Exporting collection data as pandas dataframe
[ 2023-01-12 12:10:23,899] 23 root - INFO - Reading data from database: aps and collection : sensor
[ 2023-01-12 12:10:27,261] 25 root - INFO - Found columns : Index(['_id', 'class', 'aa_000', 'ab_000', 'ac_000', 'ad_000', 'ae_000',
       'af_000', 'ag_000', 'ag_001',
       ...
       'ee_002', 'ee_003', 'ee_004', 'ee_005', 'ee_006', 'ee_007', 'ee_008',
       'ee_009', 'ef_000', 'eg_000'],
      dtype='object', length=172)
[ 2023-01-12 12:10:27,262] 27 root - INFO - Droppping column : _id
[ 2023-01-12 12:10:27,485] 29 root - INFO - Rows and Columns in df: (36188, 171)
[ 2023-01-12 12:10:27,486] 28 root - INFO - Save data in feature store
[ 2023-01-12 12:10:28,101] 34 root - INFO - Create feature store folder if not available
[ 2023-01-12 12:10:28,102] 38 root - INFO - Save df to feature store folder
[ 2023-01-12 12:10:30,636] 43 root - INFO - split dataset into train and test set
[ 2023-01-12 12:10:31,298] 47 root - INFO - create dataset directory folder if not available
[ 2023-01-12 12:10:31,298] 52 root - INFO - Save df to feature store folder
[ 2023-01-12 12:10:33,608] 65 root - INFO - Data ingestion artifact: DataIngestionArtifact(feature_store_file_path='/config/workspace/artifact/01122023__121023/data_ingestion/feature_store/sensor.csv', train_file_path='/config/workspace/artifact/01122023__121023/data_ingestion/dataset/train.csv', test_file_path='/config/workspace/artifact/01122023__121023/data_ingestion/dataset/test.csv')
[ 2023-01-12 12:10:34,070] 23 root - INFO - >>>>>>>>>>>>>>>>>>>>>>>>>>>>>>>>>>>>>>>> Data Validation <<<<<<<<<<<<<<<<<<<<<<<<<<<<<<<<<<<<<<<<
[ 2023-01-12 12:10:34,070] 112 root - INFO - Reading base dataframe
[ 2023-01-12 12:10:37,045] 115 root - INFO - Replace na value in base df
[ 2023-01-12 12:10:37,046] 117 root - INFO - Drop null values colums from base df
[ 2023-01-12 12:10:37,969] 46 root - INFO - selecting column name which contains null above to 0.7
[ 2023-01-12 12:10:37,969] 49 root - INFO - Columns to drop: ['ab_000', 'bn_000', 'bo_000', 'bp_000', 'bq_000', 'br_000', 'cr_000']
[ 2023-01-12 12:10:38,085] 120 root - INFO - Reading train dataframe
[ 2023-01-12 12:10:38,482] 122 root - INFO - Reading test dataframe
[ 2023-01-12 12:10:38,589] 125 root - INFO - Drop null values colums from train df
[ 2023-01-12 12:10:38,601] 46 root - INFO - selecting column name which contains null above to 0.7
[ 2023-01-12 12:10:38,602] 49 root - INFO - Columns to drop: ['ab_000', 'bn_000', 'bo_000', 'bp_000', 'bq_000', 'br_000', 'cr_000']
[ 2023-01-12 12:10:38,612] 127 root - INFO - Drop null values colums from test df
[ 2023-01-12 12:10:38,616] 46 root - INFO - selecting column name which contains null above to 0.7
[ 2023-01-12 12:10:38,616] 49 root - INFO - Columns to drop: ['ab_000', 'bn_000', 'bo_000', 'bp_000', 'bq_000', 'br_000', 'cr_000']
[ 2023-01-12 12:10:46,044] 136 root - INFO - Is all required columns present in train df
[ 2023-01-12 12:10:46,045] 138 root - INFO - Is all required columns present in test df
[ 2023-01-12 12:10:46,045] 142 root - INFO - As all column are available in train df hence detecting data drift
[ 2023-01-12 12:10:46,045] 90 root - INFO - Hypothesis class: object, object 
[ 2023-01-12 12:10:46,179] 90 root - INFO - Hypothesis aa_000: float64, float64 
[ 2023-01-12 12:10:46,190] 90 root - INFO - Hypothesis ac_000: float64, float64 
[ 2023-01-12 12:10:46,198] 90 root - INFO - Hypothesis ad_000: float64, float64 
[ 2023-01-12 12:10:46,205] 90 root - INFO - Hypothesis ae_000: float64, float64 
[ 2023-01-12 12:10:46,241] 90 root - INFO - Hypothesis af_000: float64, float64 
[ 2023-01-12 12:10:46,277] 90 root - INFO - Hypothesis ag_000: float64, float64 
[ 2023-01-12 12:10:46,312] 90 root - INFO - Hypothesis ag_001: float64, float64 
[ 2023-01-12 12:10:46,348] 90 root - INFO - Hypothesis ag_002: float64, float64 
[ 2023-01-12 12:10:46,385] 90 root - INFO - Hypothesis ag_003: float64, float64 
[ 2023-01-12 12:10:46,423] 90 root - INFO - Hypothesis ag_004: float64, float64 
[ 2023-01-12 12:10:46,464] 90 root - INFO - Hypothesis ag_005: float64, float64 
[ 2023-01-12 12:10:46,475] 90 root - INFO - Hypothesis ag_006: float64, float64 
[ 2023-01-12 12:10:46,485] 90 root - INFO - Hypothesis ag_007: float64, float64 
[ 2023-01-12 12:10:46,495] 90 root - INFO - Hypothesis ag_008: float64, float64 
[ 2023-01-12 12:10:46,539] 90 root - INFO - Hypothesis ag_009: float64, float64 
[ 2023-01-12 12:10:46,578] 90 root - INFO - Hypothesis ah_000: float64, float64 
[ 2023-01-12 12:10:46,589] 90 root - INFO - Hypothesis ai_000: float64, float64 
[ 2023-01-12 12:10:46,626] 90 root - INFO - Hypothesis aj_000: float64, float64 
[ 2023-01-12 12:10:46,663] 90 root - INFO - Hypothesis ak_000: float64, float64 
[ 2023-01-12 12:10:46,699] 90 root - INFO - Hypothesis al_000: float64, float64 
[ 2023-01-12 12:10:46,738] 90 root - INFO - Hypothesis am_0: float64, float64 
[ 2023-01-12 12:10:46,777] 90 root - INFO - Hypothesis an_000: float64, float64 
[ 2023-01-12 12:10:46,787] 90 root - INFO - Hypothesis ao_000: float64, float64 
[ 2023-01-12 12:10:46,798] 90 root - INFO - Hypothesis ap_000: float64, float64 
[ 2023-01-12 12:10:46,809] 90 root - INFO - Hypothesis aq_000: float64, float64 
[ 2023-01-12 12:10:46,819] 90 root - INFO - Hypothesis ar_000: float64, float64 
[ 2023-01-12 12:10:46,856] 90 root - INFO - Hypothesis as_000: float64, float64 
[ 2023-01-12 12:10:46,892] 90 root - INFO - Hypothesis at_000: float64, float64 
[ 2023-01-12 12:10:46,928] 90 root - INFO - Hypothesis au_000: float64, float64 
[ 2023-01-12 12:10:46,965] 90 root - INFO - Hypothesis av_000: float64, float64 
[ 2023-01-12 12:10:46,974] 90 root - INFO - Hypothesis ax_000: float64, float64 
[ 2023-01-12 12:10:46,983] 90 root - INFO - Hypothesis ay_000: float64, float64 
[ 2023-01-12 12:10:47,019] 90 root - INFO - Hypothesis ay_001: float64, float64 
[ 2023-01-12 12:10:47,055] 90 root - INFO - Hypothesis ay_002: float64, float64 
[ 2023-01-12 12:10:47,091] 90 root - INFO - Hypothesis ay_003: float64, float64 
[ 2023-01-12 12:10:47,127] 90 root - INFO - Hypothesis ay_004: float64, float64 
[ 2023-01-12 12:10:47,163] 90 root - INFO - Hypothesis ay_005: float64, float64 
[ 2023-01-12 12:10:47,204] 90 root - INFO - Hypothesis ay_006: float64, float64 
[ 2023-01-12 12:10:47,213] 90 root - INFO - Hypothesis ay_007: float64, float64 
[ 2023-01-12 12:10:47,223] 90 root - INFO - Hypothesis ay_008: float64, float64 
[ 2023-01-12 12:10:47,233] 90 root - INFO - Hypothesis ay_009: float64, float64 
[ 2023-01-12 12:10:47,268] 90 root - INFO - Hypothesis az_000: float64, float64 
[ 2023-01-12 12:10:47,278] 90 root - INFO - Hypothesis az_001: float64, float64 
[ 2023-01-12 12:10:47,287] 90 root - INFO - Hypothesis az_002: float64, float64 
[ 2023-01-12 12:10:47,297] 90 root - INFO - Hypothesis az_003: float64, float64 
[ 2023-01-12 12:10:47,307] 90 root - INFO - Hypothesis az_004: float64, float64 
[ 2023-01-12 12:10:47,317] 90 root - INFO - Hypothesis az_005: float64, float64 
[ 2023-01-12 12:10:47,328] 90 root - INFO - Hypothesis az_006: float64, float64 
[ 2023-01-12 12:10:47,337] 90 root - INFO - Hypothesis az_007: float64, float64 
[ 2023-01-12 12:10:47,375] 90 root - INFO - Hypothesis az_008: float64, float64 
[ 2023-01-12 12:10:47,380] 90 root - INFO - Hypothesis az_009: float64, float64 
[ 2023-01-12 12:10:47,415] 90 root - INFO - Hypothesis ba_000: float64, float64 
[ 2023-01-12 12:10:47,426] 90 root - INFO - Hypothesis ba_001: float64, float64 
[ 2023-01-12 12:10:47,436] 90 root - INFO - Hypothesis ba_002: float64, float64 
[ 2023-01-12 12:10:47,447] 90 root - INFO - Hypothesis ba_003: float64, float64 
[ 2023-01-12 12:10:47,457] 90 root - INFO - Hypothesis ba_004: float64, float64 
[ 2023-01-12 12:10:47,467] 90 root - INFO - Hypothesis ba_005: float64, float64 
[ 2023-01-12 12:10:47,477] 90 root - INFO - Hypothesis ba_006: float64, float64 
[ 2023-01-12 12:10:47,487] 90 root - INFO - Hypothesis ba_007: float64, float64 
[ 2023-01-12 12:10:47,496] 90 root - INFO - Hypothesis ba_008: float64, float64 
[ 2023-01-12 12:10:47,504] 90 root - INFO - Hypothesis ba_009: float64, float64 
[ 2023-01-12 12:10:47,511] 90 root - INFO - Hypothesis bb_000: float64, float64 
[ 2023-01-12 12:10:47,522] 90 root - INFO - Hypothesis bc_000: float64, float64 
[ 2023-01-12 12:10:47,561] 90 root - INFO - Hypothesis bd_000: float64, float64 
[ 2023-01-12 12:10:47,570] 90 root - INFO - Hypothesis be_000: float64, float64 
[ 2023-01-12 12:10:47,578] 90 root - INFO - Hypothesis bf_000: float64, float64 
[ 2023-01-12 12:10:47,585] 90 root - INFO - Hypothesis bg_000: float64, float64 
[ 2023-01-12 12:10:47,596] 90 root - INFO - Hypothesis bh_000: float64, float64 
[ 2023-01-12 12:10:47,606] 90 root - INFO - Hypothesis bi_000: float64, float64 
[ 2023-01-12 12:10:47,616] 90 root - INFO - Hypothesis bj_000: float64, float64 
[ 2023-01-12 12:10:47,627] 90 root - INFO - Hypothesis bk_000: float64, float64 
[ 2023-01-12 12:10:47,636] 90 root - INFO - Hypothesis bl_000: float64, float64 
[ 2023-01-12 12:10:47,643] 90 root - INFO - Hypothesis bm_000: float64, float64 
[ 2023-01-12 12:10:47,681] 90 root - INFO - Hypothesis bs_000: float64, float64 
[ 2023-01-12 12:10:47,692] 90 root - INFO - Hypothesis bt_000: float64, float64 
[ 2023-01-12 12:10:47,702] 90 root - INFO - Hypothesis bu_000: float64, float64 
[ 2023-01-12 12:10:47,713] 90 root - INFO - Hypothesis bv_000: float64, float64 
[ 2023-01-12 12:10:47,724] 90 root - INFO - Hypothesis bx_000: float64, float64 
[ 2023-01-12 12:10:47,736] 90 root - INFO - Hypothesis by_000: float64, float64 
[ 2023-01-12 12:10:47,746] 90 root - INFO - Hypothesis bz_000: float64, float64 
[ 2023-01-12 12:10:47,756] 90 root - INFO - Hypothesis ca_000: float64, float64 
[ 2023-01-12 12:10:47,766] 90 root - INFO - Hypothesis cb_000: float64, float64 
[ 2023-01-12 12:10:47,777] 90 root - INFO - Hypothesis cc_000: float64, float64 
[ 2023-01-12 12:10:47,787] 90 root - INFO - Hypothesis cd_000: float64, float64 
[ 2023-01-12 12:10:47,826] 90 root - INFO - Hypothesis ce_000: float64, float64 
[ 2023-01-12 12:10:47,835] 90 root - INFO - Hypothesis cf_000: float64, float64 
[ 2023-01-12 12:10:47,841] 90 root - INFO - Hypothesis cg_000: float64, float64 
[ 2023-01-12 12:10:47,848] 90 root - INFO - Hypothesis ch_000: float64, float64 
[ 2023-01-12 12:10:47,886] 90 root - INFO - Hypothesis ci_000: float64, float64 
[ 2023-01-12 12:10:47,896] 90 root - INFO - Hypothesis cj_000: float64, float64 
[ 2023-01-12 12:10:47,934] 90 root - INFO - Hypothesis ck_000: float64, float64 
[ 2023-01-12 12:10:47,945] 90 root - INFO - Hypothesis cl_000: float64, float64 
[ 2023-01-12 12:10:47,982] 90 root - INFO - Hypothesis cm_000: float64, float64 
[ 2023-01-12 12:10:47,989] 90 root - INFO - Hypothesis cn_000: float64, float64 
[ 2023-01-12 12:10:48,026] 90 root - INFO - Hypothesis cn_001: float64, float64 
[ 2023-01-12 12:10:48,032] 90 root - INFO - Hypothesis cn_002: float64, float64 
[ 2023-01-12 12:10:48,072] 90 root - INFO - Hypothesis cn_003: float64, float64 
[ 2023-01-12 12:10:48,114] 90 root - INFO - Hypothesis cn_004: float64, float64 
[ 2023-01-12 12:10:48,125] 90 root - INFO - Hypothesis cn_005: float64, float64 
[ 2023-01-12 12:10:48,135] 90 root - INFO - Hypothesis cn_006: float64, float64 
[ 2023-01-12 12:10:48,145] 90 root - INFO - Hypothesis cn_007: float64, float64 
[ 2023-01-12 12:10:48,155] 90 root - INFO - Hypothesis cn_008: float64, float64 
[ 2023-01-12 12:10:48,164] 90 root - INFO - Hypothesis cn_009: float64, float64 
[ 2023-01-12 12:10:48,172] 90 root - INFO - Hypothesis co_000: float64, float64 
[ 2023-01-12 12:10:48,211] 90 root - INFO - Hypothesis cp_000: float64, float64 
[ 2023-01-12 12:10:48,251] 90 root - INFO - Hypothesis cq_000: float64, float64 
[ 2023-01-12 12:10:48,263] 90 root - INFO - Hypothesis cs_000: float64, float64 
[ 2023-01-12 12:10:48,273] 90 root - INFO - Hypothesis cs_001: float64, float64 
[ 2023-01-12 12:10:48,282] 90 root - INFO - Hypothesis cs_002: float64, float64 
[ 2023-01-12 12:10:48,292] 90 root - INFO - Hypothesis cs_003: float64, float64 
[ 2023-01-12 12:10:48,303] 90 root - INFO - Hypothesis cs_004: float64, float64 
[ 2023-01-12 12:10:48,313] 90 root - INFO - Hypothesis cs_005: float64, float64 
[ 2023-01-12 12:10:48,324] 90 root - INFO - Hypothesis cs_006: float64, float64 
[ 2023-01-12 12:10:48,334] 90 root - INFO - Hypothesis cs_007: float64, float64 
[ 2023-01-12 12:10:48,345] 90 root - INFO - Hypothesis cs_008: float64, float64 
[ 2023-01-12 12:10:48,352] 90 root - INFO - Hypothesis cs_009: float64, float64 
[ 2023-01-12 12:10:48,389] 90 root - INFO - Hypothesis ct_000: float64, float64 
[ 2023-01-12 12:10:48,428] 90 root - INFO - Hypothesis cu_000: float64, float64 
[ 2023-01-12 12:10:48,437] 90 root - INFO - Hypothesis cv_000: float64, float64 
[ 2023-01-12 12:10:48,478] 90 root - INFO - Hypothesis cx_000: float64, float64 
[ 2023-01-12 12:10:48,487] 90 root - INFO - Hypothesis cy_000: float64, float64 
[ 2023-01-12 12:10:48,526] 90 root - INFO - Hypothesis cz_000: float64, float64 
[ 2023-01-12 12:10:48,566] 90 root - INFO - Hypothesis da_000: float64, float64 
[ 2023-01-12 12:10:48,603] 90 root - INFO - Hypothesis db_000: float64, float64 
[ 2023-01-12 12:10:48,641] 90 root - INFO - Hypothesis dc_000: float64, float64 
[ 2023-01-12 12:10:48,651] 90 root - INFO - Hypothesis dd_000: float64, float64 
[ 2023-01-12 12:10:48,660] 90 root - INFO - Hypothesis de_000: float64, float64 
[ 2023-01-12 12:10:48,668] 90 root - INFO - Hypothesis df_000: float64, float64 
[ 2023-01-12 12:10:48,705] 90 root - INFO - Hypothesis dg_000: float64, float64 
[ 2023-01-12 12:10:48,741] 90 root - INFO - Hypothesis dh_000: float64, float64 
[ 2023-01-12 12:10:48,779] 90 root - INFO - Hypothesis di_000: float64, float64 
[ 2023-01-12 12:10:48,817] 90 root - INFO - Hypothesis dj_000: float64, float64 
[ 2023-01-12 12:10:48,854] 90 root - INFO - Hypothesis dk_000: float64, float64 
[ 2023-01-12 12:10:48,890] 90 root - INFO - Hypothesis dl_000: float64, float64 
[ 2023-01-12 12:10:48,927] 90 root - INFO - Hypothesis dm_000: float64, float64 
[ 2023-01-12 12:10:48,964] 90 root - INFO - Hypothesis dn_000: float64, float64 
[ 2023-01-12 12:10:48,974] 90 root - INFO - Hypothesis do_000: float64, float64 
[ 2023-01-12 12:10:48,984] 90 root - INFO - Hypothesis dp_000: float64, float64 
[ 2023-01-12 12:10:48,993] 90 root - INFO - Hypothesis dq_000: float64, float64 
[ 2023-01-12 12:10:49,031] 90 root - INFO - Hypothesis dr_000: float64, float64 
[ 2023-01-12 12:10:49,069] 90 root - INFO - Hypothesis ds_000: float64, float64 
[ 2023-01-12 12:10:49,080] 90 root - INFO - Hypothesis dt_000: float64, float64 
[ 2023-01-12 12:10:49,091] 90 root - INFO - Hypothesis du_000: float64, float64 
[ 2023-01-12 12:10:49,102] 90 root - INFO - Hypothesis dv_000: float64, float64 
[ 2023-01-12 12:10:49,113] 90 root - INFO - Hypothesis dx_000: float64, float64 
[ 2023-01-12 12:10:49,152] 90 root - INFO - Hypothesis dy_000: float64, float64 
[ 2023-01-12 12:10:49,189] 90 root - INFO - Hypothesis dz_000: float64, float64 
[ 2023-01-12 12:10:49,230] 90 root - INFO - Hypothesis ea_000: float64, float64 
[ 2023-01-12 12:10:49,266] 90 root - INFO - Hypothesis eb_000: float64, float64 
[ 2023-01-12 12:10:49,275] 90 root - INFO - Hypothesis ec_00: float64, float64 
[ 2023-01-12 12:10:49,285] 90 root - INFO - Hypothesis ed_000: float64, float64 
[ 2023-01-12 12:10:49,294] 90 root - INFO - Hypothesis ee_000: float64, float64 
[ 2023-01-12 12:10:49,304] 90 root - INFO - Hypothesis ee_001: float64, float64 
[ 2023-01-12 12:10:49,315] 90 root - INFO - Hypothesis ee_002: float64, float64 
[ 2023-01-12 12:10:49,326] 90 root - INFO - Hypothesis ee_003: float64, float64 
[ 2023-01-12 12:10:49,336] 90 root - INFO - Hypothesis ee_004: float64, float64 
[ 2023-01-12 12:10:49,346] 90 root - INFO - Hypothesis ee_005: float64, float64 
[ 2023-01-12 12:10:49,356] 90 root - INFO - Hypothesis ee_006: float64, float64 
[ 2023-01-12 12:10:49,366] 90 root - INFO - Hypothesis ee_007: float64, float64 
[ 2023-01-12 12:10:49,376] 90 root - INFO - Hypothesis ee_008: float64, float64 
[ 2023-01-12 12:10:49,385] 90 root - INFO - Hypothesis ee_009: float64, float64 
[ 2023-01-12 12:10:49,425] 90 root - INFO - Hypothesis ef_000: float64, float64 
[ 2023-01-12 12:10:49,462] 90 root - INFO - Hypothesis eg_000: float64, float64 
[ 2023-01-12 12:10:49,498] 145 root - INFO - As all column are available in test df hence detecting data drift
[ 2023-01-12 12:10:49,498] 90 root - INFO - Hypothesis class: object, object 
[ 2023-01-12 12:10:49,572] 90 root - INFO - Hypothesis aa_000: float64, float64 
[ 2023-01-12 12:10:49,579] 90 root - INFO - Hypothesis ac_000: float64, float64 
[ 2023-01-12 12:10:49,584] 90 root - INFO - Hypothesis ad_000: float64, float64 
[ 2023-01-12 12:10:49,589] 90 root - INFO - Hypothesis ae_000: float64, float64 
[ 2023-01-12 12:10:49,605] 90 root - INFO - Hypothesis af_000: float64, float64 
[ 2023-01-12 12:10:49,620] 90 root - INFO - Hypothesis ag_000: float64, float64 
[ 2023-01-12 12:10:49,635] 90 root - INFO - Hypothesis ag_001: float64, float64 
[ 2023-01-12 12:10:49,650] 90 root - INFO - Hypothesis ag_002: float64, float64 
[ 2023-01-12 12:10:49,653] 90 root - INFO - Hypothesis ag_003: float64, float64 
[ 2023-01-12 12:10:49,657] 90 root - INFO - Hypothesis ag_004: float64, float64 
[ 2023-01-12 12:10:49,664] 90 root - INFO - Hypothesis ag_005: float64, float64 
[ 2023-01-12 12:10:49,671] 90 root - INFO - Hypothesis ag_006: float64, float64 
[ 2023-01-12 12:10:49,678] 90 root - INFO - Hypothesis ag_007: float64, float64 
[ 2023-01-12 12:10:49,684] 90 root - INFO - Hypothesis ag_008: float64, float64 
[ 2023-01-12 12:10:49,690] 90 root - INFO - Hypothesis ag_009: float64, float64 
[ 2023-01-12 12:10:49,694] 90 root - INFO - Hypothesis ah_000: float64, float64 
[ 2023-01-12 12:10:49,702] 90 root - INFO - Hypothesis ai_000: float64, float64 
[ 2023-01-12 12:10:49,705] 90 root - INFO - Hypothesis aj_000: float64, float64 
[ 2023-01-12 12:10:49,710] 90 root - INFO - Hypothesis ak_000: float64, float64 
[ 2023-01-12 12:10:49,725] 90 root - INFO - Hypothesis al_000: float64, float64 
[ 2023-01-12 12:10:49,730] 90 root - INFO - Hypothesis am_0: float64, float64 
[ 2023-01-12 12:10:49,735] 90 root - INFO - Hypothesis an_000: float64, float64 
[ 2023-01-12 12:10:49,742] 90 root - INFO - Hypothesis ao_000: float64, float64 
[ 2023-01-12 12:10:49,749] 90 root - INFO - Hypothesis ap_000: float64, float64 
[ 2023-01-12 12:10:49,756] 90 root - INFO - Hypothesis aq_000: float64, float64 
[ 2023-01-12 12:10:49,763] 90 root - INFO - Hypothesis ar_000: float64, float64 
[ 2023-01-12 12:10:49,767] 90 root - INFO - Hypothesis as_000: float64, float64 
[ 2023-01-12 12:10:49,782] 90 root - INFO - Hypothesis at_000: float64, float64 
[ 2023-01-12 12:10:49,785] 90 root - INFO - Hypothesis au_000: float64, float64 
[ 2023-01-12 12:10:49,800] 90 root - INFO - Hypothesis av_000: float64, float64 
[ 2023-01-12 12:10:49,806] 90 root - INFO - Hypothesis ax_000: float64, float64 
[ 2023-01-12 12:10:49,812] 90 root - INFO - Hypothesis ay_000: float64, float64 
[ 2023-01-12 12:10:49,828] 90 root - INFO - Hypothesis ay_001: float64, float64 
[ 2023-01-12 12:10:49,845] 90 root - INFO - Hypothesis ay_002: float64, float64 
[ 2023-01-12 12:10:49,864] 90 root - INFO - Hypothesis ay_003: float64, float64 
[ 2023-01-12 12:10:49,883] 90 root - INFO - Hypothesis ay_004: float64, float64 
[ 2023-01-12 12:10:49,887] 90 root - INFO - Hypothesis ay_005: float64, float64 
[ 2023-01-12 12:10:49,893] 90 root - INFO - Hypothesis ay_006: float64, float64 
[ 2023-01-12 12:10:49,899] 90 root - INFO - Hypothesis ay_007: float64, float64 
[ 2023-01-12 12:10:49,906] 90 root - INFO - Hypothesis ay_008: float64, float64 
[ 2023-01-12 12:10:49,913] 90 root - INFO - Hypothesis ay_009: float64, float64 
[ 2023-01-12 12:10:49,928] 90 root - INFO - Hypothesis az_000: float64, float64 
[ 2023-01-12 12:10:49,935] 90 root - INFO - Hypothesis az_001: float64, float64 
[ 2023-01-12 12:10:49,942] 90 root - INFO - Hypothesis az_002: float64, float64 
[ 2023-01-12 12:10:49,948] 90 root - INFO - Hypothesis az_003: float64, float64 
[ 2023-01-12 12:10:49,955] 90 root - INFO - Hypothesis az_004: float64, float64 
[ 2023-01-12 12:10:49,962] 90 root - INFO - Hypothesis az_005: float64, float64 
[ 2023-01-12 12:10:49,970] 90 root - INFO - Hypothesis az_006: float64, float64 
[ 2023-01-12 12:10:49,976] 90 root - INFO - Hypothesis az_007: float64, float64 
[ 2023-01-12 12:10:49,980] 90 root - INFO - Hypothesis az_008: float64, float64 
[ 2023-01-12 12:10:49,984] 90 root - INFO - Hypothesis az_009: float64, float64 
[ 2023-01-12 12:10:49,999] 90 root - INFO - Hypothesis ba_000: float64, float64 
[ 2023-01-12 12:10:50,006] 90 root - INFO - Hypothesis ba_001: float64, float64 
[ 2023-01-12 12:10:50,014] 90 root - INFO - Hypothesis ba_002: float64, float64 
[ 2023-01-12 12:10:50,021] 90 root - INFO - Hypothesis ba_003: float64, float64 
[ 2023-01-12 12:10:50,028] 90 root - INFO - Hypothesis ba_004: float64, float64 
[ 2023-01-12 12:10:50,035] 90 root - INFO - Hypothesis ba_005: float64, float64 
[ 2023-01-12 12:10:50,042] 90 root - INFO - Hypothesis ba_006: float64, float64 
[ 2023-01-12 12:10:50,049] 90 root - INFO - Hypothesis ba_007: float64, float64 
[ 2023-01-12 12:10:50,055] 90 root - INFO - Hypothesis ba_008: float64, float64 
[ 2023-01-12 12:10:50,061] 90 root - INFO - Hypothesis ba_009: float64, float64 
[ 2023-01-12 12:10:50,065] 90 root - INFO - Hypothesis bb_000: float64, float64 
[ 2023-01-12 12:10:50,072] 90 root - INFO - Hypothesis bc_000: float64, float64 
[ 2023-01-12 12:10:50,077] 90 root - INFO - Hypothesis bd_000: float64, float64 
[ 2023-01-12 12:10:50,083] 90 root - INFO - Hypothesis be_000: float64, float64 
[ 2023-01-12 12:10:50,089] 90 root - INFO - Hypothesis bf_000: float64, float64 
[ 2023-01-12 12:10:50,094] 90 root - INFO - Hypothesis bg_000: float64, float64 
[ 2023-01-12 12:10:50,101] 90 root - INFO - Hypothesis bh_000: float64, float64 
[ 2023-01-12 12:10:50,107] 90 root - INFO - Hypothesis bi_000: float64, float64 
[ 2023-01-12 12:10:50,115] 90 root - INFO - Hypothesis bj_000: float64, float64 
[ 2023-01-12 12:10:50,122] 90 root - INFO - Hypothesis bk_000: float64, float64 
[ 2023-01-12 12:10:50,128] 90 root - INFO - Hypothesis bl_000: float64, float64 
[ 2023-01-12 12:10:50,134] 90 root - INFO - Hypothesis bm_000: float64, float64 
[ 2023-01-12 12:10:50,138] 90 root - INFO - Hypothesis bs_000: float64, float64 
[ 2023-01-12 12:10:50,146] 90 root - INFO - Hypothesis bt_000: float64, float64 
[ 2023-01-12 12:10:50,153] 90 root - INFO - Hypothesis bu_000: float64, float64 
[ 2023-01-12 12:10:50,161] 90 root - INFO - Hypothesis bv_000: float64, float64 
[ 2023-01-12 12:10:50,169] 90 root - INFO - Hypothesis bx_000: float64, float64 
[ 2023-01-12 12:10:50,176] 90 root - INFO - Hypothesis by_000: float64, float64 
[ 2023-01-12 12:10:50,183] 90 root - INFO - Hypothesis bz_000: float64, float64 
[ 2023-01-12 12:10:50,190] 90 root - INFO - Hypothesis ca_000: float64, float64 
[ 2023-01-12 12:10:50,197] 90 root - INFO - Hypothesis cb_000: float64, float64 
[ 2023-01-12 12:10:50,204] 90 root - INFO - Hypothesis cc_000: float64, float64 
[ 2023-01-12 12:10:50,211] 90 root - INFO - Hypothesis cd_000: float64, float64 
[ 2023-01-12 12:10:50,227] 90 root - INFO - Hypothesis ce_000: float64, float64 
[ 2023-01-12 12:10:50,233] 90 root - INFO - Hypothesis cf_000: float64, float64 
[ 2023-01-12 12:10:50,237] 90 root - INFO - Hypothesis cg_000: float64, float64 
[ 2023-01-12 12:10:50,242] 90 root - INFO - Hypothesis ch_000: float64, float64 
[ 2023-01-12 12:10:50,245] 90 root - INFO - Hypothesis ci_000: float64, float64 
[ 2023-01-12 12:10:50,252] 90 root - INFO - Hypothesis cj_000: float64, float64 
[ 2023-01-12 12:10:50,257] 90 root - INFO - Hypothesis ck_000: float64, float64 
[ 2023-01-12 12:10:50,264] 90 root - INFO - Hypothesis cl_000: float64, float64 
[ 2023-01-12 12:10:50,280] 90 root - INFO - Hypothesis cm_000: float64, float64 
[ 2023-01-12 12:10:50,285] 90 root - INFO - Hypothesis cn_000: float64, float64 
[ 2023-01-12 12:10:50,300] 90 root - INFO - Hypothesis cn_001: float64, float64 
[ 2023-01-12 12:10:50,304] 90 root - INFO - Hypothesis cn_002: float64, float64 
[ 2023-01-12 12:10:50,309] 90 root - INFO - Hypothesis cn_003: float64, float64 
[ 2023-01-12 12:10:50,316] 90 root - INFO - Hypothesis cn_004: float64, float64 
[ 2023-01-12 12:10:50,323] 90 root - INFO - Hypothesis cn_005: float64, float64 
[ 2023-01-12 12:10:50,330] 90 root - INFO - Hypothesis cn_006: float64, float64 
[ 2023-01-12 12:10:50,337] 90 root - INFO - Hypothesis cn_007: float64, float64 
[ 2023-01-12 12:10:50,343] 90 root - INFO - Hypothesis cn_008: float64, float64 
[ 2023-01-12 12:10:50,349] 90 root - INFO - Hypothesis cn_009: float64, float64 
[ 2023-01-12 12:10:50,354] 90 root - INFO - Hypothesis co_000: float64, float64 
[ 2023-01-12 12:10:50,359] 90 root - INFO - Hypothesis cp_000: float64, float64 
[ 2023-01-12 12:10:50,364] 90 root - INFO - Hypothesis cq_000: float64, float64 
[ 2023-01-12 12:10:50,371] 90 root - INFO - Hypothesis cs_000: float64, float64 
[ 2023-01-12 12:10:50,378] 90 root - INFO - Hypothesis cs_001: float64, float64 
[ 2023-01-12 12:10:50,384] 90 root - INFO - Hypothesis cs_002: float64, float64 
[ 2023-01-12 12:10:50,391] 90 root - INFO - Hypothesis cs_003: float64, float64 
[ 2023-01-12 12:10:50,398] 90 root - INFO - Hypothesis cs_004: float64, float64 
[ 2023-01-12 12:10:50,405] 90 root - INFO - Hypothesis cs_005: float64, float64 
[ 2023-01-12 12:10:50,412] 90 root - INFO - Hypothesis cs_006: float64, float64 
[ 2023-01-12 12:10:50,419] 90 root - INFO - Hypothesis cs_007: float64, float64 
[ 2023-01-12 12:10:50,426] 90 root - INFO - Hypothesis cs_008: float64, float64 
[ 2023-01-12 12:10:50,431] 90 root - INFO - Hypothesis cs_009: float64, float64 
[ 2023-01-12 12:10:50,446] 90 root - INFO - Hypothesis ct_000: float64, float64 
[ 2023-01-12 12:10:50,452] 90 root - INFO - Hypothesis cu_000: float64, float64 
[ 2023-01-12 12:10:50,458] 90 root - INFO - Hypothesis cv_000: float64, float64 
[ 2023-01-12 12:10:50,464] 90 root - INFO - Hypothesis cx_000: float64, float64 
[ 2023-01-12 12:10:50,470] 90 root - INFO - Hypothesis cy_000: float64, float64 
[ 2023-01-12 12:10:50,474] 90 root - INFO - Hypothesis cz_000: float64, float64 
[ 2023-01-12 12:10:50,479] 90 root - INFO - Hypothesis da_000: float64, float64 
[ 2023-01-12 12:10:50,483] 90 root - INFO - Hypothesis db_000: float64, float64 
[ 2023-01-12 12:10:50,487] 90 root - INFO - Hypothesis dc_000: float64, float64 
[ 2023-01-12 12:10:50,493] 90 root - INFO - Hypothesis dd_000: float64, float64 
[ 2023-01-12 12:10:50,499] 90 root - INFO - Hypothesis de_000: float64, float64 
[ 2023-01-12 12:10:50,505] 90 root - INFO - Hypothesis df_000: float64, float64 
[ 2023-01-12 12:10:50,520] 90 root - INFO - Hypothesis dg_000: float64, float64 
[ 2023-01-12 12:10:50,535] 90 root - INFO - Hypothesis dh_000: float64, float64 
[ 2023-01-12 12:10:50,539] 90 root - INFO - Hypothesis di_000: float64, float64 
[ 2023-01-12 12:10:50,543] 90 root - INFO - Hypothesis dj_000: float64, float64 
[ 2023-01-12 12:10:50,558] 90 root - INFO - Hypothesis dk_000: float64, float64 
[ 2023-01-12 12:10:50,574] 90 root - INFO - Hypothesis dl_000: float64, float64 
[ 2023-01-12 12:10:50,589] 90 root - INFO - Hypothesis dm_000: float64, float64 
[ 2023-01-12 12:10:50,604] 90 root - INFO - Hypothesis dn_000: float64, float64 
[ 2023-01-12 12:10:50,611] 90 root - INFO - Hypothesis do_000: float64, float64 
[ 2023-01-12 12:10:50,617] 90 root - INFO - Hypothesis dp_000: float64, float64 
[ 2023-01-12 12:10:50,623] 90 root - INFO - Hypothesis dq_000: float64, float64 
[ 2023-01-12 12:10:50,628] 90 root - INFO - Hypothesis dr_000: float64, float64 
[ 2023-01-12 12:10:50,632] 90 root - INFO - Hypothesis ds_000: float64, float64 
[ 2023-01-12 12:10:50,639] 90 root - INFO - Hypothesis dt_000: float64, float64 
[ 2023-01-12 12:10:50,645] 90 root - INFO - Hypothesis du_000: float64, float64 
[ 2023-01-12 12:10:50,652] 90 root - INFO - Hypothesis dv_000: float64, float64 
[ 2023-01-12 12:10:50,659] 90 root - INFO - Hypothesis dx_000: float64, float64 
[ 2023-01-12 12:10:50,675] 90 root - INFO - Hypothesis dy_000: float64, float64 
[ 2023-01-12 12:10:50,680] 90 root - INFO - Hypothesis dz_000: float64, float64 
[ 2023-01-12 12:10:50,698] 90 root - INFO - Hypothesis ea_000: float64, float64 
[ 2023-01-12 12:10:50,714] 90 root - INFO - Hypothesis eb_000: float64, float64 
[ 2023-01-12 12:10:50,731] 90 root - INFO - Hypothesis ec_00: float64, float64 
[ 2023-01-12 12:10:50,737] 90 root - INFO - Hypothesis ed_000: float64, float64 
[ 2023-01-12 12:10:50,743] 90 root - INFO - Hypothesis ee_000: float64, float64 
[ 2023-01-12 12:10:50,750] 90 root - INFO - Hypothesis ee_001: float64, float64 
[ 2023-01-12 12:10:50,758] 90 root - INFO - Hypothesis ee_002: float64, float64 
[ 2023-01-12 12:10:50,765] 90 root - INFO - Hypothesis ee_003: float64, float64 
[ 2023-01-12 12:10:50,772] 90 root - INFO - Hypothesis ee_004: float64, float64 
[ 2023-01-12 12:10:50,779] 90 root - INFO - Hypothesis ee_005: float64, float64 
[ 2023-01-12 12:10:50,785] 90 root - INFO - Hypothesis ee_006: float64, float64 
[ 2023-01-12 12:10:50,792] 90 root - INFO - Hypothesis ee_007: float64, float64 
[ 2023-01-12 12:10:50,799] 90 root - INFO - Hypothesis ee_008: float64, float64 
[ 2023-01-12 12:10:50,805] 90 root - INFO - Hypothesis ee_009: float64, float64 
[ 2023-01-12 12:10:50,810] 90 root - INFO - Hypothesis ef_000: float64, float64 
[ 2023-01-12 12:10:50,825] 90 root - INFO - Hypothesis eg_000: float64, float64 
[ 2023-01-12 12:10:50,828] 149 root - INFO - Write report in yaml file
[ 2023-01-12 12:10:51,010] 154 root - INFO - Data validation artifact: DataValidationArtifact(report_file_path='/config/workspace/artifact/01122023__121023/data_validation/report.yaml')
