[ 2023-01-12 12:10:45,725] 15 root - INFO - >>>>>>>>>>>>>>>>>>>>>>>>>>>>>>>>>>>>>>>> Data Ingestion <<<<<<<<<<<<<<<<<<<<<<<<<<<<<<<<<<<<<<<<
[ 2023-01-12 12:10:45,725] 22 root - INFO - Exporting collection data as pandas dataframe
[ 2023-01-12 12:10:45,725] 23 root - INFO - Reading data from database: aps and collection : sensor
[ 2023-01-12 12:10:50,164] 25 root - INFO - Found columns : Index(['_id', 'class', 'aa_000', 'ab_000', 'ac_000', 'ad_000', 'ae_000',
       'af_000', 'ag_000', 'ag_001',
       ...
       'ee_002', 'ee_003', 'ee_004', 'ee_005', 'ee_006', 'ee_007', 'ee_008',
       'ee_009', 'ef_000', 'eg_000'],
      dtype='object', length=172)
[ 2023-01-12 12:10:50,164] 27 root - INFO - Droppping column : _id
[ 2023-01-12 12:10:50,360] 29 root - INFO - Rows and Columns in df: (36188, 171)
[ 2023-01-12 12:10:50,361] 28 root - INFO - Save data in feature store
[ 2023-01-12 12:10:50,891] 34 root - INFO - Create feature store folder if not available
[ 2023-01-12 12:10:50,891] 38 root - INFO - Save df to feature store folder
[ 2023-01-12 12:10:53,366] 43 root - INFO - split dataset into train and test set
[ 2023-01-12 12:10:53,936] 47 root - INFO - create dataset directory folder if not available
[ 2023-01-12 12:10:53,936] 52 root - INFO - Save df to feature store folder
[ 2023-01-12 12:10:56,213] 65 root - INFO - Data ingestion artifact: DataIngestionArtifact(feature_store_file_path='/config/workspace/artifact/01122023__121045/data_ingestion/feature_store/sensor.csv', train_file_path='/config/workspace/artifact/01122023__121045/data_ingestion/dataset/train.csv', test_file_path='/config/workspace/artifact/01122023__121045/data_ingestion/dataset/test.csv')
[ 2023-01-12 12:10:56,624] 23 root - INFO - >>>>>>>>>>>>>>>>>>>>>>>>>>>>>>>>>>>>>>>> Data Validation <<<<<<<<<<<<<<<<<<<<<<<<<<<<<<<<<<<<<<<<
[ 2023-01-12 12:10:56,624] 112 root - INFO - Reading base dataframe
[ 2023-01-12 12:10:59,540] 115 root - INFO - Replace na value in base df
[ 2023-01-12 12:10:59,540] 117 root - INFO - Drop null values colums from base df
[ 2023-01-12 12:11:00,494] 46 root - INFO - selecting column name which contains null above to 0.7
[ 2023-01-12 12:11:00,495] 49 root - INFO - Columns to drop: ['ab_000', 'bn_000', 'bo_000', 'bp_000', 'bq_000', 'br_000', 'cr_000']
[ 2023-01-12 12:11:00,606] 120 root - INFO - Reading train dataframe
[ 2023-01-12 12:11:00,998] 122 root - INFO - Reading test dataframe
[ 2023-01-12 12:11:01,099] 125 root - INFO - Drop null values colums from train df
[ 2023-01-12 12:11:01,111] 46 root - INFO - selecting column name which contains null above to 0.7
[ 2023-01-12 12:11:01,112] 49 root - INFO - Columns to drop: ['ab_000', 'bn_000', 'bo_000', 'bp_000', 'bq_000', 'br_000', 'cr_000']
[ 2023-01-12 12:11:01,121] 127 root - INFO - Drop null values colums from test df
[ 2023-01-12 12:11:01,126] 46 root - INFO - selecting column name which contains null above to 0.7
[ 2023-01-12 12:11:01,126] 49 root - INFO - Columns to drop: ['ab_000', 'bn_000', 'bo_000', 'bp_000', 'bq_000', 'br_000', 'cr_000']
[ 2023-01-12 12:11:08,470] 136 root - INFO - Is all required columns present in train df
[ 2023-01-12 12:11:08,471] 138 root - INFO - Is all required columns present in test df
[ 2023-01-12 12:11:08,471] 142 root - INFO - As all column are available in train df hence detecting data drift
[ 2023-01-12 12:11:08,471] 90 root - INFO - Hypothesis class: object, object 
[ 2023-01-12 12:11:08,603] 90 root - INFO - Hypothesis aa_000: float64, float64 
[ 2023-01-12 12:11:08,613] 90 root - INFO - Hypothesis ac_000: float64, float64 
[ 2023-01-12 12:11:08,653] 90 root - INFO - Hypothesis ad_000: float64, float64 
[ 2023-01-12 12:11:08,661] 90 root - INFO - Hypothesis ae_000: float64, float64 
[ 2023-01-12 12:11:08,697] 90 root - INFO - Hypothesis af_000: float64, float64 
[ 2023-01-12 12:11:08,733] 90 root - INFO - Hypothesis ag_000: float64, float64 
[ 2023-01-12 12:11:08,768] 90 root - INFO - Hypothesis ag_001: float64, float64 
[ 2023-01-12 12:11:08,804] 90 root - INFO - Hypothesis ag_002: float64, float64 
[ 2023-01-12 12:11:08,843] 90 root - INFO - Hypothesis ag_003: float64, float64 
[ 2023-01-12 12:11:08,850] 90 root - INFO - Hypothesis ag_004: float64, float64 
[ 2023-01-12 12:11:08,860] 90 root - INFO - Hypothesis ag_005: float64, float64 
[ 2023-01-12 12:11:08,870] 90 root - INFO - Hypothesis ag_006: float64, float64 
[ 2023-01-12 12:11:08,881] 90 root - INFO - Hypothesis ag_007: float64, float64 
[ 2023-01-12 12:11:08,890] 90 root - INFO - Hypothesis ag_008: float64, float64 
[ 2023-01-12 12:11:08,899] 90 root - INFO - Hypothesis ag_009: float64, float64 
[ 2023-01-12 12:11:08,938] 90 root - INFO - Hypothesis ah_000: float64, float64 
[ 2023-01-12 12:11:08,949] 90 root - INFO - Hypothesis ai_000: float64, float64 
[ 2023-01-12 12:11:08,985] 90 root - INFO - Hypothesis aj_000: float64, float64 
[ 2023-01-12 12:11:08,991] 90 root - INFO - Hypothesis ak_000: float64, float64 
[ 2023-01-12 12:11:09,027] 90 root - INFO - Hypothesis al_000: float64, float64 
[ 2023-01-12 12:11:09,035] 90 root - INFO - Hypothesis am_0: float64, float64 
[ 2023-01-12 12:11:09,042] 90 root - INFO - Hypothesis an_000: float64, float64 
[ 2023-01-12 12:11:09,085] 90 root - INFO - Hypothesis ao_000: float64, float64 
[ 2023-01-12 12:11:09,129] 90 root - INFO - Hypothesis ap_000: float64, float64 
[ 2023-01-12 12:11:09,172] 90 root - INFO - Hypothesis aq_000: float64, float64 
[ 2023-01-12 12:11:09,182] 90 root - INFO - Hypothesis ar_000: float64, float64 
[ 2023-01-12 12:11:09,219] 90 root - INFO - Hypothesis as_000: float64, float64 
[ 2023-01-12 12:11:09,254] 90 root - INFO - Hypothesis at_000: float64, float64 
[ 2023-01-12 12:11:09,291] 90 root - INFO - Hypothesis au_000: float64, float64 
[ 2023-01-12 12:11:09,327] 90 root - INFO - Hypothesis av_000: float64, float64 
[ 2023-01-12 12:11:09,335] 90 root - INFO - Hypothesis ax_000: float64, float64 
[ 2023-01-12 12:11:09,343] 90 root - INFO - Hypothesis ay_000: float64, float64 
[ 2023-01-12 12:11:09,379] 90 root - INFO - Hypothesis ay_001: float64, float64 
[ 2023-01-12 12:11:09,416] 90 root - INFO - Hypothesis ay_002: float64, float64 
[ 2023-01-12 12:11:09,453] 90 root - INFO - Hypothesis ay_003: float64, float64 
[ 2023-01-12 12:11:09,489] 90 root - INFO - Hypothesis ay_004: float64, float64 
[ 2023-01-12 12:11:09,526] 90 root - INFO - Hypothesis ay_005: float64, float64 
[ 2023-01-12 12:11:09,565] 90 root - INFO - Hypothesis ay_006: float64, float64 
[ 2023-01-12 12:11:09,574] 90 root - INFO - Hypothesis ay_007: float64, float64 
[ 2023-01-12 12:11:09,585] 90 root - INFO - Hypothesis ay_008: float64, float64 
[ 2023-01-12 12:11:09,630] 90 root - INFO - Hypothesis ay_009: float64, float64 
[ 2023-01-12 12:11:09,667] 90 root - INFO - Hypothesis az_000: float64, float64 
[ 2023-01-12 12:11:09,709] 90 root - INFO - Hypothesis az_001: float64, float64 
[ 2023-01-12 12:11:09,751] 90 root - INFO - Hypothesis az_002: float64, float64 
[ 2023-01-12 12:11:09,794] 90 root - INFO - Hypothesis az_003: float64, float64 
[ 2023-01-12 12:11:09,804] 90 root - INFO - Hypothesis az_004: float64, float64 
[ 2023-01-12 12:11:09,847] 90 root - INFO - Hypothesis az_005: float64, float64 
[ 2023-01-12 12:11:09,890] 90 root - INFO - Hypothesis az_006: float64, float64 
[ 2023-01-12 12:11:09,931] 90 root - INFO - Hypothesis az_007: float64, float64 
[ 2023-01-12 12:11:09,970] 90 root - INFO - Hypothesis az_008: float64, float64 
[ 2023-01-12 12:11:10,009] 90 root - INFO - Hypothesis az_009: float64, float64 
[ 2023-01-12 12:11:10,050] 90 root - INFO - Hypothesis ba_000: float64, float64 
[ 2023-01-12 12:11:10,093] 90 root - INFO - Hypothesis ba_001: float64, float64 
[ 2023-01-12 12:11:10,136] 90 root - INFO - Hypothesis ba_002: float64, float64 
[ 2023-01-12 12:11:10,178] 90 root - INFO - Hypothesis ba_003: float64, float64 
[ 2023-01-12 12:11:10,221] 90 root - INFO - Hypothesis ba_004: float64, float64 
[ 2023-01-12 12:11:10,263] 90 root - INFO - Hypothesis ba_005: float64, float64 
[ 2023-01-12 12:11:10,305] 90 root - INFO - Hypothesis ba_006: float64, float64 
[ 2023-01-12 12:11:10,348] 90 root - INFO - Hypothesis ba_007: float64, float64 
[ 2023-01-12 12:11:10,390] 90 root - INFO - Hypothesis ba_008: float64, float64 
[ 2023-01-12 12:11:10,398] 90 root - INFO - Hypothesis ba_009: float64, float64 
[ 2023-01-12 12:11:10,436] 90 root - INFO - Hypothesis bb_000: float64, float64 
[ 2023-01-12 12:11:10,479] 90 root - INFO - Hypothesis bc_000: float64, float64 
[ 2023-01-12 12:11:10,487] 90 root - INFO - Hypothesis bd_000: float64, float64 
[ 2023-01-12 12:11:10,496] 90 root - INFO - Hypothesis be_000: float64, float64 
[ 2023-01-12 12:11:10,505] 90 root - INFO - Hypothesis bf_000: float64, float64 
[ 2023-01-12 12:11:10,512] 90 root - INFO - Hypothesis bg_000: float64, float64 
[ 2023-01-12 12:11:10,523] 90 root - INFO - Hypothesis bh_000: float64, float64 
[ 2023-01-12 12:11:10,533] 90 root - INFO - Hypothesis bi_000: float64, float64 
[ 2023-01-12 12:11:10,576] 90 root - INFO - Hypothesis bj_000: float64, float64 
[ 2023-01-12 12:11:10,586] 90 root - INFO - Hypothesis bk_000: float64, float64 
[ 2023-01-12 12:11:10,595] 90 root - INFO - Hypothesis bl_000: float64, float64 
[ 2023-01-12 12:11:10,635] 90 root - INFO - Hypothesis bm_000: float64, float64 
[ 2023-01-12 12:11:10,673] 90 root - INFO - Hypothesis bs_000: float64, float64 
[ 2023-01-12 12:11:10,684] 90 root - INFO - Hypothesis bt_000: float64, float64 
[ 2023-01-12 12:11:10,694] 90 root - INFO - Hypothesis bu_000: float64, float64 
[ 2023-01-12 12:11:10,737] 90 root - INFO - Hypothesis bv_000: float64, float64 
[ 2023-01-12 12:11:10,780] 90 root - INFO - Hypothesis bx_000: float64, float64 
[ 2023-01-12 12:11:10,823] 90 root - INFO - Hypothesis by_000: float64, float64 
[ 2023-01-12 12:11:10,866] 90 root - INFO - Hypothesis bz_000: float64, float64 
[ 2023-01-12 12:11:10,875] 90 root - INFO - Hypothesis ca_000: float64, float64 
[ 2023-01-12 12:11:10,886] 90 root - INFO - Hypothesis cb_000: float64, float64 
[ 2023-01-12 12:11:10,896] 90 root - INFO - Hypothesis cc_000: float64, float64 
[ 2023-01-12 12:11:10,939] 90 root - INFO - Hypothesis cd_000: float64, float64 
[ 2023-01-12 12:11:10,976] 90 root - INFO - Hypothesis ce_000: float64, float64 
[ 2023-01-12 12:11:10,986] 90 root - INFO - Hypothesis cf_000: float64, float64 
[ 2023-01-12 12:11:11,023] 90 root - INFO - Hypothesis cg_000: float64, float64 
[ 2023-01-12 12:11:11,062] 90 root - INFO - Hypothesis ch_000: float64, float64 
[ 2023-01-12 12:11:11,100] 90 root - INFO - Hypothesis ci_000: float64, float64 
[ 2023-01-12 12:11:11,110] 90 root - INFO - Hypothesis cj_000: float64, float64 
[ 2023-01-12 12:11:11,147] 90 root - INFO - Hypothesis ck_000: float64, float64 
[ 2023-01-12 12:11:11,158] 90 root - INFO - Hypothesis cl_000: float64, float64 
[ 2023-01-12 12:11:11,196] 90 root - INFO - Hypothesis cm_000: float64, float64 
[ 2023-01-12 12:11:11,234] 90 root - INFO - Hypothesis cn_000: float64, float64 
[ 2023-01-12 12:11:11,270] 90 root - INFO - Hypothesis cn_001: float64, float64 
[ 2023-01-12 12:11:11,307] 90 root - INFO - Hypothesis cn_002: float64, float64 
[ 2023-01-12 12:11:11,316] 90 root - INFO - Hypothesis cn_003: float64, float64 
[ 2023-01-12 12:11:11,326] 90 root - INFO - Hypothesis cn_004: float64, float64 
[ 2023-01-12 12:11:11,369] 90 root - INFO - Hypothesis cn_005: float64, float64 
[ 2023-01-12 12:11:11,380] 90 root - INFO - Hypothesis cn_006: float64, float64 
[ 2023-01-12 12:11:11,390] 90 root - INFO - Hypothesis cn_007: float64, float64 
[ 2023-01-12 12:11:11,400] 90 root - INFO - Hypothesis cn_008: float64, float64 
[ 2023-01-12 12:11:11,441] 90 root - INFO - Hypothesis cn_009: float64, float64 
[ 2023-01-12 12:11:11,481] 90 root - INFO - Hypothesis co_000: float64, float64 
[ 2023-01-12 12:11:11,488] 90 root - INFO - Hypothesis cp_000: float64, float64 
[ 2023-01-12 12:11:11,529] 90 root - INFO - Hypothesis cq_000: float64, float64 
[ 2023-01-12 12:11:11,571] 90 root - INFO - Hypothesis cs_000: float64, float64 
[ 2023-01-12 12:11:11,613] 90 root - INFO - Hypothesis cs_001: float64, float64 
[ 2023-01-12 12:11:11,654] 90 root - INFO - Hypothesis cs_002: float64, float64 
[ 2023-01-12 12:11:11,695] 90 root - INFO - Hypothesis cs_003: float64, float64 
[ 2023-01-12 12:11:11,738] 90 root - INFO - Hypothesis cs_004: float64, float64 
[ 2023-01-12 12:11:11,748] 90 root - INFO - Hypothesis cs_005: float64, float64 
[ 2023-01-12 12:11:11,759] 90 root - INFO - Hypothesis cs_006: float64, float64 
[ 2023-01-12 12:11:11,769] 90 root - INFO - Hypothesis cs_007: float64, float64 
[ 2023-01-12 12:11:11,780] 90 root - INFO - Hypothesis cs_008: float64, float64 
[ 2023-01-12 12:11:11,820] 90 root - INFO - Hypothesis cs_009: float64, float64 
[ 2023-01-12 12:11:11,856] 90 root - INFO - Hypothesis ct_000: float64, float64 
[ 2023-01-12 12:11:11,864] 90 root - INFO - Hypothesis cu_000: float64, float64 
[ 2023-01-12 12:11:11,912] 90 root - INFO - Hypothesis cv_000: float64, float64 
[ 2023-01-12 12:11:11,953] 90 root - INFO - Hypothesis cx_000: float64, float64 
[ 2023-01-12 12:11:11,994] 90 root - INFO - Hypothesis cy_000: float64, float64 
[ 2023-01-12 12:11:12,032] 90 root - INFO - Hypothesis cz_000: float64, float64 
[ 2023-01-12 12:11:12,071] 90 root - INFO - Hypothesis da_000: float64, float64 
[ 2023-01-12 12:11:12,108] 90 root - INFO - Hypothesis db_000: float64, float64 
[ 2023-01-12 12:11:12,146] 90 root - INFO - Hypothesis dc_000: float64, float64 
[ 2023-01-12 12:11:12,187] 90 root - INFO - Hypothesis dd_000: float64, float64 
[ 2023-01-12 12:11:12,197] 90 root - INFO - Hypothesis de_000: float64, float64 
[ 2023-01-12 12:11:12,238] 90 root - INFO - Hypothesis df_000: float64, float64 
[ 2023-01-12 12:11:12,274] 90 root - INFO - Hypothesis dg_000: float64, float64 
[ 2023-01-12 12:11:12,310] 90 root - INFO - Hypothesis dh_000: float64, float64 
[ 2023-01-12 12:11:12,347] 90 root - INFO - Hypothesis di_000: float64, float64 
[ 2023-01-12 12:11:12,385] 90 root - INFO - Hypothesis dj_000: float64, float64 
[ 2023-01-12 12:11:12,421] 90 root - INFO - Hypothesis dk_000: float64, float64 
[ 2023-01-12 12:11:12,457] 90 root - INFO - Hypothesis dl_000: float64, float64 
[ 2023-01-12 12:11:12,494] 90 root - INFO - Hypothesis dm_000: float64, float64 
[ 2023-01-12 12:11:12,531] 90 root - INFO - Hypothesis dn_000: float64, float64 
[ 2023-01-12 12:11:12,542] 90 root - INFO - Hypothesis do_000: float64, float64 
[ 2023-01-12 12:11:12,583] 90 root - INFO - Hypothesis dp_000: float64, float64 
[ 2023-01-12 12:11:12,625] 90 root - INFO - Hypothesis dq_000: float64, float64 
[ 2023-01-12 12:11:12,663] 90 root - INFO - Hypothesis dr_000: float64, float64 
[ 2023-01-12 12:11:12,702] 90 root - INFO - Hypothesis ds_000: float64, float64 
[ 2023-01-12 12:11:12,745] 90 root - INFO - Hypothesis dt_000: float64, float64 
[ 2023-01-12 12:11:12,788] 90 root - INFO - Hypothesis du_000: float64, float64 
[ 2023-01-12 12:11:12,829] 90 root - INFO - Hypothesis dv_000: float64, float64 
[ 2023-01-12 12:11:12,875] 90 root - INFO - Hypothesis dx_000: float64, float64 
[ 2023-01-12 12:11:12,913] 90 root - INFO - Hypothesis dy_000: float64, float64 
[ 2023-01-12 12:11:12,952] 90 root - INFO - Hypothesis dz_000: float64, float64 
[ 2023-01-12 12:11:12,988] 90 root - INFO - Hypothesis ea_000: float64, float64 
[ 2023-01-12 12:11:13,024] 90 root - INFO - Hypothesis eb_000: float64, float64 
[ 2023-01-12 12:11:13,065] 90 root - INFO - Hypothesis ec_00: float64, float64 
[ 2023-01-12 12:11:13,106] 90 root - INFO - Hypothesis ed_000: float64, float64 
[ 2023-01-12 12:11:13,147] 90 root - INFO - Hypothesis ee_000: float64, float64 
[ 2023-01-12 12:11:13,189] 90 root - INFO - Hypothesis ee_001: float64, float64 
[ 2023-01-12 12:11:13,200] 90 root - INFO - Hypothesis ee_002: float64, float64 
[ 2023-01-12 12:11:13,243] 90 root - INFO - Hypothesis ee_003: float64, float64 
[ 2023-01-12 12:11:13,287] 90 root - INFO - Hypothesis ee_004: float64, float64 
[ 2023-01-12 12:11:13,329] 90 root - INFO - Hypothesis ee_005: float64, float64 
[ 2023-01-12 12:11:13,340] 90 root - INFO - Hypothesis ee_006: float64, float64 
[ 2023-01-12 12:11:13,350] 90 root - INFO - Hypothesis ee_007: float64, float64 
[ 2023-01-12 12:11:13,392] 90 root - INFO - Hypothesis ee_008: float64, float64 
[ 2023-01-12 12:11:13,433] 90 root - INFO - Hypothesis ee_009: float64, float64 
[ 2023-01-12 12:11:13,441] 90 root - INFO - Hypothesis ef_000: float64, float64 
[ 2023-01-12 12:11:13,477] 90 root - INFO - Hypothesis eg_000: float64, float64 
[ 2023-01-12 12:11:13,514] 145 root - INFO - As all column are available in test df hence detecting data drift
[ 2023-01-12 12:11:13,514] 90 root - INFO - Hypothesis class: object, object 
[ 2023-01-12 12:11:13,590] 90 root - INFO - Hypothesis aa_000: float64, float64 
[ 2023-01-12 12:11:13,597] 90 root - INFO - Hypothesis ac_000: float64, float64 
[ 2023-01-12 12:11:13,603] 90 root - INFO - Hypothesis ad_000: float64, float64 
[ 2023-01-12 12:11:13,608] 90 root - INFO - Hypothesis ae_000: float64, float64 
[ 2023-01-12 12:11:13,623] 90 root - INFO - Hypothesis af_000: float64, float64 
[ 2023-01-12 12:11:13,639] 90 root - INFO - Hypothesis ag_000: float64, float64 
[ 2023-01-12 12:11:13,653] 90 root - INFO - Hypothesis ag_001: float64, float64 
[ 2023-01-12 12:11:13,668] 90 root - INFO - Hypothesis ag_002: float64, float64 
[ 2023-01-12 12:11:13,683] 90 root - INFO - Hypothesis ag_003: float64, float64 
[ 2023-01-12 12:11:13,688] 90 root - INFO - Hypothesis ag_004: float64, float64 
[ 2023-01-12 12:11:13,695] 90 root - INFO - Hypothesis ag_005: float64, float64 
[ 2023-01-12 12:11:13,702] 90 root - INFO - Hypothesis ag_006: float64, float64 
[ 2023-01-12 12:11:13,709] 90 root - INFO - Hypothesis ag_007: float64, float64 
[ 2023-01-12 12:11:13,716] 90 root - INFO - Hypothesis ag_008: float64, float64 
[ 2023-01-12 12:11:13,721] 90 root - INFO - Hypothesis ag_009: float64, float64 
[ 2023-01-12 12:11:13,726] 90 root - INFO - Hypothesis ah_000: float64, float64 
[ 2023-01-12 12:11:13,733] 90 root - INFO - Hypothesis ai_000: float64, float64 
[ 2023-01-12 12:11:13,750] 90 root - INFO - Hypothesis aj_000: float64, float64 
[ 2023-01-12 12:11:13,754] 90 root - INFO - Hypothesis ak_000: float64, float64 
[ 2023-01-12 12:11:13,769] 90 root - INFO - Hypothesis al_000: float64, float64 
[ 2023-01-12 12:11:13,774] 90 root - INFO - Hypothesis am_0: float64, float64 
[ 2023-01-12 12:11:13,779] 90 root - INFO - Hypothesis an_000: float64, float64 
[ 2023-01-12 12:11:13,786] 90 root - INFO - Hypothesis ao_000: float64, float64 
[ 2023-01-12 12:11:13,793] 90 root - INFO - Hypothesis ap_000: float64, float64 
[ 2023-01-12 12:11:13,802] 90 root - INFO - Hypothesis aq_000: float64, float64 
[ 2023-01-12 12:11:13,810] 90 root - INFO - Hypothesis ar_000: float64, float64 
[ 2023-01-12 12:11:13,826] 90 root - INFO - Hypothesis as_000: float64, float64 
[ 2023-01-12 12:11:13,842] 90 root - INFO - Hypothesis at_000: float64, float64 
[ 2023-01-12 12:11:13,860] 90 root - INFO - Hypothesis au_000: float64, float64 
[ 2023-01-12 12:11:13,877] 90 root - INFO - Hypothesis av_000: float64, float64 
[ 2023-01-12 12:11:13,885] 90 root - INFO - Hypothesis ax_000: float64, float64 
[ 2023-01-12 12:11:13,890] 90 root - INFO - Hypothesis ay_000: float64, float64 
[ 2023-01-12 12:11:13,905] 90 root - INFO - Hypothesis ay_001: float64, float64 
[ 2023-01-12 12:11:13,920] 90 root - INFO - Hypothesis ay_002: float64, float64 
[ 2023-01-12 12:11:13,935] 90 root - INFO - Hypothesis ay_003: float64, float64 
[ 2023-01-12 12:11:13,951] 90 root - INFO - Hypothesis ay_004: float64, float64 
[ 2023-01-12 12:11:13,966] 90 root - INFO - Hypothesis ay_005: float64, float64 
[ 2023-01-12 12:11:13,972] 90 root - INFO - Hypothesis ay_006: float64, float64 
[ 2023-01-12 12:11:13,978] 90 root - INFO - Hypothesis ay_007: float64, float64 
[ 2023-01-12 12:11:13,985] 90 root - INFO - Hypothesis ay_008: float64, float64 
[ 2023-01-12 12:11:13,992] 90 root - INFO - Hypothesis ay_009: float64, float64 
[ 2023-01-12 12:11:14,008] 90 root - INFO - Hypothesis az_000: float64, float64 
[ 2023-01-12 12:11:14,015] 90 root - INFO - Hypothesis az_001: float64, float64 
[ 2023-01-12 12:11:14,021] 90 root - INFO - Hypothesis az_002: float64, float64 
[ 2023-01-12 12:11:14,028] 90 root - INFO - Hypothesis az_003: float64, float64 
[ 2023-01-12 12:11:14,035] 90 root - INFO - Hypothesis az_004: float64, float64 
[ 2023-01-12 12:11:14,042] 90 root - INFO - Hypothesis az_005: float64, float64 
[ 2023-01-12 12:11:14,049] 90 root - INFO - Hypothesis az_006: float64, float64 
[ 2023-01-12 12:11:14,056] 90 root - INFO - Hypothesis az_007: float64, float64 
[ 2023-01-12 12:11:14,073] 90 root - INFO - Hypothesis az_008: float64, float64 
[ 2023-01-12 12:11:14,089] 90 root - INFO - Hypothesis az_009: float64, float64 
[ 2023-01-12 12:11:14,104] 90 root - INFO - Hypothesis ba_000: float64, float64 
[ 2023-01-12 12:11:14,112] 90 root - INFO - Hypothesis ba_001: float64, float64 
[ 2023-01-12 12:11:14,119] 90 root - INFO - Hypothesis ba_002: float64, float64 
[ 2023-01-12 12:11:14,128] 90 root - INFO - Hypothesis ba_003: float64, float64 
[ 2023-01-12 12:11:14,135] 90 root - INFO - Hypothesis ba_004: float64, float64 
[ 2023-01-12 12:11:14,141] 90 root - INFO - Hypothesis ba_005: float64, float64 
[ 2023-01-12 12:11:14,148] 90 root - INFO - Hypothesis ba_006: float64, float64 
[ 2023-01-12 12:11:14,155] 90 root - INFO - Hypothesis ba_007: float64, float64 
[ 2023-01-12 12:11:14,161] 90 root - INFO - Hypothesis ba_008: float64, float64 
[ 2023-01-12 12:11:14,167] 90 root - INFO - Hypothesis ba_009: float64, float64 
[ 2023-01-12 12:11:14,171] 90 root - INFO - Hypothesis bb_000: float64, float64 
[ 2023-01-12 12:11:14,178] 90 root - INFO - Hypothesis bc_000: float64, float64 
[ 2023-01-12 12:11:14,184] 90 root - INFO - Hypothesis bd_000: float64, float64 
[ 2023-01-12 12:11:14,189] 90 root - INFO - Hypothesis be_000: float64, float64 
[ 2023-01-12 12:11:14,195] 90 root - INFO - Hypothesis bf_000: float64, float64 
[ 2023-01-12 12:11:14,200] 90 root - INFO - Hypothesis bg_000: float64, float64 
[ 2023-01-12 12:11:14,208] 90 root - INFO - Hypothesis bh_000: float64, float64 
[ 2023-01-12 12:11:14,215] 90 root - INFO - Hypothesis bi_000: float64, float64 
[ 2023-01-12 12:11:14,223] 90 root - INFO - Hypothesis bj_000: float64, float64 
[ 2023-01-12 12:11:14,230] 90 root - INFO - Hypothesis bk_000: float64, float64 
[ 2023-01-12 12:11:14,237] 90 root - INFO - Hypothesis bl_000: float64, float64 
[ 2023-01-12 12:11:14,242] 90 root - INFO - Hypothesis bm_000: float64, float64 
[ 2023-01-12 12:11:14,247] 90 root - INFO - Hypothesis bs_000: float64, float64 
[ 2023-01-12 12:11:14,254] 90 root - INFO - Hypothesis bt_000: float64, float64 
[ 2023-01-12 12:11:14,261] 90 root - INFO - Hypothesis bu_000: float64, float64 
[ 2023-01-12 12:11:14,268] 90 root - INFO - Hypothesis bv_000: float64, float64 
[ 2023-01-12 12:11:14,276] 90 root - INFO - Hypothesis bx_000: float64, float64 
[ 2023-01-12 12:11:14,283] 90 root - INFO - Hypothesis by_000: float64, float64 
[ 2023-01-12 12:11:14,290] 90 root - INFO - Hypothesis bz_000: float64, float64 
[ 2023-01-12 12:11:14,296] 90 root - INFO - Hypothesis ca_000: float64, float64 
[ 2023-01-12 12:11:14,303] 90 root - INFO - Hypothesis cb_000: float64, float64 
[ 2023-01-12 12:11:14,310] 90 root - INFO - Hypothesis cc_000: float64, float64 
[ 2023-01-12 12:11:14,317] 90 root - INFO - Hypothesis cd_000: float64, float64 
[ 2023-01-12 12:11:14,332] 90 root - INFO - Hypothesis ce_000: float64, float64 
[ 2023-01-12 12:11:14,339] 90 root - INFO - Hypothesis cf_000: float64, float64 
[ 2023-01-12 12:11:14,343] 90 root - INFO - Hypothesis cg_000: float64, float64 
[ 2023-01-12 12:11:14,348] 90 root - INFO - Hypothesis ch_000: float64, float64 
[ 2023-01-12 12:11:14,352] 90 root - INFO - Hypothesis ci_000: float64, float64 
[ 2023-01-12 12:11:14,359] 90 root - INFO - Hypothesis cj_000: float64, float64 
[ 2023-01-12 12:11:14,363] 90 root - INFO - Hypothesis ck_000: float64, float64 
[ 2023-01-12 12:11:14,370] 90 root - INFO - Hypothesis cl_000: float64, float64 
[ 2023-01-12 12:11:14,386] 90 root - INFO - Hypothesis cm_000: float64, float64 
[ 2023-01-12 12:11:14,403] 90 root - INFO - Hypothesis cn_000: float64, float64 
[ 2023-01-12 12:11:14,418] 90 root - INFO - Hypothesis cn_001: float64, float64 
[ 2023-01-12 12:11:14,434] 90 root - INFO - Hypothesis cn_002: float64, float64 
[ 2023-01-12 12:11:14,440] 90 root - INFO - Hypothesis cn_003: float64, float64 
[ 2023-01-12 12:11:14,447] 90 root - INFO - Hypothesis cn_004: float64, float64 
[ 2023-01-12 12:11:14,454] 90 root - INFO - Hypothesis cn_005: float64, float64 
[ 2023-01-12 12:11:14,461] 90 root - INFO - Hypothesis cn_006: float64, float64 
[ 2023-01-12 12:11:14,468] 90 root - INFO - Hypothesis cn_007: float64, float64 
[ 2023-01-12 12:11:14,475] 90 root - INFO - Hypothesis cn_008: float64, float64 
[ 2023-01-12 12:11:14,481] 90 root - INFO - Hypothesis cn_009: float64, float64 
[ 2023-01-12 12:11:14,486] 90 root - INFO - Hypothesis co_000: float64, float64 
[ 2023-01-12 12:11:14,491] 90 root - INFO - Hypothesis cp_000: float64, float64 
[ 2023-01-12 12:11:14,496] 90 root - INFO - Hypothesis cq_000: float64, float64 
[ 2023-01-12 12:11:14,503] 90 root - INFO - Hypothesis cs_000: float64, float64 
[ 2023-01-12 12:11:14,511] 90 root - INFO - Hypothesis cs_001: float64, float64 
[ 2023-01-12 12:11:14,517] 90 root - INFO - Hypothesis cs_002: float64, float64 
[ 2023-01-12 12:11:14,524] 90 root - INFO - Hypothesis cs_003: float64, float64 
[ 2023-01-12 12:11:14,531] 90 root - INFO - Hypothesis cs_004: float64, float64 
[ 2023-01-12 12:11:14,538] 90 root - INFO - Hypothesis cs_005: float64, float64 
[ 2023-01-12 12:11:14,545] 90 root - INFO - Hypothesis cs_006: float64, float64 
[ 2023-01-12 12:11:14,552] 90 root - INFO - Hypothesis cs_007: float64, float64 
[ 2023-01-12 12:11:14,559] 90 root - INFO - Hypothesis cs_008: float64, float64 
[ 2023-01-12 12:11:14,564] 90 root - INFO - Hypothesis cs_009: float64, float64 
[ 2023-01-12 12:11:14,579] 90 root - INFO - Hypothesis ct_000: float64, float64 
[ 2023-01-12 12:11:14,585] 90 root - INFO - Hypothesis cu_000: float64, float64 
[ 2023-01-12 12:11:14,590] 90 root - INFO - Hypothesis cv_000: float64, float64 
[ 2023-01-12 12:11:14,597] 90 root - INFO - Hypothesis cx_000: float64, float64 
[ 2023-01-12 12:11:14,603] 90 root - INFO - Hypothesis cy_000: float64, float64 
[ 2023-01-12 12:11:14,607] 90 root - INFO - Hypothesis cz_000: float64, float64 
[ 2023-01-12 12:11:14,612] 90 root - INFO - Hypothesis da_000: float64, float64 
[ 2023-01-12 12:11:14,616] 90 root - INFO - Hypothesis db_000: float64, float64 
[ 2023-01-12 12:11:14,620] 90 root - INFO - Hypothesis dc_000: float64, float64 
[ 2023-01-12 12:11:14,626] 90 root - INFO - Hypothesis dd_000: float64, float64 
[ 2023-01-12 12:11:14,632] 90 root - INFO - Hypothesis de_000: float64, float64 
[ 2023-01-12 12:11:14,638] 90 root - INFO - Hypothesis df_000: float64, float64 
[ 2023-01-12 12:11:14,653] 90 root - INFO - Hypothesis dg_000: float64, float64 
[ 2023-01-12 12:11:14,668] 90 root - INFO - Hypothesis dh_000: float64, float64 
[ 2023-01-12 12:11:14,684] 90 root - INFO - Hypothesis di_000: float64, float64 
[ 2023-01-12 12:11:14,688] 90 root - INFO - Hypothesis dj_000: float64, float64 
[ 2023-01-12 12:11:14,704] 90 root - INFO - Hypothesis dk_000: float64, float64 
[ 2023-01-12 12:11:14,720] 90 root - INFO - Hypothesis dl_000: float64, float64 
[ 2023-01-12 12:11:14,736] 90 root - INFO - Hypothesis dm_000: float64, float64 
[ 2023-01-12 12:11:14,753] 90 root - INFO - Hypothesis dn_000: float64, float64 
[ 2023-01-12 12:11:14,760] 90 root - INFO - Hypothesis do_000: float64, float64 
[ 2023-01-12 12:11:14,767] 90 root - INFO - Hypothesis dp_000: float64, float64 
[ 2023-01-12 12:11:14,774] 90 root - INFO - Hypothesis dq_000: float64, float64 
[ 2023-01-12 12:11:14,778] 90 root - INFO - Hypothesis dr_000: float64, float64 
[ 2023-01-12 12:11:14,783] 90 root - INFO - Hypothesis ds_000: float64, float64 
[ 2023-01-12 12:11:14,790] 90 root - INFO - Hypothesis dt_000: float64, float64 
[ 2023-01-12 12:11:14,797] 90 root - INFO - Hypothesis du_000: float64, float64 
[ 2023-01-12 12:11:14,804] 90 root - INFO - Hypothesis dv_000: float64, float64 
[ 2023-01-12 12:11:14,811] 90 root - INFO - Hypothesis dx_000: float64, float64 
[ 2023-01-12 12:11:14,816] 90 root - INFO - Hypothesis dy_000: float64, float64 
[ 2023-01-12 12:11:14,821] 90 root - INFO - Hypothesis dz_000: float64, float64 
[ 2023-01-12 12:11:14,838] 90 root - INFO - Hypothesis ea_000: float64, float64 
[ 2023-01-12 12:11:14,853] 90 root - INFO - Hypothesis eb_000: float64, float64 
[ 2023-01-12 12:11:14,859] 90 root - INFO - Hypothesis ec_00: float64, float64 
[ 2023-01-12 12:11:14,866] 90 root - INFO - Hypothesis ed_000: float64, float64 
[ 2023-01-12 12:11:14,872] 90 root - INFO - Hypothesis ee_000: float64, float64 
[ 2023-01-12 12:11:14,879] 90 root - INFO - Hypothesis ee_001: float64, float64 
[ 2023-01-12 12:11:14,886] 90 root - INFO - Hypothesis ee_002: float64, float64 
[ 2023-01-12 12:11:14,894] 90 root - INFO - Hypothesis ee_003: float64, float64 
[ 2023-01-12 12:11:14,900] 90 root - INFO - Hypothesis ee_004: float64, float64 
[ 2023-01-12 12:11:14,907] 90 root - INFO - Hypothesis ee_005: float64, float64 
[ 2023-01-12 12:11:14,914] 90 root - INFO - Hypothesis ee_006: float64, float64 
[ 2023-01-12 12:11:14,921] 90 root - INFO - Hypothesis ee_007: float64, float64 
[ 2023-01-12 12:11:14,927] 90 root - INFO - Hypothesis ee_008: float64, float64 
[ 2023-01-12 12:11:14,934] 90 root - INFO - Hypothesis ee_009: float64, float64 
[ 2023-01-12 12:11:14,939] 90 root - INFO - Hypothesis ef_000: float64, float64 
[ 2023-01-12 12:11:14,954] 90 root - INFO - Hypothesis eg_000: float64, float64 
[ 2023-01-12 12:11:14,969] 149 root - INFO - Write report in yaml file
[ 2023-01-12 12:11:15,152] 154 root - INFO - Data validation artifact: DataValidationArtifact(report_file_path='/config/workspace/artifact/01122023__121045/data_validation/report.yaml')
