[ 2023-01-12 12:07:33,986] 15 root - INFO - >>>>>>>>>>>>>>>>>>>>>>>>>>>>>>>>>>>>>>>> Data Ingestion <<<<<<<<<<<<<<<<<<<<<<<<<<<<<<<<<<<<<<<<
[ 2023-01-12 12:07:33,986] 22 root - INFO - Exporting collection data as pandas dataframe
[ 2023-01-12 12:07:33,986] 23 root - INFO - Reading data from database: aps and collection : sensor
[ 2023-01-12 12:07:37,265] 25 root - INFO - Found columns : Index(['_id', 'class', 'aa_000', 'ab_000', 'ac_000', 'ad_000', 'ae_000',
       'af_000', 'ag_000', 'ag_001',
       ...
       'ee_002', 'ee_003', 'ee_004', 'ee_005', 'ee_006', 'ee_007', 'ee_008',
       'ee_009', 'ef_000', 'eg_000'],
      dtype='object', length=172)
[ 2023-01-12 12:07:37,266] 27 root - INFO - Droppping column : _id
[ 2023-01-12 12:07:37,456] 29 root - INFO - Rows and Columns in df: (36188, 171)
[ 2023-01-12 12:07:37,456] 28 root - INFO - Save data in feature store
[ 2023-01-12 12:07:37,996] 34 root - INFO - Create feature store folder if not available
[ 2023-01-12 12:07:37,996] 38 root - INFO - Save df to feature store folder
[ 2023-01-12 12:07:40,428] 43 root - INFO - split dataset into train and test set
[ 2023-01-12 12:07:40,987] 47 root - INFO - create dataset directory folder if not available
[ 2023-01-12 12:07:40,988] 52 root - INFO - Save df to feature store folder
[ 2023-01-12 12:07:43,458] 65 root - INFO - Data ingestion artifact: DataIngestionArtifact(feature_store_file_path='/config/workspace/artifact/01122023__120733/data_ingestion/feature_store/sensor.csv', train_file_path='/config/workspace/artifact/01122023__120733/data_ingestion/dataset/train.csv', test_file_path='/config/workspace/artifact/01122023__120733/data_ingestion/dataset/test.csv')
[ 2023-01-12 12:07:43,865] 23 root - INFO - >>>>>>>>>>>>>>>>>>>>>>>>>>>>>>>>>>>>>>>> Data Validation <<<<<<<<<<<<<<<<<<<<<<<<<<<<<<<<<<<<<<<<
[ 2023-01-12 12:07:43,865] 112 root - INFO - Reading base dataframe
[ 2023-01-12 12:07:47,148] 115 root - INFO - Replace na value in base df
[ 2023-01-12 12:07:47,149] 117 root - INFO - Drop null values colums from base df
[ 2023-01-12 12:07:48,101] 46 root - INFO - selecting column name which contains null above to 0.7
[ 2023-01-12 12:07:48,101] 49 root - INFO - Columns to drop: ['ab_000', 'bn_000', 'bo_000', 'bp_000', 'bq_000', 'br_000', 'cr_000']
[ 2023-01-12 12:07:48,219] 120 root - INFO - Reading train dataframe
[ 2023-01-12 12:07:48,604] 122 root - INFO - Reading test dataframe
[ 2023-01-12 12:07:48,703] 125 root - INFO - Drop null values colums from train df
[ 2023-01-12 12:07:48,715] 46 root - INFO - selecting column name which contains null above to 0.7
[ 2023-01-12 12:07:48,715] 49 root - INFO - Columns to drop: ['ab_000', 'bn_000', 'bo_000', 'bp_000', 'bq_000', 'br_000', 'cr_000']
[ 2023-01-12 12:07:48,728] 127 root - INFO - Drop null values colums from test df
[ 2023-01-12 12:07:48,732] 46 root - INFO - selecting column name which contains null above to 0.7
[ 2023-01-12 12:07:48,733] 49 root - INFO - Columns to drop: ['ab_000', 'bn_000', 'bo_000', 'bp_000', 'bq_000', 'br_000', 'cr_000']
[ 2023-01-12 12:07:56,060] 136 root - INFO - Is all required columns present in train df
[ 2023-01-12 12:07:56,060] 138 root - INFO - Is all required columns present in test df
[ 2023-01-12 12:07:56,060] 142 root - INFO - As all column are available in train df hence detecting data drift
[ 2023-01-12 12:07:56,060] 90 root - INFO - Hypothesis class: object, object 
[ 2023-01-12 12:07:56,199] 90 root - INFO - Hypothesis aa_000: float64, float64 
[ 2023-01-12 12:07:56,210] 90 root - INFO - Hypothesis ac_000: float64, float64 
[ 2023-01-12 12:07:56,251] 90 root - INFO - Hypothesis ad_000: float64, float64 
[ 2023-01-12 12:07:56,291] 90 root - INFO - Hypothesis ae_000: float64, float64 
[ 2023-01-12 12:07:56,328] 90 root - INFO - Hypothesis af_000: float64, float64 
[ 2023-01-12 12:07:56,366] 90 root - INFO - Hypothesis ag_000: float64, float64 
[ 2023-01-12 12:07:56,407] 90 root - INFO - Hypothesis ag_001: float64, float64 
[ 2023-01-12 12:07:56,445] 90 root - INFO - Hypothesis ag_002: float64, float64 
[ 2023-01-12 12:07:56,485] 90 root - INFO - Hypothesis ag_003: float64, float64 
[ 2023-01-12 12:07:56,525] 90 root - INFO - Hypothesis ag_004: float64, float64 
[ 2023-01-12 12:07:56,567] 90 root - INFO - Hypothesis ag_005: float64, float64 
[ 2023-01-12 12:07:56,578] 90 root - INFO - Hypothesis ag_006: float64, float64 
[ 2023-01-12 12:07:56,589] 90 root - INFO - Hypothesis ag_007: float64, float64 
[ 2023-01-12 12:07:56,630] 90 root - INFO - Hypothesis ag_008: float64, float64 
[ 2023-01-12 12:07:56,639] 90 root - INFO - Hypothesis ag_009: float64, float64 
[ 2023-01-12 12:07:56,680] 90 root - INFO - Hypothesis ah_000: float64, float64 
[ 2023-01-12 12:07:56,691] 90 root - INFO - Hypothesis ai_000: float64, float64 
[ 2023-01-12 12:07:56,728] 90 root - INFO - Hypothesis aj_000: float64, float64 
[ 2023-01-12 12:07:56,767] 90 root - INFO - Hypothesis ak_000: float64, float64 
[ 2023-01-12 12:07:56,806] 90 root - INFO - Hypothesis al_000: float64, float64 
[ 2023-01-12 12:07:56,847] 90 root - INFO - Hypothesis am_0: float64, float64 
[ 2023-01-12 12:07:56,887] 90 root - INFO - Hypothesis an_000: float64, float64 
[ 2023-01-12 12:07:56,898] 90 root - INFO - Hypothesis ao_000: float64, float64 
[ 2023-01-12 12:07:56,909] 90 root - INFO - Hypothesis ap_000: float64, float64 
[ 2023-01-12 12:07:56,920] 90 root - INFO - Hypothesis aq_000: float64, float64 
[ 2023-01-12 12:07:56,931] 90 root - INFO - Hypothesis ar_000: float64, float64 
[ 2023-01-12 12:07:56,969] 90 root - INFO - Hypothesis as_000: float64, float64 
[ 2023-01-12 12:07:57,007] 90 root - INFO - Hypothesis at_000: float64, float64 
[ 2023-01-12 12:07:57,043] 90 root - INFO - Hypothesis au_000: float64, float64 
[ 2023-01-12 12:07:57,081] 90 root - INFO - Hypothesis av_000: float64, float64 
[ 2023-01-12 12:07:57,122] 90 root - INFO - Hypothesis ax_000: float64, float64 
[ 2023-01-12 12:07:57,164] 90 root - INFO - Hypothesis ay_000: float64, float64 
[ 2023-01-12 12:07:57,201] 90 root - INFO - Hypothesis ay_001: float64, float64 
[ 2023-01-12 12:07:57,238] 90 root - INFO - Hypothesis ay_002: float64, float64 
[ 2023-01-12 12:07:57,275] 90 root - INFO - Hypothesis ay_003: float64, float64 
[ 2023-01-12 12:07:57,312] 90 root - INFO - Hypothesis ay_004: float64, float64 
[ 2023-01-12 12:07:57,349] 90 root - INFO - Hypothesis ay_005: float64, float64 
[ 2023-01-12 12:07:57,392] 90 root - INFO - Hypothesis ay_006: float64, float64 
[ 2023-01-12 12:07:57,403] 90 root - INFO - Hypothesis ay_007: float64, float64 
[ 2023-01-12 12:07:57,447] 90 root - INFO - Hypothesis ay_008: float64, float64 
[ 2023-01-12 12:07:57,491] 90 root - INFO - Hypothesis ay_009: float64, float64 
[ 2023-01-12 12:07:57,528] 90 root - INFO - Hypothesis az_000: float64, float64 
[ 2023-01-12 12:07:57,538] 90 root - INFO - Hypothesis az_001: float64, float64 
[ 2023-01-12 12:07:57,581] 90 root - INFO - Hypothesis az_002: float64, float64 
[ 2023-01-12 12:07:57,624] 90 root - INFO - Hypothesis az_003: float64, float64 
[ 2023-01-12 12:07:57,634] 90 root - INFO - Hypothesis az_004: float64, float64 
[ 2023-01-12 12:07:57,678] 90 root - INFO - Hypothesis az_005: float64, float64 
[ 2023-01-12 12:07:57,689] 90 root - INFO - Hypothesis az_006: float64, float64 
[ 2023-01-12 12:07:57,698] 90 root - INFO - Hypothesis az_007: float64, float64 
[ 2023-01-12 12:07:57,737] 90 root - INFO - Hypothesis az_008: float64, float64 
[ 2023-01-12 12:07:57,776] 90 root - INFO - Hypothesis az_009: float64, float64 
[ 2023-01-12 12:07:57,813] 90 root - INFO - Hypothesis ba_000: float64, float64 
[ 2023-01-12 12:07:57,825] 90 root - INFO - Hypothesis ba_001: float64, float64 
[ 2023-01-12 12:07:57,874] 90 root - INFO - Hypothesis ba_002: float64, float64 
[ 2023-01-12 12:07:57,919] 90 root - INFO - Hypothesis ba_003: float64, float64 
[ 2023-01-12 12:07:57,962] 90 root - INFO - Hypothesis ba_004: float64, float64 
[ 2023-01-12 12:07:58,008] 90 root - INFO - Hypothesis ba_005: float64, float64 
[ 2023-01-12 12:07:58,053] 90 root - INFO - Hypothesis ba_006: float64, float64 
[ 2023-01-12 12:07:58,097] 90 root - INFO - Hypothesis ba_007: float64, float64 
[ 2023-01-12 12:07:58,139] 90 root - INFO - Hypothesis ba_008: float64, float64 
[ 2023-01-12 12:07:58,147] 90 root - INFO - Hypothesis ba_009: float64, float64 
[ 2023-01-12 12:07:58,155] 90 root - INFO - Hypothesis bb_000: float64, float64 
[ 2023-01-12 12:07:58,166] 90 root - INFO - Hypothesis bc_000: float64, float64 
[ 2023-01-12 12:07:58,206] 90 root - INFO - Hypothesis bd_000: float64, float64 
[ 2023-01-12 12:07:58,248] 90 root - INFO - Hypothesis be_000: float64, float64 
[ 2023-01-12 12:07:58,257] 90 root - INFO - Hypothesis bf_000: float64, float64 
[ 2023-01-12 12:07:58,297] 90 root - INFO - Hypothesis bg_000: float64, float64 
[ 2023-01-12 12:07:58,308] 90 root - INFO - Hypothesis bh_000: float64, float64 
[ 2023-01-12 12:07:58,318] 90 root - INFO - Hypothesis bi_000: float64, float64 
[ 2023-01-12 12:07:58,329] 90 root - INFO - Hypothesis bj_000: float64, float64 
[ 2023-01-12 12:07:58,340] 90 root - INFO - Hypothesis bk_000: float64, float64 
[ 2023-01-12 12:07:58,382] 90 root - INFO - Hypothesis bl_000: float64, float64 
[ 2023-01-12 12:07:58,422] 90 root - INFO - Hypothesis bm_000: float64, float64 
[ 2023-01-12 12:07:58,428] 90 root - INFO - Hypothesis bs_000: float64, float64 
[ 2023-01-12 12:07:58,439] 90 root - INFO - Hypothesis bt_000: float64, float64 
[ 2023-01-12 12:07:58,450] 90 root - INFO - Hypothesis bu_000: float64, float64 
[ 2023-01-12 12:07:58,461] 90 root - INFO - Hypothesis bv_000: float64, float64 
[ 2023-01-12 12:07:58,472] 90 root - INFO - Hypothesis bx_000: float64, float64 
[ 2023-01-12 12:07:58,483] 90 root - INFO - Hypothesis by_000: float64, float64 
[ 2023-01-12 12:07:58,493] 90 root - INFO - Hypothesis bz_000: float64, float64 
[ 2023-01-12 12:07:58,503] 90 root - INFO - Hypothesis ca_000: float64, float64 
[ 2023-01-12 12:07:58,514] 90 root - INFO - Hypothesis cb_000: float64, float64 
[ 2023-01-12 12:07:58,558] 90 root - INFO - Hypothesis cc_000: float64, float64 
[ 2023-01-12 12:07:58,569] 90 root - INFO - Hypothesis cd_000: float64, float64 
[ 2023-01-12 12:07:58,575] 90 root - INFO - Hypothesis ce_000: float64, float64 
[ 2023-01-12 12:07:58,584] 90 root - INFO - Hypothesis cf_000: float64, float64 
[ 2023-01-12 12:07:58,622] 90 root - INFO - Hypothesis cg_000: float64, float64 
[ 2023-01-12 12:07:58,629] 90 root - INFO - Hypothesis ch_000: float64, float64 
[ 2023-01-12 12:07:58,666] 90 root - INFO - Hypothesis ci_000: float64, float64 
[ 2023-01-12 12:07:58,676] 90 root - INFO - Hypothesis cj_000: float64, float64 
[ 2023-01-12 12:07:58,714] 90 root - INFO - Hypothesis ck_000: float64, float64 
[ 2023-01-12 12:07:58,724] 90 root - INFO - Hypothesis cl_000: float64, float64 
[ 2023-01-12 12:07:58,763] 90 root - INFO - Hypothesis cm_000: float64, float64 
[ 2023-01-12 12:07:58,802] 90 root - INFO - Hypothesis cn_000: float64, float64 
[ 2023-01-12 12:07:58,838] 90 root - INFO - Hypothesis cn_001: float64, float64 
[ 2023-01-12 12:07:58,876] 90 root - INFO - Hypothesis cn_002: float64, float64 
[ 2023-01-12 12:07:58,916] 90 root - INFO - Hypothesis cn_003: float64, float64 
[ 2023-01-12 12:07:58,960] 90 root - INFO - Hypothesis cn_004: float64, float64 
[ 2023-01-12 12:07:58,971] 90 root - INFO - Hypothesis cn_005: float64, float64 
[ 2023-01-12 12:07:59,013] 90 root - INFO - Hypothesis cn_006: float64, float64 
[ 2023-01-12 12:07:59,055] 90 root - INFO - Hypothesis cn_007: float64, float64 
[ 2023-01-12 12:07:59,065] 90 root - INFO - Hypothesis cn_008: float64, float64 
[ 2023-01-12 12:07:59,106] 90 root - INFO - Hypothesis cn_009: float64, float64 
[ 2023-01-12 12:07:59,146] 90 root - INFO - Hypothesis co_000: float64, float64 
[ 2023-01-12 12:07:59,187] 90 root - INFO - Hypothesis cp_000: float64, float64 
[ 2023-01-12 12:07:59,228] 90 root - INFO - Hypothesis cq_000: float64, float64 
[ 2023-01-12 12:07:59,238] 90 root - INFO - Hypothesis cs_000: float64, float64 
[ 2023-01-12 12:07:59,281] 90 root - INFO - Hypothesis cs_001: float64, float64 
[ 2023-01-12 12:07:59,290] 90 root - INFO - Hypothesis cs_002: float64, float64 
[ 2023-01-12 12:07:59,300] 90 root - INFO - Hypothesis cs_003: float64, float64 
[ 2023-01-12 12:07:59,310] 90 root - INFO - Hypothesis cs_004: float64, float64 
[ 2023-01-12 12:07:59,321] 90 root - INFO - Hypothesis cs_005: float64, float64 
[ 2023-01-12 12:07:59,364] 90 root - INFO - Hypothesis cs_006: float64, float64 
[ 2023-01-12 12:07:59,375] 90 root - INFO - Hypothesis cs_007: float64, float64 
[ 2023-01-12 12:07:59,385] 90 root - INFO - Hypothesis cs_008: float64, float64 
[ 2023-01-12 12:07:59,426] 90 root - INFO - Hypothesis cs_009: float64, float64 
[ 2023-01-12 12:07:59,461] 90 root - INFO - Hypothesis ct_000: float64, float64 
[ 2023-01-12 12:07:59,469] 90 root - INFO - Hypothesis cu_000: float64, float64 
[ 2023-01-12 12:07:59,477] 90 root - INFO - Hypothesis cv_000: float64, float64 
[ 2023-01-12 12:07:59,487] 90 root - INFO - Hypothesis cx_000: float64, float64 
[ 2023-01-12 12:07:59,496] 90 root - INFO - Hypothesis cy_000: float64, float64 
[ 2023-01-12 12:07:59,533] 90 root - INFO - Hypothesis cz_000: float64, float64 
[ 2023-01-12 12:07:59,541] 90 root - INFO - Hypothesis da_000: float64, float64 
[ 2023-01-12 12:07:59,578] 90 root - INFO - Hypothesis db_000: float64, float64 
[ 2023-01-12 12:07:59,584] 90 root - INFO - Hypothesis dc_000: float64, float64 
[ 2023-01-12 12:07:59,594] 90 root - INFO - Hypothesis dd_000: float64, float64 
[ 2023-01-12 12:07:59,603] 90 root - INFO - Hypothesis de_000: float64, float64 
[ 2023-01-12 12:07:59,644] 90 root - INFO - Hypothesis df_000: float64, float64 
[ 2023-01-12 12:07:59,680] 90 root - INFO - Hypothesis dg_000: float64, float64 
[ 2023-01-12 12:07:59,717] 90 root - INFO - Hypothesis dh_000: float64, float64 
[ 2023-01-12 12:07:59,755] 90 root - INFO - Hypothesis di_000: float64, float64 
[ 2023-01-12 12:07:59,761] 90 root - INFO - Hypothesis dj_000: float64, float64 
[ 2023-01-12 12:07:59,797] 90 root - INFO - Hypothesis dk_000: float64, float64 
[ 2023-01-12 12:07:59,835] 90 root - INFO - Hypothesis dl_000: float64, float64 
[ 2023-01-12 12:07:59,872] 90 root - INFO - Hypothesis dm_000: float64, float64 
[ 2023-01-12 12:07:59,911] 90 root - INFO - Hypothesis dn_000: float64, float64 
[ 2023-01-12 12:07:59,922] 90 root - INFO - Hypothesis do_000: float64, float64 
[ 2023-01-12 12:07:59,932] 90 root - INFO - Hypothesis dp_000: float64, float64 
[ 2023-01-12 12:07:59,942] 90 root - INFO - Hypothesis dq_000: float64, float64 
[ 2023-01-12 12:07:59,981] 90 root - INFO - Hypothesis dr_000: float64, float64 
[ 2023-01-12 12:08:00,020] 90 root - INFO - Hypothesis ds_000: float64, float64 
[ 2023-01-12 12:08:00,030] 90 root - INFO - Hypothesis dt_000: float64, float64 
[ 2023-01-12 12:08:00,073] 90 root - INFO - Hypothesis du_000: float64, float64 
[ 2023-01-12 12:08:00,084] 90 root - INFO - Hypothesis dv_000: float64, float64 
[ 2023-01-12 12:08:00,094] 90 root - INFO - Hypothesis dx_000: float64, float64 
[ 2023-01-12 12:08:00,132] 90 root - INFO - Hypothesis dy_000: float64, float64 
[ 2023-01-12 12:08:00,171] 90 root - INFO - Hypothesis dz_000: float64, float64 
[ 2023-01-12 12:08:00,209] 90 root - INFO - Hypothesis ea_000: float64, float64 
[ 2023-01-12 12:08:00,245] 90 root - INFO - Hypothesis eb_000: float64, float64 
[ 2023-01-12 12:08:00,285] 90 root - INFO - Hypothesis ec_00: float64, float64 
[ 2023-01-12 12:08:00,295] 90 root - INFO - Hypothesis ed_000: float64, float64 
[ 2023-01-12 12:08:00,304] 90 root - INFO - Hypothesis ee_000: float64, float64 
[ 2023-01-12 12:08:00,315] 90 root - INFO - Hypothesis ee_001: float64, float64 
[ 2023-01-12 12:08:00,325] 90 root - INFO - Hypothesis ee_002: float64, float64 
[ 2023-01-12 12:08:00,336] 90 root - INFO - Hypothesis ee_003: float64, float64 
[ 2023-01-12 12:08:00,379] 90 root - INFO - Hypothesis ee_004: float64, float64 
[ 2023-01-12 12:08:00,422] 90 root - INFO - Hypothesis ee_005: float64, float64 
[ 2023-01-12 12:08:00,464] 90 root - INFO - Hypothesis ee_006: float64, float64 
[ 2023-01-12 12:08:00,506] 90 root - INFO - Hypothesis ee_007: float64, float64 
[ 2023-01-12 12:08:00,548] 90 root - INFO - Hypothesis ee_008: float64, float64 
[ 2023-01-12 12:08:00,589] 90 root - INFO - Hypothesis ee_009: float64, float64 
[ 2023-01-12 12:08:00,629] 90 root - INFO - Hypothesis ef_000: float64, float64 
[ 2023-01-12 12:08:00,665] 90 root - INFO - Hypothesis eg_000: float64, float64 
[ 2023-01-12 12:08:00,701] 145 root - INFO - As all column are available in test df hence detecting data drift
[ 2023-01-12 12:08:00,701] 90 root - INFO - Hypothesis class: object, object 
[ 2023-01-12 12:08:00,781] 90 root - INFO - Hypothesis aa_000: float64, float64 
[ 2023-01-12 12:08:00,788] 90 root - INFO - Hypothesis ac_000: float64, float64 
[ 2023-01-12 12:08:00,794] 90 root - INFO - Hypothesis ad_000: float64, float64 
[ 2023-01-12 12:08:00,799] 90 root - INFO - Hypothesis ae_000: float64, float64 
[ 2023-01-12 12:08:00,815] 90 root - INFO - Hypothesis af_000: float64, float64 
[ 2023-01-12 12:08:00,832] 90 root - INFO - Hypothesis ag_000: float64, float64 
[ 2023-01-12 12:08:00,851] 90 root - INFO - Hypothesis ag_001: float64, float64 
[ 2023-01-12 12:08:00,868] 90 root - INFO - Hypothesis ag_002: float64, float64 
[ 2023-01-12 12:08:00,872] 90 root - INFO - Hypothesis ag_003: float64, float64 
[ 2023-01-12 12:08:00,876] 90 root - INFO - Hypothesis ag_004: float64, float64 
[ 2023-01-12 12:08:00,883] 90 root - INFO - Hypothesis ag_005: float64, float64 
[ 2023-01-12 12:08:00,890] 90 root - INFO - Hypothesis ag_006: float64, float64 
[ 2023-01-12 12:08:00,897] 90 root - INFO - Hypothesis ag_007: float64, float64 
[ 2023-01-12 12:08:00,904] 90 root - INFO - Hypothesis ag_008: float64, float64 
[ 2023-01-12 12:08:00,909] 90 root - INFO - Hypothesis ag_009: float64, float64 
[ 2023-01-12 12:08:00,914] 90 root - INFO - Hypothesis ah_000: float64, float64 
[ 2023-01-12 12:08:00,921] 90 root - INFO - Hypothesis ai_000: float64, float64 
[ 2023-01-12 12:08:00,924] 90 root - INFO - Hypothesis aj_000: float64, float64 
[ 2023-01-12 12:08:00,941] 90 root - INFO - Hypothesis ak_000: float64, float64 
[ 2023-01-12 12:08:00,956] 90 root - INFO - Hypothesis al_000: float64, float64 
[ 2023-01-12 12:08:00,961] 90 root - INFO - Hypothesis am_0: float64, float64 
[ 2023-01-12 12:08:00,966] 90 root - INFO - Hypothesis an_000: float64, float64 
[ 2023-01-12 12:08:00,973] 90 root - INFO - Hypothesis ao_000: float64, float64 
[ 2023-01-12 12:08:00,980] 90 root - INFO - Hypothesis ap_000: float64, float64 
[ 2023-01-12 12:08:00,987] 90 root - INFO - Hypothesis aq_000: float64, float64 
[ 2023-01-12 12:08:00,994] 90 root - INFO - Hypothesis ar_000: float64, float64 
[ 2023-01-12 12:08:01,010] 90 root - INFO - Hypothesis as_000: float64, float64 
[ 2023-01-12 12:08:01,025] 90 root - INFO - Hypothesis at_000: float64, float64 
[ 2023-01-12 12:08:01,028] 90 root - INFO - Hypothesis au_000: float64, float64 
[ 2023-01-12 12:08:01,043] 90 root - INFO - Hypothesis av_000: float64, float64 
[ 2023-01-12 12:08:01,049] 90 root - INFO - Hypothesis ax_000: float64, float64 
[ 2023-01-12 12:08:01,055] 90 root - INFO - Hypothesis ay_000: float64, float64 
[ 2023-01-12 12:08:01,070] 90 root - INFO - Hypothesis ay_001: float64, float64 
[ 2023-01-12 12:08:01,086] 90 root - INFO - Hypothesis ay_002: float64, float64 
[ 2023-01-12 12:08:01,102] 90 root - INFO - Hypothesis ay_003: float64, float64 
[ 2023-01-12 12:08:01,118] 90 root - INFO - Hypothesis ay_004: float64, float64 
[ 2023-01-12 12:08:01,122] 90 root - INFO - Hypothesis ay_005: float64, float64 
[ 2023-01-12 12:08:01,127] 90 root - INFO - Hypothesis ay_006: float64, float64 
[ 2023-01-12 12:08:01,133] 90 root - INFO - Hypothesis ay_007: float64, float64 
[ 2023-01-12 12:08:01,140] 90 root - INFO - Hypothesis ay_008: float64, float64 
[ 2023-01-12 12:08:01,147] 90 root - INFO - Hypothesis ay_009: float64, float64 
[ 2023-01-12 12:08:01,162] 90 root - INFO - Hypothesis az_000: float64, float64 
[ 2023-01-12 12:08:01,168] 90 root - INFO - Hypothesis az_001: float64, float64 
[ 2023-01-12 12:08:01,175] 90 root - INFO - Hypothesis az_002: float64, float64 
[ 2023-01-12 12:08:01,181] 90 root - INFO - Hypothesis az_003: float64, float64 
[ 2023-01-12 12:08:01,188] 90 root - INFO - Hypothesis az_004: float64, float64 
[ 2023-01-12 12:08:01,195] 90 root - INFO - Hypothesis az_005: float64, float64 
[ 2023-01-12 12:08:01,202] 90 root - INFO - Hypothesis az_006: float64, float64 
[ 2023-01-12 12:08:01,208] 90 root - INFO - Hypothesis az_007: float64, float64 
[ 2023-01-12 12:08:01,212] 90 root - INFO - Hypothesis az_008: float64, float64 
[ 2023-01-12 12:08:01,228] 90 root - INFO - Hypothesis az_009: float64, float64 
[ 2023-01-12 12:08:01,243] 90 root - INFO - Hypothesis ba_000: float64, float64 
[ 2023-01-12 12:08:01,250] 90 root - INFO - Hypothesis ba_001: float64, float64 
[ 2023-01-12 12:08:01,257] 90 root - INFO - Hypothesis ba_002: float64, float64 
[ 2023-01-12 12:08:01,264] 90 root - INFO - Hypothesis ba_003: float64, float64 
[ 2023-01-12 12:08:01,271] 90 root - INFO - Hypothesis ba_004: float64, float64 
[ 2023-01-12 12:08:01,278] 90 root - INFO - Hypothesis ba_005: float64, float64 
[ 2023-01-12 12:08:01,285] 90 root - INFO - Hypothesis ba_006: float64, float64 
[ 2023-01-12 12:08:01,291] 90 root - INFO - Hypothesis ba_007: float64, float64 
[ 2023-01-12 12:08:01,298] 90 root - INFO - Hypothesis ba_008: float64, float64 
[ 2023-01-12 12:08:01,303] 90 root - INFO - Hypothesis ba_009: float64, float64 
[ 2023-01-12 12:08:01,308] 90 root - INFO - Hypothesis bb_000: float64, float64 
[ 2023-01-12 12:08:01,315] 90 root - INFO - Hypothesis bc_000: float64, float64 
[ 2023-01-12 12:08:01,320] 90 root - INFO - Hypothesis bd_000: float64, float64 
[ 2023-01-12 12:08:01,325] 90 root - INFO - Hypothesis be_000: float64, float64 
[ 2023-01-12 12:08:01,331] 90 root - INFO - Hypothesis bf_000: float64, float64 
[ 2023-01-12 12:08:01,336] 90 root - INFO - Hypothesis bg_000: float64, float64 
[ 2023-01-12 12:08:01,343] 90 root - INFO - Hypothesis bh_000: float64, float64 
[ 2023-01-12 12:08:01,350] 90 root - INFO - Hypothesis bi_000: float64, float64 
[ 2023-01-12 12:08:01,357] 90 root - INFO - Hypothesis bj_000: float64, float64 
[ 2023-01-12 12:08:01,364] 90 root - INFO - Hypothesis bk_000: float64, float64 
[ 2023-01-12 12:08:01,369] 90 root - INFO - Hypothesis bl_000: float64, float64 
[ 2023-01-12 12:08:01,375] 90 root - INFO - Hypothesis bm_000: float64, float64 
[ 2023-01-12 12:08:01,379] 90 root - INFO - Hypothesis bs_000: float64, float64 
[ 2023-01-12 12:08:01,386] 90 root - INFO - Hypothesis bt_000: float64, float64 
[ 2023-01-12 12:08:01,393] 90 root - INFO - Hypothesis bu_000: float64, float64 
[ 2023-01-12 12:08:01,399] 90 root - INFO - Hypothesis bv_000: float64, float64 
[ 2023-01-12 12:08:01,406] 90 root - INFO - Hypothesis bx_000: float64, float64 
[ 2023-01-12 12:08:01,413] 90 root - INFO - Hypothesis by_000: float64, float64 
[ 2023-01-12 12:08:01,420] 90 root - INFO - Hypothesis bz_000: float64, float64 
[ 2023-01-12 12:08:01,426] 90 root - INFO - Hypothesis ca_000: float64, float64 
[ 2023-01-12 12:08:01,433] 90 root - INFO - Hypothesis cb_000: float64, float64 
[ 2023-01-12 12:08:01,440] 90 root - INFO - Hypothesis cc_000: float64, float64 
[ 2023-01-12 12:08:01,447] 90 root - INFO - Hypothesis cd_000: float64, float64 
[ 2023-01-12 12:08:01,462] 90 root - INFO - Hypothesis ce_000: float64, float64 
[ 2023-01-12 12:08:01,468] 90 root - INFO - Hypothesis cf_000: float64, float64 
[ 2023-01-12 12:08:01,472] 90 root - INFO - Hypothesis cg_000: float64, float64 
[ 2023-01-12 12:08:01,477] 90 root - INFO - Hypothesis ch_000: float64, float64 
[ 2023-01-12 12:08:01,480] 90 root - INFO - Hypothesis ci_000: float64, float64 
[ 2023-01-12 12:08:01,487] 90 root - INFO - Hypothesis cj_000: float64, float64 
[ 2023-01-12 12:08:01,491] 90 root - INFO - Hypothesis ck_000: float64, float64 
[ 2023-01-12 12:08:01,498] 90 root - INFO - Hypothesis cl_000: float64, float64 
[ 2023-01-12 12:08:01,503] 90 root - INFO - Hypothesis cm_000: float64, float64 
[ 2023-01-12 12:08:01,508] 90 root - INFO - Hypothesis cn_000: float64, float64 
[ 2023-01-12 12:08:01,511] 90 root - INFO - Hypothesis cn_001: float64, float64 
[ 2023-01-12 12:08:01,515] 90 root - INFO - Hypothesis cn_002: float64, float64 
[ 2023-01-12 12:08:01,521] 90 root - INFO - Hypothesis cn_003: float64, float64 
[ 2023-01-12 12:08:01,528] 90 root - INFO - Hypothesis cn_004: float64, float64 
[ 2023-01-12 12:08:01,535] 90 root - INFO - Hypothesis cn_005: float64, float64 
[ 2023-01-12 12:08:01,542] 90 root - INFO - Hypothesis cn_006: float64, float64 
[ 2023-01-12 12:08:01,549] 90 root - INFO - Hypothesis cn_007: float64, float64 
[ 2023-01-12 12:08:01,555] 90 root - INFO - Hypothesis cn_008: float64, float64 
[ 2023-01-12 12:08:01,561] 90 root - INFO - Hypothesis cn_009: float64, float64 
[ 2023-01-12 12:08:01,566] 90 root - INFO - Hypothesis co_000: float64, float64 
[ 2023-01-12 12:08:01,571] 90 root - INFO - Hypothesis cp_000: float64, float64 
[ 2023-01-12 12:08:01,576] 90 root - INFO - Hypothesis cq_000: float64, float64 
[ 2023-01-12 12:08:01,583] 90 root - INFO - Hypothesis cs_000: float64, float64 
[ 2023-01-12 12:08:01,590] 90 root - INFO - Hypothesis cs_001: float64, float64 
[ 2023-01-12 12:08:01,595] 90 root - INFO - Hypothesis cs_002: float64, float64 
[ 2023-01-12 12:08:01,602] 90 root - INFO - Hypothesis cs_003: float64, float64 
[ 2023-01-12 12:08:01,609] 90 root - INFO - Hypothesis cs_004: float64, float64 
[ 2023-01-12 12:08:01,616] 90 root - INFO - Hypothesis cs_005: float64, float64 
[ 2023-01-12 12:08:01,623] 90 root - INFO - Hypothesis cs_006: float64, float64 
[ 2023-01-12 12:08:01,630] 90 root - INFO - Hypothesis cs_007: float64, float64 
[ 2023-01-12 12:08:01,637] 90 root - INFO - Hypothesis cs_008: float64, float64 
[ 2023-01-12 12:08:01,642] 90 root - INFO - Hypothesis cs_009: float64, float64 
[ 2023-01-12 12:08:01,657] 90 root - INFO - Hypothesis ct_000: float64, float64 
[ 2023-01-12 12:08:01,662] 90 root - INFO - Hypothesis cu_000: float64, float64 
[ 2023-01-12 12:08:01,668] 90 root - INFO - Hypothesis cv_000: float64, float64 
[ 2023-01-12 12:08:01,674] 90 root - INFO - Hypothesis cx_000: float64, float64 
[ 2023-01-12 12:08:01,680] 90 root - INFO - Hypothesis cy_000: float64, float64 
[ 2023-01-12 12:08:01,684] 90 root - INFO - Hypothesis cz_000: float64, float64 
[ 2023-01-12 12:08:01,689] 90 root - INFO - Hypothesis da_000: float64, float64 
[ 2023-01-12 12:08:01,692] 90 root - INFO - Hypothesis db_000: float64, float64 
[ 2023-01-12 12:08:01,696] 90 root - INFO - Hypothesis dc_000: float64, float64 
[ 2023-01-12 12:08:01,702] 90 root - INFO - Hypothesis dd_000: float64, float64 
[ 2023-01-12 12:08:01,709] 90 root - INFO - Hypothesis de_000: float64, float64 
[ 2023-01-12 12:08:01,715] 90 root - INFO - Hypothesis df_000: float64, float64 
[ 2023-01-12 12:08:01,730] 90 root - INFO - Hypothesis dg_000: float64, float64 
[ 2023-01-12 12:08:01,746] 90 root - INFO - Hypothesis dh_000: float64, float64 
[ 2023-01-12 12:08:01,750] 90 root - INFO - Hypothesis di_000: float64, float64 
[ 2023-01-12 12:08:01,754] 90 root - INFO - Hypothesis dj_000: float64, float64 
[ 2023-01-12 12:08:01,769] 90 root - INFO - Hypothesis dk_000: float64, float64 
[ 2023-01-12 12:08:01,785] 90 root - INFO - Hypothesis dl_000: float64, float64 
[ 2023-01-12 12:08:01,803] 90 root - INFO - Hypothesis dm_000: float64, float64 
[ 2023-01-12 12:08:01,819] 90 root - INFO - Hypothesis dn_000: float64, float64 
[ 2023-01-12 12:08:01,825] 90 root - INFO - Hypothesis do_000: float64, float64 
[ 2023-01-12 12:08:01,832] 90 root - INFO - Hypothesis dp_000: float64, float64 
[ 2023-01-12 12:08:01,838] 90 root - INFO - Hypothesis dq_000: float64, float64 
[ 2023-01-12 12:08:01,842] 90 root - INFO - Hypothesis dr_000: float64, float64 
[ 2023-01-12 12:08:01,846] 90 root - INFO - Hypothesis ds_000: float64, float64 
[ 2023-01-12 12:08:01,853] 90 root - INFO - Hypothesis dt_000: float64, float64 
[ 2023-01-12 12:08:01,859] 90 root - INFO - Hypothesis du_000: float64, float64 
[ 2023-01-12 12:08:01,866] 90 root - INFO - Hypothesis dv_000: float64, float64 
[ 2023-01-12 12:08:01,873] 90 root - INFO - Hypothesis dx_000: float64, float64 
[ 2023-01-12 12:08:01,889] 90 root - INFO - Hypothesis dy_000: float64, float64 
[ 2023-01-12 12:08:01,894] 90 root - INFO - Hypothesis dz_000: float64, float64 
[ 2023-01-12 12:08:01,909] 90 root - INFO - Hypothesis ea_000: float64, float64 
[ 2023-01-12 12:08:01,925] 90 root - INFO - Hypothesis eb_000: float64, float64 
[ 2023-01-12 12:08:01,931] 90 root - INFO - Hypothesis ec_00: float64, float64 
[ 2023-01-12 12:08:01,937] 90 root - INFO - Hypothesis ed_000: float64, float64 
[ 2023-01-12 12:08:01,943] 90 root - INFO - Hypothesis ee_000: float64, float64 
[ 2023-01-12 12:08:01,950] 90 root - INFO - Hypothesis ee_001: float64, float64 
[ 2023-01-12 12:08:01,957] 90 root - INFO - Hypothesis ee_002: float64, float64 
[ 2023-01-12 12:08:01,964] 90 root - INFO - Hypothesis ee_003: float64, float64 
[ 2023-01-12 12:08:01,971] 90 root - INFO - Hypothesis ee_004: float64, float64 
[ 2023-01-12 12:08:01,977] 90 root - INFO - Hypothesis ee_005: float64, float64 
[ 2023-01-12 12:08:01,984] 90 root - INFO - Hypothesis ee_006: float64, float64 
[ 2023-01-12 12:08:01,991] 90 root - INFO - Hypothesis ee_007: float64, float64 
[ 2023-01-12 12:08:01,997] 90 root - INFO - Hypothesis ee_008: float64, float64 
[ 2023-01-12 12:08:02,004] 90 root - INFO - Hypothesis ee_009: float64, float64 
[ 2023-01-12 12:08:02,022] 90 root - INFO - Hypothesis ef_000: float64, float64 
[ 2023-01-12 12:08:02,037] 90 root - INFO - Hypothesis eg_000: float64, float64 
[ 2023-01-12 12:08:02,055] 149 root - INFO - Write report in yaml file
[ 2023-01-12 12:08:02,197] 154 root - INFO - Data validation artifact: DataValidationArtifact(report_file_path='/config/workspace/artifact/01122023__120733/data_validation/report.yaml')
