[ 2023-01-12 12:13:47,890] 15 root - INFO - >>>>>>>>>>>>>>>>>>>>>>>>>>>>>>>>>>>>>>>> Data Ingestion <<<<<<<<<<<<<<<<<<<<<<<<<<<<<<<<<<<<<<<<
[ 2023-01-12 12:13:47,890] 22 root - INFO - Exporting collection data as pandas dataframe
[ 2023-01-12 12:13:47,890] 23 root - INFO - Reading data from database: aps and collection : sensor
[ 2023-01-12 12:13:51,122] 25 root - INFO - Found columns : Index(['_id', 'class', 'aa_000', 'ab_000', 'ac_000', 'ad_000', 'ae_000',
       'af_000', 'ag_000', 'ag_001',
       ...
       'ee_002', 'ee_003', 'ee_004', 'ee_005', 'ee_006', 'ee_007', 'ee_008',
       'ee_009', 'ef_000', 'eg_000'],
      dtype='object', length=172)
[ 2023-01-12 12:13:51,123] 27 root - INFO - Droppping column : _id
[ 2023-01-12 12:13:51,315] 29 root - INFO - Rows and Columns in df: (36188, 171)
[ 2023-01-12 12:13:51,315] 28 root - INFO - Save data in feature store
[ 2023-01-12 12:13:51,874] 34 root - INFO - Create feature store folder if not available
[ 2023-01-12 12:13:51,875] 38 root - INFO - Save df to feature store folder
[ 2023-01-12 12:13:54,385] 43 root - INFO - split dataset into train and test set
[ 2023-01-12 12:13:54,958] 47 root - INFO - create dataset directory folder if not available
[ 2023-01-12 12:13:54,958] 52 root - INFO - Save df to feature store folder
[ 2023-01-12 12:13:57,271] 65 root - INFO - Data ingestion artifact: DataIngestionArtifact(feature_store_file_path='/config/workspace/artifact/01122023__121347/data_ingestion/feature_store/sensor.csv', train_file_path='/config/workspace/artifact/01122023__121347/data_ingestion/dataset/train.csv', test_file_path='/config/workspace/artifact/01122023__121347/data_ingestion/dataset/test.csv')
[ 2023-01-12 12:13:57,704] 23 root - INFO - >>>>>>>>>>>>>>>>>>>>>>>>>>>>>>>>>>>>>>>> Data Validation <<<<<<<<<<<<<<<<<<<<<<<<<<<<<<<<<<<<<<<<
[ 2023-01-12 12:13:57,705] 112 root - INFO - Reading base dataframe
[ 2023-01-12 12:14:00,747] 115 root - INFO - Replace na value in base df
[ 2023-01-12 12:14:00,747] 117 root - INFO - Drop null values colums from base df
[ 2023-01-12 12:14:01,709] 46 root - INFO - selecting column name which contains null above to 0.7
[ 2023-01-12 12:14:01,710] 49 root - INFO - Columns to drop: ['ab_000', 'bn_000', 'bo_000', 'bp_000', 'bq_000', 'br_000', 'cr_000']
[ 2023-01-12 12:14:01,804] 120 root - INFO - Reading train dataframe
[ 2023-01-12 12:14:02,214] 122 root - INFO - Reading test dataframe
[ 2023-01-12 12:14:02,316] 125 root - INFO - Drop null values colums from train df
[ 2023-01-12 12:14:02,328] 46 root - INFO - selecting column name which contains null above to 0.7
[ 2023-01-12 12:14:02,328] 49 root - INFO - Columns to drop: ['ab_000', 'bn_000', 'bo_000', 'bp_000', 'bq_000', 'br_000', 'cr_000']
[ 2023-01-12 12:14:02,338] 127 root - INFO - Drop null values colums from test df
[ 2023-01-12 12:14:02,342] 46 root - INFO - selecting column name which contains null above to 0.7
[ 2023-01-12 12:14:02,343] 49 root - INFO - Columns to drop: ['ab_000', 'bn_000', 'bo_000', 'bp_000', 'bq_000', 'br_000', 'cr_000']
[ 2023-01-12 12:14:09,731] 136 root - INFO - Is all required columns present in train df
[ 2023-01-12 12:14:09,731] 138 root - INFO - Is all required columns present in test df
[ 2023-01-12 12:14:09,732] 142 root - INFO - As all column are available in train df hence detecting data drift
[ 2023-01-12 12:14:09,732] 90 root - INFO - Hypothesis class: object, object 
[ 2023-01-12 12:14:09,864] 90 root - INFO - Hypothesis aa_000: float64, float64 
[ 2023-01-12 12:14:09,905] 90 root - INFO - Hypothesis ac_000: float64, float64 
[ 2023-01-12 12:14:09,945] 90 root - INFO - Hypothesis ad_000: float64, float64 
[ 2023-01-12 12:14:09,953] 90 root - INFO - Hypothesis ae_000: float64, float64 
[ 2023-01-12 12:14:09,990] 90 root - INFO - Hypothesis af_000: float64, float64 
[ 2023-01-12 12:14:10,026] 90 root - INFO - Hypothesis ag_000: float64, float64 
[ 2023-01-12 12:14:10,061] 90 root - INFO - Hypothesis ag_001: float64, float64 
[ 2023-01-12 12:14:10,098] 90 root - INFO - Hypothesis ag_002: float64, float64 
[ 2023-01-12 12:14:10,134] 90 root - INFO - Hypothesis ag_003: float64, float64 
[ 2023-01-12 12:14:10,171] 90 root - INFO - Hypothesis ag_004: float64, float64 
[ 2023-01-12 12:14:10,181] 90 root - INFO - Hypothesis ag_005: float64, float64 
[ 2023-01-12 12:14:10,192] 90 root - INFO - Hypothesis ag_006: float64, float64 
[ 2023-01-12 12:14:10,202] 90 root - INFO - Hypothesis ag_007: float64, float64 
[ 2023-01-12 12:14:10,244] 90 root - INFO - Hypothesis ag_008: float64, float64 
[ 2023-01-12 12:14:10,252] 90 root - INFO - Hypothesis ag_009: float64, float64 
[ 2023-01-12 12:14:10,259] 90 root - INFO - Hypothesis ah_000: float64, float64 
[ 2023-01-12 12:14:10,270] 90 root - INFO - Hypothesis ai_000: float64, float64 
[ 2023-01-12 12:14:10,307] 90 root - INFO - Hypothesis aj_000: float64, float64 
[ 2023-01-12 12:14:10,313] 90 root - INFO - Hypothesis ak_000: float64, float64 
[ 2023-01-12 12:14:10,349] 90 root - INFO - Hypothesis al_000: float64, float64 
[ 2023-01-12 12:14:10,357] 90 root - INFO - Hypothesis am_0: float64, float64 
[ 2023-01-12 12:14:10,365] 90 root - INFO - Hypothesis an_000: float64, float64 
[ 2023-01-12 12:14:10,376] 90 root - INFO - Hypothesis ao_000: float64, float64 
[ 2023-01-12 12:14:10,387] 90 root - INFO - Hypothesis ap_000: float64, float64 
[ 2023-01-12 12:14:10,431] 90 root - INFO - Hypothesis aq_000: float64, float64 
[ 2023-01-12 12:14:10,474] 90 root - INFO - Hypothesis ar_000: float64, float64 
[ 2023-01-12 12:14:10,511] 90 root - INFO - Hypothesis as_000: float64, float64 
[ 2023-01-12 12:14:10,547] 90 root - INFO - Hypothesis at_000: float64, float64 
[ 2023-01-12 12:14:10,584] 90 root - INFO - Hypothesis au_000: float64, float64 
[ 2023-01-12 12:14:10,619] 90 root - INFO - Hypothesis av_000: float64, float64 
[ 2023-01-12 12:14:10,628] 90 root - INFO - Hypothesis ax_000: float64, float64 
[ 2023-01-12 12:14:10,636] 90 root - INFO - Hypothesis ay_000: float64, float64 
[ 2023-01-12 12:14:10,671] 90 root - INFO - Hypothesis ay_001: float64, float64 
[ 2023-01-12 12:14:10,706] 90 root - INFO - Hypothesis ay_002: float64, float64 
[ 2023-01-12 12:14:10,741] 90 root - INFO - Hypothesis ay_003: float64, float64 
[ 2023-01-12 12:14:10,776] 90 root - INFO - Hypothesis ay_004: float64, float64 
[ 2023-01-12 12:14:10,812] 90 root - INFO - Hypothesis ay_005: float64, float64 
[ 2023-01-12 12:14:10,820] 90 root - INFO - Hypothesis ay_006: float64, float64 
[ 2023-01-12 12:14:10,830] 90 root - INFO - Hypothesis ay_007: float64, float64 
[ 2023-01-12 12:14:10,874] 90 root - INFO - Hypothesis ay_008: float64, float64 
[ 2023-01-12 12:14:10,886] 90 root - INFO - Hypothesis ay_009: float64, float64 
[ 2023-01-12 12:14:10,929] 90 root - INFO - Hypothesis az_000: float64, float64 
[ 2023-01-12 12:14:10,940] 90 root - INFO - Hypothesis az_001: float64, float64 
[ 2023-01-12 12:14:10,989] 90 root - INFO - Hypothesis az_002: float64, float64 
[ 2023-01-12 12:14:11,030] 90 root - INFO - Hypothesis az_003: float64, float64 
[ 2023-01-12 12:14:11,071] 90 root - INFO - Hypothesis az_004: float64, float64 
[ 2023-01-12 12:14:11,113] 90 root - INFO - Hypothesis az_005: float64, float64 
[ 2023-01-12 12:14:11,155] 90 root - INFO - Hypothesis az_006: float64, float64 
[ 2023-01-12 12:14:11,200] 90 root - INFO - Hypothesis az_007: float64, float64 
[ 2023-01-12 12:14:11,206] 90 root - INFO - Hypothesis az_008: float64, float64 
[ 2023-01-12 12:14:11,242] 90 root - INFO - Hypothesis az_009: float64, float64 
[ 2023-01-12 12:14:11,277] 90 root - INFO - Hypothesis ba_000: float64, float64 
[ 2023-01-12 12:14:11,319] 90 root - INFO - Hypothesis ba_001: float64, float64 
[ 2023-01-12 12:14:11,330] 90 root - INFO - Hypothesis ba_002: float64, float64 
[ 2023-01-12 12:14:11,340] 90 root - INFO - Hypothesis ba_003: float64, float64 
[ 2023-01-12 12:14:11,351] 90 root - INFO - Hypothesis ba_004: float64, float64 
[ 2023-01-12 12:14:11,392] 90 root - INFO - Hypothesis ba_005: float64, float64 
[ 2023-01-12 12:14:11,433] 90 root - INFO - Hypothesis ba_006: float64, float64 
[ 2023-01-12 12:14:11,443] 90 root - INFO - Hypothesis ba_007: float64, float64 
[ 2023-01-12 12:14:11,453] 90 root - INFO - Hypothesis ba_008: float64, float64 
[ 2023-01-12 12:14:11,462] 90 root - INFO - Hypothesis ba_009: float64, float64 
[ 2023-01-12 12:14:11,500] 90 root - INFO - Hypothesis bb_000: float64, float64 
[ 2023-01-12 12:14:11,511] 90 root - INFO - Hypothesis bc_000: float64, float64 
[ 2023-01-12 12:14:11,519] 90 root - INFO - Hypothesis bd_000: float64, float64 
[ 2023-01-12 12:14:11,527] 90 root - INFO - Hypothesis be_000: float64, float64 
[ 2023-01-12 12:14:11,568] 90 root - INFO - Hypothesis bf_000: float64, float64 
[ 2023-01-12 12:14:11,607] 90 root - INFO - Hypothesis bg_000: float64, float64 
[ 2023-01-12 12:14:11,617] 90 root - INFO - Hypothesis bh_000: float64, float64 
[ 2023-01-12 12:14:11,627] 90 root - INFO - Hypothesis bi_000: float64, float64 
[ 2023-01-12 12:14:11,638] 90 root - INFO - Hypothesis bj_000: float64, float64 
[ 2023-01-12 12:14:11,649] 90 root - INFO - Hypothesis bk_000: float64, float64 
[ 2023-01-12 12:14:11,688] 90 root - INFO - Hypothesis bl_000: float64, float64 
[ 2023-01-12 12:14:11,728] 90 root - INFO - Hypothesis bm_000: float64, float64 
[ 2023-01-12 12:14:11,765] 90 root - INFO - Hypothesis bs_000: float64, float64 
[ 2023-01-12 12:14:11,776] 90 root - INFO - Hypothesis bt_000: float64, float64 
[ 2023-01-12 12:14:11,787] 90 root - INFO - Hypothesis bu_000: float64, float64 
[ 2023-01-12 12:14:11,798] 90 root - INFO - Hypothesis bv_000: float64, float64 
[ 2023-01-12 12:14:11,808] 90 root - INFO - Hypothesis bx_000: float64, float64 
[ 2023-01-12 12:14:11,850] 90 root - INFO - Hypothesis by_000: float64, float64 
[ 2023-01-12 12:14:11,896] 90 root - INFO - Hypothesis bz_000: float64, float64 
[ 2023-01-12 12:14:11,938] 90 root - INFO - Hypothesis ca_000: float64, float64 
[ 2023-01-12 12:14:11,949] 90 root - INFO - Hypothesis cb_000: float64, float64 
[ 2023-01-12 12:14:11,961] 90 root - INFO - Hypothesis cc_000: float64, float64 
[ 2023-01-12 12:14:12,003] 90 root - INFO - Hypothesis cd_000: float64, float64 
[ 2023-01-12 12:14:12,040] 90 root - INFO - Hypothesis ce_000: float64, float64 
[ 2023-01-12 12:14:12,050] 90 root - INFO - Hypothesis cf_000: float64, float64 
[ 2023-01-12 12:14:12,056] 90 root - INFO - Hypothesis cg_000: float64, float64 
[ 2023-01-12 12:14:12,063] 90 root - INFO - Hypothesis ch_000: float64, float64 
[ 2023-01-12 12:14:12,069] 90 root - INFO - Hypothesis ci_000: float64, float64 
[ 2023-01-12 12:14:12,111] 90 root - INFO - Hypothesis cj_000: float64, float64 
[ 2023-01-12 12:14:12,147] 90 root - INFO - Hypothesis ck_000: float64, float64 
[ 2023-01-12 12:14:12,158] 90 root - INFO - Hypothesis cl_000: float64, float64 
[ 2023-01-12 12:14:12,196] 90 root - INFO - Hypothesis cm_000: float64, float64 
[ 2023-01-12 12:14:12,234] 90 root - INFO - Hypothesis cn_000: float64, float64 
[ 2023-01-12 12:14:12,271] 90 root - INFO - Hypothesis cn_001: float64, float64 
[ 2023-01-12 12:14:12,308] 90 root - INFO - Hypothesis cn_002: float64, float64 
[ 2023-01-12 12:14:12,349] 90 root - INFO - Hypothesis cn_003: float64, float64 
[ 2023-01-12 12:14:12,391] 90 root - INFO - Hypothesis cn_004: float64, float64 
[ 2023-01-12 12:14:12,435] 90 root - INFO - Hypothesis cn_005: float64, float64 
[ 2023-01-12 12:14:12,479] 90 root - INFO - Hypothesis cn_006: float64, float64 
[ 2023-01-12 12:14:12,521] 90 root - INFO - Hypothesis cn_007: float64, float64 
[ 2023-01-12 12:14:12,531] 90 root - INFO - Hypothesis cn_008: float64, float64 
[ 2023-01-12 12:14:12,541] 90 root - INFO - Hypothesis cn_009: float64, float64 
[ 2023-01-12 12:14:12,549] 90 root - INFO - Hypothesis co_000: float64, float64 
[ 2023-01-12 12:14:12,557] 90 root - INFO - Hypothesis cp_000: float64, float64 
[ 2023-01-12 12:14:12,596] 90 root - INFO - Hypothesis cq_000: float64, float64 
[ 2023-01-12 12:14:12,607] 90 root - INFO - Hypothesis cs_000: float64, float64 
[ 2023-01-12 12:14:12,651] 90 root - INFO - Hypothesis cs_001: float64, float64 
[ 2023-01-12 12:14:12,691] 90 root - INFO - Hypothesis cs_002: float64, float64 
[ 2023-01-12 12:14:12,701] 90 root - INFO - Hypothesis cs_003: float64, float64 
[ 2023-01-12 12:14:12,744] 90 root - INFO - Hypothesis cs_004: float64, float64 
[ 2023-01-12 12:14:12,786] 90 root - INFO - Hypothesis cs_005: float64, float64 
[ 2023-01-12 12:14:12,828] 90 root - INFO - Hypothesis cs_006: float64, float64 
[ 2023-01-12 12:14:12,874] 90 root - INFO - Hypothesis cs_007: float64, float64 
[ 2023-01-12 12:14:12,916] 90 root - INFO - Hypothesis cs_008: float64, float64 
[ 2023-01-12 12:14:12,924] 90 root - INFO - Hypothesis cs_009: float64, float64 
[ 2023-01-12 12:14:12,960] 90 root - INFO - Hypothesis ct_000: float64, float64 
[ 2023-01-12 12:14:12,968] 90 root - INFO - Hypothesis cu_000: float64, float64 
[ 2023-01-12 12:14:12,976] 90 root - INFO - Hypothesis cv_000: float64, float64 
[ 2023-01-12 12:14:12,986] 90 root - INFO - Hypothesis cx_000: float64, float64 
[ 2023-01-12 12:14:12,995] 90 root - INFO - Hypothesis cy_000: float64, float64 
[ 2023-01-12 12:14:13,001] 90 root - INFO - Hypothesis cz_000: float64, float64 
[ 2023-01-12 12:14:13,010] 90 root - INFO - Hypothesis da_000: float64, float64 
[ 2023-01-12 12:14:13,015] 90 root - INFO - Hypothesis db_000: float64, float64 
[ 2023-01-12 12:14:13,022] 90 root - INFO - Hypothesis dc_000: float64, float64 
[ 2023-01-12 12:14:13,031] 90 root - INFO - Hypothesis dd_000: float64, float64 
[ 2023-01-12 12:14:13,041] 90 root - INFO - Hypothesis de_000: float64, float64 
[ 2023-01-12 12:14:13,082] 90 root - INFO - Hypothesis df_000: float64, float64 
[ 2023-01-12 12:14:13,118] 90 root - INFO - Hypothesis dg_000: float64, float64 
[ 2023-01-12 12:14:13,154] 90 root - INFO - Hypothesis dh_000: float64, float64 
[ 2023-01-12 12:14:13,191] 90 root - INFO - Hypothesis di_000: float64, float64 
[ 2023-01-12 12:14:13,228] 90 root - INFO - Hypothesis dj_000: float64, float64 
[ 2023-01-12 12:14:13,264] 90 root - INFO - Hypothesis dk_000: float64, float64 
[ 2023-01-12 12:14:13,300] 90 root - INFO - Hypothesis dl_000: float64, float64 
[ 2023-01-12 12:14:13,336] 90 root - INFO - Hypothesis dm_000: float64, float64 
[ 2023-01-12 12:14:13,372] 90 root - INFO - Hypothesis dn_000: float64, float64 
[ 2023-01-12 12:14:13,382] 90 root - INFO - Hypothesis do_000: float64, float64 
[ 2023-01-12 12:14:13,392] 90 root - INFO - Hypothesis dp_000: float64, float64 
[ 2023-01-12 12:14:13,401] 90 root - INFO - Hypothesis dq_000: float64, float64 
[ 2023-01-12 12:14:13,439] 90 root - INFO - Hypothesis dr_000: float64, float64 
[ 2023-01-12 12:14:13,477] 90 root - INFO - Hypothesis ds_000: float64, float64 
[ 2023-01-12 12:14:13,487] 90 root - INFO - Hypothesis dt_000: float64, float64 
[ 2023-01-12 12:14:13,497] 90 root - INFO - Hypothesis du_000: float64, float64 
[ 2023-01-12 12:14:13,508] 90 root - INFO - Hypothesis dv_000: float64, float64 
[ 2023-01-12 12:14:13,519] 90 root - INFO - Hypothesis dx_000: float64, float64 
[ 2023-01-12 12:14:13,558] 90 root - INFO - Hypothesis dy_000: float64, float64 
[ 2023-01-12 12:14:13,565] 90 root - INFO - Hypothesis dz_000: float64, float64 
[ 2023-01-12 12:14:13,601] 90 root - INFO - Hypothesis ea_000: float64, float64 
[ 2023-01-12 12:14:13,636] 90 root - INFO - Hypothesis eb_000: float64, float64 
[ 2023-01-12 12:14:13,676] 90 root - INFO - Hypothesis ec_00: float64, float64 
[ 2023-01-12 12:14:13,687] 90 root - INFO - Hypothesis ed_000: float64, float64 
[ 2023-01-12 12:14:13,695] 90 root - INFO - Hypothesis ee_000: float64, float64 
[ 2023-01-12 12:14:13,738] 90 root - INFO - Hypothesis ee_001: float64, float64 
[ 2023-01-12 12:14:13,779] 90 root - INFO - Hypothesis ee_002: float64, float64 
[ 2023-01-12 12:14:13,790] 90 root - INFO - Hypothesis ee_003: float64, float64 
[ 2023-01-12 12:14:13,833] 90 root - INFO - Hypothesis ee_004: float64, float64 
[ 2023-01-12 12:14:13,875] 90 root - INFO - Hypothesis ee_005: float64, float64 
[ 2023-01-12 12:14:13,917] 90 root - INFO - Hypothesis ee_006: float64, float64 
[ 2023-01-12 12:14:13,958] 90 root - INFO - Hypothesis ee_007: float64, float64 
[ 2023-01-12 12:14:13,999] 90 root - INFO - Hypothesis ee_008: float64, float64 
[ 2023-01-12 12:14:14,008] 90 root - INFO - Hypothesis ee_009: float64, float64 
[ 2023-01-12 12:14:14,048] 90 root - INFO - Hypothesis ef_000: float64, float64 
[ 2023-01-12 12:14:14,084] 90 root - INFO - Hypothesis eg_000: float64, float64 
[ 2023-01-12 12:14:14,119] 145 root - INFO - As all column are available in test df hence detecting data drift
[ 2023-01-12 12:14:14,120] 90 root - INFO - Hypothesis class: object, object 
[ 2023-01-12 12:14:14,195] 90 root - INFO - Hypothesis aa_000: float64, float64 
[ 2023-01-12 12:14:14,202] 90 root - INFO - Hypothesis ac_000: float64, float64 
[ 2023-01-12 12:14:14,208] 90 root - INFO - Hypothesis ad_000: float64, float64 
[ 2023-01-12 12:14:14,213] 90 root - INFO - Hypothesis ae_000: float64, float64 
[ 2023-01-12 12:14:14,228] 90 root - INFO - Hypothesis af_000: float64, float64 
[ 2023-01-12 12:14:14,243] 90 root - INFO - Hypothesis ag_000: float64, float64 
[ 2023-01-12 12:14:14,258] 90 root - INFO - Hypothesis ag_001: float64, float64 
[ 2023-01-12 12:14:14,273] 90 root - INFO - Hypothesis ag_002: float64, float64 
[ 2023-01-12 12:14:14,288] 90 root - INFO - Hypothesis ag_003: float64, float64 
[ 2023-01-12 12:14:14,292] 90 root - INFO - Hypothesis ag_004: float64, float64 
[ 2023-01-12 12:14:14,299] 90 root - INFO - Hypothesis ag_005: float64, float64 
[ 2023-01-12 12:14:14,306] 90 root - INFO - Hypothesis ag_006: float64, float64 
[ 2023-01-12 12:14:14,313] 90 root - INFO - Hypothesis ag_007: float64, float64 
[ 2023-01-12 12:14:14,319] 90 root - INFO - Hypothesis ag_008: float64, float64 
[ 2023-01-12 12:14:14,325] 90 root - INFO - Hypothesis ag_009: float64, float64 
[ 2023-01-12 12:14:14,330] 90 root - INFO - Hypothesis ah_000: float64, float64 
[ 2023-01-12 12:14:14,337] 90 root - INFO - Hypothesis ai_000: float64, float64 
[ 2023-01-12 12:14:14,341] 90 root - INFO - Hypothesis aj_000: float64, float64 
[ 2023-01-12 12:14:14,345] 90 root - INFO - Hypothesis ak_000: float64, float64 
[ 2023-01-12 12:14:14,348] 90 root - INFO - Hypothesis al_000: float64, float64 
[ 2023-01-12 12:14:14,353] 90 root - INFO - Hypothesis am_0: float64, float64 
[ 2023-01-12 12:14:14,358] 90 root - INFO - Hypothesis an_000: float64, float64 
[ 2023-01-12 12:14:14,365] 90 root - INFO - Hypothesis ao_000: float64, float64 
[ 2023-01-12 12:14:14,372] 90 root - INFO - Hypothesis ap_000: float64, float64 
[ 2023-01-12 12:14:14,379] 90 root - INFO - Hypothesis aq_000: float64, float64 
[ 2023-01-12 12:14:14,386] 90 root - INFO - Hypothesis ar_000: float64, float64 
[ 2023-01-12 12:14:14,389] 90 root - INFO - Hypothesis as_000: float64, float64 
[ 2023-01-12 12:14:14,405] 90 root - INFO - Hypothesis at_000: float64, float64 
[ 2023-01-12 12:14:14,420] 90 root - INFO - Hypothesis au_000: float64, float64 
[ 2023-01-12 12:14:14,435] 90 root - INFO - Hypothesis av_000: float64, float64 
[ 2023-01-12 12:14:14,441] 90 root - INFO - Hypothesis ax_000: float64, float64 
[ 2023-01-12 12:14:14,446] 90 root - INFO - Hypothesis ay_000: float64, float64 
[ 2023-01-12 12:14:14,461] 90 root - INFO - Hypothesis ay_001: float64, float64 
[ 2023-01-12 12:14:14,476] 90 root - INFO - Hypothesis ay_002: float64, float64 
[ 2023-01-12 12:14:14,491] 90 root - INFO - Hypothesis ay_003: float64, float64 
[ 2023-01-12 12:14:14,506] 90 root - INFO - Hypothesis ay_004: float64, float64 
[ 2023-01-12 12:14:14,523] 90 root - INFO - Hypothesis ay_005: float64, float64 
[ 2023-01-12 12:14:14,528] 90 root - INFO - Hypothesis ay_006: float64, float64 
[ 2023-01-12 12:14:14,535] 90 root - INFO - Hypothesis ay_007: float64, float64 
[ 2023-01-12 12:14:14,542] 90 root - INFO - Hypothesis ay_008: float64, float64 
[ 2023-01-12 12:14:14,549] 90 root - INFO - Hypothesis ay_009: float64, float64 
[ 2023-01-12 12:14:14,564] 90 root - INFO - Hypothesis az_000: float64, float64 
[ 2023-01-12 12:14:14,571] 90 root - INFO - Hypothesis az_001: float64, float64 
[ 2023-01-12 12:14:14,577] 90 root - INFO - Hypothesis az_002: float64, float64 
[ 2023-01-12 12:14:14,583] 90 root - INFO - Hypothesis az_003: float64, float64 
[ 2023-01-12 12:14:14,590] 90 root - INFO - Hypothesis az_004: float64, float64 
[ 2023-01-12 12:14:14,597] 90 root - INFO - Hypothesis az_005: float64, float64 
[ 2023-01-12 12:14:14,605] 90 root - INFO - Hypothesis az_006: float64, float64 
[ 2023-01-12 12:14:14,611] 90 root - INFO - Hypothesis az_007: float64, float64 
[ 2023-01-12 12:14:14,615] 90 root - INFO - Hypothesis az_008: float64, float64 
[ 2023-01-12 12:14:14,618] 90 root - INFO - Hypothesis az_009: float64, float64 
[ 2023-01-12 12:14:14,633] 90 root - INFO - Hypothesis ba_000: float64, float64 
[ 2023-01-12 12:14:14,640] 90 root - INFO - Hypothesis ba_001: float64, float64 
[ 2023-01-12 12:14:14,647] 90 root - INFO - Hypothesis ba_002: float64, float64 
[ 2023-01-12 12:14:14,654] 90 root - INFO - Hypothesis ba_003: float64, float64 
[ 2023-01-12 12:14:14,661] 90 root - INFO - Hypothesis ba_004: float64, float64 
[ 2023-01-12 12:14:14,668] 90 root - INFO - Hypothesis ba_005: float64, float64 
[ 2023-01-12 12:14:14,675] 90 root - INFO - Hypothesis ba_006: float64, float64 
[ 2023-01-12 12:14:14,682] 90 root - INFO - Hypothesis ba_007: float64, float64 
[ 2023-01-12 12:14:14,689] 90 root - INFO - Hypothesis ba_008: float64, float64 
[ 2023-01-12 12:14:14,694] 90 root - INFO - Hypothesis ba_009: float64, float64 
[ 2023-01-12 12:14:14,699] 90 root - INFO - Hypothesis bb_000: float64, float64 
[ 2023-01-12 12:14:14,706] 90 root - INFO - Hypothesis bc_000: float64, float64 
[ 2023-01-12 12:14:14,711] 90 root - INFO - Hypothesis bd_000: float64, float64 
[ 2023-01-12 12:14:14,717] 90 root - INFO - Hypothesis be_000: float64, float64 
[ 2023-01-12 12:14:14,723] 90 root - INFO - Hypothesis bf_000: float64, float64 
[ 2023-01-12 12:14:14,727] 90 root - INFO - Hypothesis bg_000: float64, float64 
[ 2023-01-12 12:14:14,735] 90 root - INFO - Hypothesis bh_000: float64, float64 
[ 2023-01-12 12:14:14,741] 90 root - INFO - Hypothesis bi_000: float64, float64 
[ 2023-01-12 12:14:14,748] 90 root - INFO - Hypothesis bj_000: float64, float64 
[ 2023-01-12 12:14:14,756] 90 root - INFO - Hypothesis bk_000: float64, float64 
[ 2023-01-12 12:14:14,761] 90 root - INFO - Hypothesis bl_000: float64, float64 
[ 2023-01-12 12:14:14,767] 90 root - INFO - Hypothesis bm_000: float64, float64 
[ 2023-01-12 12:14:14,771] 90 root - INFO - Hypothesis bs_000: float64, float64 
[ 2023-01-12 12:14:14,778] 90 root - INFO - Hypothesis bt_000: float64, float64 
[ 2023-01-12 12:14:14,785] 90 root - INFO - Hypothesis bu_000: float64, float64 
[ 2023-01-12 12:14:14,792] 90 root - INFO - Hypothesis bv_000: float64, float64 
[ 2023-01-12 12:14:14,800] 90 root - INFO - Hypothesis bx_000: float64, float64 
[ 2023-01-12 12:14:14,806] 90 root - INFO - Hypothesis by_000: float64, float64 
[ 2023-01-12 12:14:14,813] 90 root - INFO - Hypothesis bz_000: float64, float64 
[ 2023-01-12 12:14:14,819] 90 root - INFO - Hypothesis ca_000: float64, float64 
[ 2023-01-12 12:14:14,827] 90 root - INFO - Hypothesis cb_000: float64, float64 
[ 2023-01-12 12:14:14,834] 90 root - INFO - Hypothesis cc_000: float64, float64 
[ 2023-01-12 12:14:14,841] 90 root - INFO - Hypothesis cd_000: float64, float64 
[ 2023-01-12 12:14:14,857] 90 root - INFO - Hypothesis ce_000: float64, float64 
[ 2023-01-12 12:14:14,863] 90 root - INFO - Hypothesis cf_000: float64, float64 
[ 2023-01-12 12:14:14,867] 90 root - INFO - Hypothesis cg_000: float64, float64 
[ 2023-01-12 12:14:14,873] 90 root - INFO - Hypothesis ch_000: float64, float64 
[ 2023-01-12 12:14:14,877] 90 root - INFO - Hypothesis ci_000: float64, float64 
[ 2023-01-12 12:14:14,884] 90 root - INFO - Hypothesis cj_000: float64, float64 
[ 2023-01-12 12:14:14,900] 90 root - INFO - Hypothesis ck_000: float64, float64 
[ 2023-01-12 12:14:14,907] 90 root - INFO - Hypothesis cl_000: float64, float64 
[ 2023-01-12 12:14:14,911] 90 root - INFO - Hypothesis cm_000: float64, float64 
[ 2023-01-12 12:14:14,916] 90 root - INFO - Hypothesis cn_000: float64, float64 
[ 2023-01-12 12:14:14,931] 90 root - INFO - Hypothesis cn_001: float64, float64 
[ 2023-01-12 12:14:14,935] 90 root - INFO - Hypothesis cn_002: float64, float64 
[ 2023-01-12 12:14:14,940] 90 root - INFO - Hypothesis cn_003: float64, float64 
[ 2023-01-12 12:14:14,947] 90 root - INFO - Hypothesis cn_004: float64, float64 
[ 2023-01-12 12:14:14,954] 90 root - INFO - Hypothesis cn_005: float64, float64 
[ 2023-01-12 12:14:14,961] 90 root - INFO - Hypothesis cn_006: float64, float64 
[ 2023-01-12 12:14:14,968] 90 root - INFO - Hypothesis cn_007: float64, float64 
[ 2023-01-12 12:14:14,975] 90 root - INFO - Hypothesis cn_008: float64, float64 
[ 2023-01-12 12:14:14,981] 90 root - INFO - Hypothesis cn_009: float64, float64 
[ 2023-01-12 12:14:14,986] 90 root - INFO - Hypothesis co_000: float64, float64 
[ 2023-01-12 12:14:14,991] 90 root - INFO - Hypothesis cp_000: float64, float64 
[ 2023-01-12 12:14:14,996] 90 root - INFO - Hypothesis cq_000: float64, float64 
[ 2023-01-12 12:14:15,003] 90 root - INFO - Hypothesis cs_000: float64, float64 
[ 2023-01-12 12:14:15,010] 90 root - INFO - Hypothesis cs_001: float64, float64 
[ 2023-01-12 12:14:15,016] 90 root - INFO - Hypothesis cs_002: float64, float64 
[ 2023-01-12 12:14:15,023] 90 root - INFO - Hypothesis cs_003: float64, float64 
[ 2023-01-12 12:14:15,029] 90 root - INFO - Hypothesis cs_004: float64, float64 
[ 2023-01-12 12:14:15,036] 90 root - INFO - Hypothesis cs_005: float64, float64 
[ 2023-01-12 12:14:15,043] 90 root - INFO - Hypothesis cs_006: float64, float64 
[ 2023-01-12 12:14:15,050] 90 root - INFO - Hypothesis cs_007: float64, float64 
[ 2023-01-12 12:14:15,057] 90 root - INFO - Hypothesis cs_008: float64, float64 
[ 2023-01-12 12:14:15,063] 90 root - INFO - Hypothesis cs_009: float64, float64 
[ 2023-01-12 12:14:15,077] 90 root - INFO - Hypothesis ct_000: float64, float64 
[ 2023-01-12 12:14:15,083] 90 root - INFO - Hypothesis cu_000: float64, float64 
[ 2023-01-12 12:14:15,089] 90 root - INFO - Hypothesis cv_000: float64, float64 
[ 2023-01-12 12:14:15,095] 90 root - INFO - Hypothesis cx_000: float64, float64 
[ 2023-01-12 12:14:15,101] 90 root - INFO - Hypothesis cy_000: float64, float64 
[ 2023-01-12 12:14:15,105] 90 root - INFO - Hypothesis cz_000: float64, float64 
[ 2023-01-12 12:14:15,110] 90 root - INFO - Hypothesis da_000: float64, float64 
[ 2023-01-12 12:14:15,114] 90 root - INFO - Hypothesis db_000: float64, float64 
[ 2023-01-12 12:14:15,118] 90 root - INFO - Hypothesis dc_000: float64, float64 
[ 2023-01-12 12:14:15,124] 90 root - INFO - Hypothesis dd_000: float64, float64 
[ 2023-01-12 12:14:15,130] 90 root - INFO - Hypothesis de_000: float64, float64 
[ 2023-01-12 12:14:15,136] 90 root - INFO - Hypothesis df_000: float64, float64 
[ 2023-01-12 12:14:15,139] 90 root - INFO - Hypothesis dg_000: float64, float64 
[ 2023-01-12 12:14:15,142] 90 root - INFO - Hypothesis dh_000: float64, float64 
[ 2023-01-12 12:14:15,146] 90 root - INFO - Hypothesis di_000: float64, float64 
[ 2023-01-12 12:14:15,150] 90 root - INFO - Hypothesis dj_000: float64, float64 
[ 2023-01-12 12:14:15,153] 90 root - INFO - Hypothesis dk_000: float64, float64 
[ 2023-01-12 12:14:15,157] 90 root - INFO - Hypothesis dl_000: float64, float64 
[ 2023-01-12 12:14:15,160] 90 root - INFO - Hypothesis dm_000: float64, float64 
[ 2023-01-12 12:14:15,163] 90 root - INFO - Hypothesis dn_000: float64, float64 
[ 2023-01-12 12:14:15,170] 90 root - INFO - Hypothesis do_000: float64, float64 
[ 2023-01-12 12:14:15,176] 90 root - INFO - Hypothesis dp_000: float64, float64 
[ 2023-01-12 12:14:15,182] 90 root - INFO - Hypothesis dq_000: float64, float64 
[ 2023-01-12 12:14:15,186] 90 root - INFO - Hypothesis dr_000: float64, float64 
[ 2023-01-12 12:14:15,191] 90 root - INFO - Hypothesis ds_000: float64, float64 
[ 2023-01-12 12:14:15,197] 90 root - INFO - Hypothesis dt_000: float64, float64 
[ 2023-01-12 12:14:15,204] 90 root - INFO - Hypothesis du_000: float64, float64 
[ 2023-01-12 12:14:15,211] 90 root - INFO - Hypothesis dv_000: float64, float64 
[ 2023-01-12 12:14:15,217] 90 root - INFO - Hypothesis dx_000: float64, float64 
[ 2023-01-12 12:14:15,222] 90 root - INFO - Hypothesis dy_000: float64, float64 
[ 2023-01-12 12:14:15,227] 90 root - INFO - Hypothesis dz_000: float64, float64 
[ 2023-01-12 12:14:15,230] 90 root - INFO - Hypothesis ea_000: float64, float64 
[ 2023-01-12 12:14:15,233] 90 root - INFO - Hypothesis eb_000: float64, float64 
[ 2023-01-12 12:14:15,239] 90 root - INFO - Hypothesis ec_00: float64, float64 
[ 2023-01-12 12:14:15,246] 90 root - INFO - Hypothesis ed_000: float64, float64 
[ 2023-01-12 12:14:15,252] 90 root - INFO - Hypothesis ee_000: float64, float64 
[ 2023-01-12 12:14:15,259] 90 root - INFO - Hypothesis ee_001: float64, float64 
[ 2023-01-12 12:14:15,266] 90 root - INFO - Hypothesis ee_002: float64, float64 
[ 2023-01-12 12:14:15,273] 90 root - INFO - Hypothesis ee_003: float64, float64 
[ 2023-01-12 12:14:15,280] 90 root - INFO - Hypothesis ee_004: float64, float64 
[ 2023-01-12 12:14:15,286] 90 root - INFO - Hypothesis ee_005: float64, float64 
[ 2023-01-12 12:14:15,293] 90 root - INFO - Hypothesis ee_006: float64, float64 
[ 2023-01-12 12:14:15,300] 90 root - INFO - Hypothesis ee_007: float64, float64 
[ 2023-01-12 12:14:15,306] 90 root - INFO - Hypothesis ee_008: float64, float64 
[ 2023-01-12 12:14:15,312] 90 root - INFO - Hypothesis ee_009: float64, float64 
[ 2023-01-12 12:14:15,318] 90 root - INFO - Hypothesis ef_000: float64, float64 
[ 2023-01-12 12:14:15,333] 90 root - INFO - Hypothesis eg_000: float64, float64 
[ 2023-01-12 12:14:15,348] 149 root - INFO - Write report in yaml file
[ 2023-01-12 12:14:15,534] 154 root - INFO - Data validation artifact: DataValidationArtifact(report_file_path='/config/workspace/artifact/01122023__121347/data_validation/report.yaml')
[ 2023-01-12 12:14:15,539] 24 root - INFO - >>>>>>>>>>>>>>>>>>>>>>>>>>>>>>>>>>>>>>>> Data Transformation <<<<<<<<<<<<<<<<<<<<<<<<<<<<<<<<<<<<<<<<
[ 2023-01-12 12:14:16,448] 75 root - INFO - Before resampling in training set Input: (28950, 170) Target:(28950,)
[ 2023-01-12 12:14:22,442] 77 root - INFO - After resampling in training set Input: (56176, 170) Target:(56176,)
[ 2023-01-12 12:14:22,442] 79 root - INFO - Before resampling in testing set Input: (7238, 170) Target:(7238,)
[ 2023-01-12 12:14:23,078] 81 root - INFO - After resampling in testing set Input: (14064, 170) Target:(14064,)
[ 2023-01-12 12:14:23,185] 58 root - INFO - Entered the save_object method of utils
[ 2023-01-12 12:14:23,188] 62 root - INFO - Exited the save_object method of utils
