[ 2023-01-12 11:42:56,982] 15 root - INFO - >>>>>>>>>>>>>>>>>>>>>>>>>>>>>>>>>>>>>>>> Data Ingestion <<<<<<<<<<<<<<<<<<<<<<<<<<<<<<<<<<<<<<<<
[ 2023-01-12 11:42:56,982] 22 root - INFO - Exporting collection data as pandas dataframe
[ 2023-01-12 11:42:56,982] 23 root - INFO - Reading data from database: aps and collection : sensor
[ 2023-01-12 11:43:00,347] 25 root - INFO - Found columns : Index(['_id', 'class', 'aa_000', 'ab_000', 'ac_000', 'ad_000', 'ae_000',
       'af_000', 'ag_000', 'ag_001',
       ...
       'ee_002', 'ee_003', 'ee_004', 'ee_005', 'ee_006', 'ee_007', 'ee_008',
       'ee_009', 'ef_000', 'eg_000'],
      dtype='object', length=172)
[ 2023-01-12 11:43:00,347] 27 root - INFO - Droppping column : _id
[ 2023-01-12 11:43:00,546] 29 root - INFO - Rows and Columns in df: (36188, 171)
[ 2023-01-12 11:43:00,546] 28 root - INFO - Save data in feature store
[ 2023-01-12 11:43:01,072] 34 root - INFO - Create feature store folder if not available
[ 2023-01-12 11:43:01,072] 38 root - INFO - Save df to feature store folder
[ 2023-01-12 11:43:03,544] 43 root - INFO - split dataset into train and test set
[ 2023-01-12 11:43:04,143] 47 root - INFO - create dataset directory folder if not available
[ 2023-01-12 11:43:04,143] 52 root - INFO - Save df to feature store folder
[ 2023-01-12 11:43:06,375] 65 root - INFO - Data ingestion artifact: DataIngestionArtifact(feature_store_file_path='/config/workspace/artifact/01122023__114256/data_ingestion/feature_store/sensor.csv', train_file_path='/config/workspace/artifact/01122023__114256/data_ingestion/dataset/train.csv', test_file_path='/config/workspace/artifact/01122023__114256/data_ingestion/dataset/test.csv')
[ 2023-01-12 11:43:06,789] 23 root - INFO - >>>>>>>>>>>>>>>>>>>>>>>>>>>>>>>>>>>>>>>> Data Validation <<<<<<<<<<<<<<<<<<<<<<<<<<<<<<<<<<<<<<<<
[ 2023-01-12 11:43:06,790] 112 root - INFO - Reading base dataframe
[ 2023-01-12 11:43:09,677] 115 root - INFO - Replace na value in base df
[ 2023-01-12 11:43:09,678] 117 root - INFO - Drop null values colums from base df
[ 2023-01-12 11:43:10,600] 46 root - INFO - selecting column name which contains null above to 0.7
[ 2023-01-12 11:43:10,601] 49 root - INFO - Columns to drop: ['ab_000', 'bn_000', 'bo_000', 'bp_000', 'bq_000', 'br_000', 'cr_000']
[ 2023-01-12 11:43:10,690] 120 root - INFO - Reading train dataframe
[ 2023-01-12 11:43:11,079] 122 root - INFO - Reading test dataframe
[ 2023-01-12 11:43:11,178] 125 root - INFO - Drop null values colums from train df
[ 2023-01-12 11:43:11,190] 46 root - INFO - selecting column name which contains null above to 0.7
[ 2023-01-12 11:43:11,190] 49 root - INFO - Columns to drop: ['ab_000', 'bn_000', 'bo_000', 'bp_000', 'bq_000', 'br_000', 'cr_000']
[ 2023-01-12 11:43:11,200] 127 root - INFO - Drop null values colums from test df
[ 2023-01-12 11:43:11,204] 46 root - INFO - selecting column name which contains null above to 0.7
[ 2023-01-12 11:43:11,204] 49 root - INFO - Columns to drop: ['ab_000', 'bn_000', 'bo_000', 'bp_000', 'bq_000', 'br_000', 'cr_000']
[ 2023-01-12 11:43:18,659] 136 root - INFO - Is all required columns present in train df
[ 2023-01-12 11:43:18,660] 138 root - INFO - Is all required columns present in test df
[ 2023-01-12 11:43:18,660] 142 root - INFO - As all column are available in train df hence detecting data drift
[ 2023-01-12 11:43:18,660] 90 root - INFO - Hypothesis class: object, object 
[ 2023-01-12 11:43:18,792] 90 root - INFO - Hypothesis aa_000: float64, float64 
[ 2023-01-12 11:43:18,802] 90 root - INFO - Hypothesis ac_000: float64, float64 
[ 2023-01-12 11:43:18,844] 90 root - INFO - Hypothesis ad_000: float64, float64 
[ 2023-01-12 11:43:18,884] 90 root - INFO - Hypothesis ae_000: float64, float64 
[ 2023-01-12 11:43:18,920] 90 root - INFO - Hypothesis af_000: float64, float64 
[ 2023-01-12 11:43:18,957] 90 root - INFO - Hypothesis ag_000: float64, float64 
[ 2023-01-12 11:43:18,992] 90 root - INFO - Hypothesis ag_001: float64, float64 
[ 2023-01-12 11:43:19,027] 90 root - INFO - Hypothesis ag_002: float64, float64 
[ 2023-01-12 11:43:19,063] 90 root - INFO - Hypothesis ag_003: float64, float64 
[ 2023-01-12 11:43:19,101] 90 root - INFO - Hypothesis ag_004: float64, float64 
[ 2023-01-12 11:43:19,111] 90 root - INFO - Hypothesis ag_005: float64, float64 
[ 2023-01-12 11:43:19,121] 90 root - INFO - Hypothesis ag_006: float64, float64 
[ 2023-01-12 11:43:19,132] 90 root - INFO - Hypothesis ag_007: float64, float64 
[ 2023-01-12 11:43:19,172] 90 root - INFO - Hypothesis ag_008: float64, float64 
[ 2023-01-12 11:43:19,213] 90 root - INFO - Hypothesis ag_009: float64, float64 
[ 2023-01-12 11:43:19,253] 90 root - INFO - Hypothesis ah_000: float64, float64 
[ 2023-01-12 11:43:19,264] 90 root - INFO - Hypothesis ai_000: float64, float64 
[ 2023-01-12 11:43:19,299] 90 root - INFO - Hypothesis aj_000: float64, float64 
[ 2023-01-12 11:43:19,337] 90 root - INFO - Hypothesis ak_000: float64, float64 
[ 2023-01-12 11:43:19,372] 90 root - INFO - Hypothesis al_000: float64, float64 
[ 2023-01-12 11:43:19,411] 90 root - INFO - Hypothesis am_0: float64, float64 
[ 2023-01-12 11:43:19,450] 90 root - INFO - Hypothesis an_000: float64, float64 
[ 2023-01-12 11:43:19,461] 90 root - INFO - Hypothesis ao_000: float64, float64 
[ 2023-01-12 11:43:19,471] 90 root - INFO - Hypothesis ap_000: float64, float64 
[ 2023-01-12 11:43:19,482] 90 root - INFO - Hypothesis aq_000: float64, float64 
[ 2023-01-12 11:43:19,493] 90 root - INFO - Hypothesis ar_000: float64, float64 
[ 2023-01-12 11:43:19,529] 90 root - INFO - Hypothesis as_000: float64, float64 
[ 2023-01-12 11:43:19,564] 90 root - INFO - Hypothesis at_000: float64, float64 
[ 2023-01-12 11:43:19,600] 90 root - INFO - Hypothesis au_000: float64, float64 
[ 2023-01-12 11:43:19,636] 90 root - INFO - Hypothesis av_000: float64, float64 
[ 2023-01-12 11:43:19,677] 90 root - INFO - Hypothesis ax_000: float64, float64 
[ 2023-01-12 11:43:19,717] 90 root - INFO - Hypothesis ay_000: float64, float64 
[ 2023-01-12 11:43:19,753] 90 root - INFO - Hypothesis ay_001: float64, float64 
[ 2023-01-12 11:43:19,789] 90 root - INFO - Hypothesis ay_002: float64, float64 
[ 2023-01-12 11:43:19,825] 90 root - INFO - Hypothesis ay_003: float64, float64 
[ 2023-01-12 11:43:19,862] 90 root - INFO - Hypothesis ay_004: float64, float64 
[ 2023-01-12 11:43:19,898] 90 root - INFO - Hypothesis ay_005: float64, float64 
[ 2023-01-12 11:43:19,906] 90 root - INFO - Hypothesis ay_006: float64, float64 
[ 2023-01-12 11:43:19,915] 90 root - INFO - Hypothesis ay_007: float64, float64 
[ 2023-01-12 11:43:19,956] 90 root - INFO - Hypothesis ay_008: float64, float64 
[ 2023-01-12 11:43:19,966] 90 root - INFO - Hypothesis ay_009: float64, float64 
[ 2023-01-12 11:43:20,001] 90 root - INFO - Hypothesis az_000: float64, float64 
[ 2023-01-12 11:43:20,011] 90 root - INFO - Hypothesis az_001: float64, float64 
[ 2023-01-12 11:43:20,020] 90 root - INFO - Hypothesis az_002: float64, float64 
[ 2023-01-12 11:43:20,030] 90 root - INFO - Hypothesis az_003: float64, float64 
[ 2023-01-12 11:43:20,072] 90 root - INFO - Hypothesis az_004: float64, float64 
[ 2023-01-12 11:43:20,114] 90 root - INFO - Hypothesis az_005: float64, float64 
[ 2023-01-12 11:43:20,124] 90 root - INFO - Hypothesis az_006: float64, float64 
[ 2023-01-12 11:43:20,164] 90 root - INFO - Hypothesis az_007: float64, float64 
[ 2023-01-12 11:43:20,203] 90 root - INFO - Hypothesis az_008: float64, float64 
[ 2023-01-12 11:43:20,240] 90 root - INFO - Hypothesis az_009: float64, float64 
[ 2023-01-12 11:43:20,275] 90 root - INFO - Hypothesis ba_000: float64, float64 
[ 2023-01-12 11:43:20,286] 90 root - INFO - Hypothesis ba_001: float64, float64 
[ 2023-01-12 11:43:20,296] 90 root - INFO - Hypothesis ba_002: float64, float64 
[ 2023-01-12 11:43:20,307] 90 root - INFO - Hypothesis ba_003: float64, float64 
[ 2023-01-12 11:43:20,317] 90 root - INFO - Hypothesis ba_004: float64, float64 
[ 2023-01-12 11:43:20,359] 90 root - INFO - Hypothesis ba_005: float64, float64 
[ 2023-01-12 11:43:20,401] 90 root - INFO - Hypothesis ba_006: float64, float64 
[ 2023-01-12 11:43:20,444] 90 root - INFO - Hypothesis ba_007: float64, float64 
[ 2023-01-12 11:43:20,453] 90 root - INFO - Hypothesis ba_008: float64, float64 
[ 2023-01-12 11:43:20,491] 90 root - INFO - Hypothesis ba_009: float64, float64 
[ 2023-01-12 11:43:20,531] 90 root - INFO - Hypothesis bb_000: float64, float64 
[ 2023-01-12 11:43:20,541] 90 root - INFO - Hypothesis bc_000: float64, float64 
[ 2023-01-12 11:43:20,549] 90 root - INFO - Hypothesis bd_000: float64, float64 
[ 2023-01-12 11:43:20,557] 90 root - INFO - Hypothesis be_000: float64, float64 
[ 2023-01-12 11:43:20,566] 90 root - INFO - Hypothesis bf_000: float64, float64 
[ 2023-01-12 11:43:20,604] 90 root - INFO - Hypothesis bg_000: float64, float64 
[ 2023-01-12 11:43:20,615] 90 root - INFO - Hypothesis bh_000: float64, float64 
[ 2023-01-12 11:43:20,625] 90 root - INFO - Hypothesis bi_000: float64, float64 
[ 2023-01-12 11:43:20,636] 90 root - INFO - Hypothesis bj_000: float64, float64 
[ 2023-01-12 11:43:20,647] 90 root - INFO - Hypothesis bk_000: float64, float64 
[ 2023-01-12 11:43:20,688] 90 root - INFO - Hypothesis bl_000: float64, float64 
[ 2023-01-12 11:43:20,695] 90 root - INFO - Hypothesis bm_000: float64, float64 
[ 2023-01-12 11:43:20,701] 90 root - INFO - Hypothesis bs_000: float64, float64 
[ 2023-01-12 11:43:20,712] 90 root - INFO - Hypothesis bt_000: float64, float64 
[ 2023-01-12 11:43:20,723] 90 root - INFO - Hypothesis bu_000: float64, float64 
[ 2023-01-12 11:43:20,734] 90 root - INFO - Hypothesis bv_000: float64, float64 
[ 2023-01-12 11:43:20,744] 90 root - INFO - Hypothesis bx_000: float64, float64 
[ 2023-01-12 11:43:20,755] 90 root - INFO - Hypothesis by_000: float64, float64 
[ 2023-01-12 11:43:20,797] 90 root - INFO - Hypothesis bz_000: float64, float64 
[ 2023-01-12 11:43:20,806] 90 root - INFO - Hypothesis ca_000: float64, float64 
[ 2023-01-12 11:43:20,817] 90 root - INFO - Hypothesis cb_000: float64, float64 
[ 2023-01-12 11:43:20,861] 90 root - INFO - Hypothesis cc_000: float64, float64 
[ 2023-01-12 11:43:20,871] 90 root - INFO - Hypothesis cd_000: float64, float64 
[ 2023-01-12 11:43:20,907] 90 root - INFO - Hypothesis ce_000: float64, float64 
[ 2023-01-12 11:43:20,917] 90 root - INFO - Hypothesis cf_000: float64, float64 
[ 2023-01-12 11:43:20,953] 90 root - INFO - Hypothesis cg_000: float64, float64 
[ 2023-01-12 11:43:20,960] 90 root - INFO - Hypothesis ch_000: float64, float64 
[ 2023-01-12 11:43:21,001] 90 root - INFO - Hypothesis ci_000: float64, float64 
[ 2023-01-12 11:43:21,012] 90 root - INFO - Hypothesis cj_000: float64, float64 
[ 2023-01-12 11:43:21,050] 90 root - INFO - Hypothesis ck_000: float64, float64 
[ 2023-01-12 11:43:21,060] 90 root - INFO - Hypothesis cl_000: float64, float64 
[ 2023-01-12 11:43:21,098] 90 root - INFO - Hypothesis cm_000: float64, float64 
[ 2023-01-12 11:43:21,137] 90 root - INFO - Hypothesis cn_000: float64, float64 
[ 2023-01-12 11:43:21,172] 90 root - INFO - Hypothesis cn_001: float64, float64 
[ 2023-01-12 11:43:21,210] 90 root - INFO - Hypothesis cn_002: float64, float64 
[ 2023-01-12 11:43:21,218] 90 root - INFO - Hypothesis cn_003: float64, float64 
[ 2023-01-12 11:43:21,228] 90 root - INFO - Hypothesis cn_004: float64, float64 
[ 2023-01-12 11:43:21,239] 90 root - INFO - Hypothesis cn_005: float64, float64 
[ 2023-01-12 11:43:21,250] 90 root - INFO - Hypothesis cn_006: float64, float64 
[ 2023-01-12 11:43:21,292] 90 root - INFO - Hypothesis cn_007: float64, float64 
[ 2023-01-12 11:43:21,334] 90 root - INFO - Hypothesis cn_008: float64, float64 
[ 2023-01-12 11:43:21,375] 90 root - INFO - Hypothesis cn_009: float64, float64 
[ 2023-01-12 11:43:21,383] 90 root - INFO - Hypothesis co_000: float64, float64 
[ 2023-01-12 11:43:21,390] 90 root - INFO - Hypothesis cp_000: float64, float64 
[ 2023-01-12 11:43:21,429] 90 root - INFO - Hypothesis cq_000: float64, float64 
[ 2023-01-12 11:43:21,440] 90 root - INFO - Hypothesis cs_000: float64, float64 
[ 2023-01-12 11:43:21,450] 90 root - INFO - Hypothesis cs_001: float64, float64 
[ 2023-01-12 11:43:21,458] 90 root - INFO - Hypothesis cs_002: float64, float64 
[ 2023-01-12 11:43:21,469] 90 root - INFO - Hypothesis cs_003: float64, float64 
[ 2023-01-12 11:43:21,479] 90 root - INFO - Hypothesis cs_004: float64, float64 
[ 2023-01-12 11:43:21,489] 90 root - INFO - Hypothesis cs_005: float64, float64 
[ 2023-01-12 11:43:21,500] 90 root - INFO - Hypothesis cs_006: float64, float64 
[ 2023-01-12 11:43:21,511] 90 root - INFO - Hypothesis cs_007: float64, float64 
[ 2023-01-12 11:43:21,522] 90 root - INFO - Hypothesis cs_008: float64, float64 
[ 2023-01-12 11:43:21,530] 90 root - INFO - Hypothesis cs_009: float64, float64 
[ 2023-01-12 11:43:21,565] 90 root - INFO - Hypothesis ct_000: float64, float64 
[ 2023-01-12 11:43:21,604] 90 root - INFO - Hypothesis cu_000: float64, float64 
[ 2023-01-12 11:43:21,612] 90 root - INFO - Hypothesis cv_000: float64, float64 
[ 2023-01-12 11:43:21,654] 90 root - INFO - Hypothesis cx_000: float64, float64 
[ 2023-01-12 11:43:21,663] 90 root - INFO - Hypothesis cy_000: float64, float64 
[ 2023-01-12 11:43:21,700] 90 root - INFO - Hypothesis cz_000: float64, float64 
[ 2023-01-12 11:43:21,708] 90 root - INFO - Hypothesis da_000: float64, float64 
[ 2023-01-12 11:43:21,745] 90 root - INFO - Hypothesis db_000: float64, float64 
[ 2023-01-12 11:43:21,751] 90 root - INFO - Hypothesis dc_000: float64, float64 
[ 2023-01-12 11:43:21,793] 90 root - INFO - Hypothesis dd_000: float64, float64 
[ 2023-01-12 11:43:21,805] 90 root - INFO - Hypothesis de_000: float64, float64 
[ 2023-01-12 11:43:21,845] 90 root - INFO - Hypothesis df_000: float64, float64 
[ 2023-01-12 11:43:21,881] 90 root - INFO - Hypothesis dg_000: float64, float64 
[ 2023-01-12 11:43:21,917] 90 root - INFO - Hypothesis dh_000: float64, float64 
[ 2023-01-12 11:43:21,954] 90 root - INFO - Hypothesis di_000: float64, float64 
[ 2023-01-12 11:43:21,991] 90 root - INFO - Hypothesis dj_000: float64, float64 
[ 2023-01-12 11:43:22,027] 90 root - INFO - Hypothesis dk_000: float64, float64 
[ 2023-01-12 11:43:22,064] 90 root - INFO - Hypothesis dl_000: float64, float64 
[ 2023-01-12 11:43:22,100] 90 root - INFO - Hypothesis dm_000: float64, float64 
[ 2023-01-12 11:43:22,136] 90 root - INFO - Hypothesis dn_000: float64, float64 
[ 2023-01-12 11:43:22,146] 90 root - INFO - Hypothesis do_000: float64, float64 
[ 2023-01-12 11:43:22,157] 90 root - INFO - Hypothesis dp_000: float64, float64 
[ 2023-01-12 11:43:22,166] 90 root - INFO - Hypothesis dq_000: float64, float64 
[ 2023-01-12 11:43:22,204] 90 root - INFO - Hypothesis dr_000: float64, float64 
[ 2023-01-12 11:43:22,242] 90 root - INFO - Hypothesis ds_000: float64, float64 
[ 2023-01-12 11:43:22,253] 90 root - INFO - Hypothesis dt_000: float64, float64 
[ 2023-01-12 11:43:22,263] 90 root - INFO - Hypothesis du_000: float64, float64 
[ 2023-01-12 11:43:22,273] 90 root - INFO - Hypothesis dv_000: float64, float64 
[ 2023-01-12 11:43:22,283] 90 root - INFO - Hypothesis dx_000: float64, float64 
[ 2023-01-12 11:43:22,321] 90 root - INFO - Hypothesis dy_000: float64, float64 
[ 2023-01-12 11:43:22,328] 90 root - INFO - Hypothesis dz_000: float64, float64 
[ 2023-01-12 11:43:22,364] 90 root - INFO - Hypothesis ea_000: float64, float64 
[ 2023-01-12 11:43:22,399] 90 root - INFO - Hypothesis eb_000: float64, float64 
[ 2023-01-12 11:43:22,440] 90 root - INFO - Hypothesis ec_00: float64, float64 
[ 2023-01-12 11:43:22,451] 90 root - INFO - Hypothesis ed_000: float64, float64 
[ 2023-01-12 11:43:22,460] 90 root - INFO - Hypothesis ee_000: float64, float64 
[ 2023-01-12 11:43:22,471] 90 root - INFO - Hypothesis ee_001: float64, float64 
[ 2023-01-12 11:43:22,482] 90 root - INFO - Hypothesis ee_002: float64, float64 
[ 2023-01-12 11:43:22,493] 90 root - INFO - Hypothesis ee_003: float64, float64 
[ 2023-01-12 11:43:22,504] 90 root - INFO - Hypothesis ee_004: float64, float64 
[ 2023-01-12 11:43:22,515] 90 root - INFO - Hypothesis ee_005: float64, float64 
[ 2023-01-12 11:43:22,526] 90 root - INFO - Hypothesis ee_006: float64, float64 
[ 2023-01-12 11:43:22,537] 90 root - INFO - Hypothesis ee_007: float64, float64 
[ 2023-01-12 11:43:22,577] 90 root - INFO - Hypothesis ee_008: float64, float64 
[ 2023-01-12 11:43:22,619] 90 root - INFO - Hypothesis ee_009: float64, float64 
[ 2023-01-12 11:43:22,659] 90 root - INFO - Hypothesis ef_000: float64, float64 
[ 2023-01-12 11:43:22,695] 90 root - INFO - Hypothesis eg_000: float64, float64 
[ 2023-01-12 11:43:22,731] 145 root - INFO - As all column are available in test df hence detecting data drift
[ 2023-01-12 11:43:22,731] 90 root - INFO - Hypothesis class: object, object 
[ 2023-01-12 11:43:22,805] 90 root - INFO - Hypothesis aa_000: float64, float64 
[ 2023-01-12 11:43:22,812] 90 root - INFO - Hypothesis ac_000: float64, float64 
[ 2023-01-12 11:43:22,818] 90 root - INFO - Hypothesis ad_000: float64, float64 
[ 2023-01-12 11:43:22,823] 90 root - INFO - Hypothesis ae_000: float64, float64 
[ 2023-01-12 11:43:22,838] 90 root - INFO - Hypothesis af_000: float64, float64 
[ 2023-01-12 11:43:22,853] 90 root - INFO - Hypothesis ag_000: float64, float64 
[ 2023-01-12 11:43:22,868] 90 root - INFO - Hypothesis ag_001: float64, float64 
[ 2023-01-12 11:43:22,882] 90 root - INFO - Hypothesis ag_002: float64, float64 
[ 2023-01-12 11:43:22,898] 90 root - INFO - Hypothesis ag_003: float64, float64 
[ 2023-01-12 11:43:22,914] 90 root - INFO - Hypothesis ag_004: float64, float64 
[ 2023-01-12 11:43:22,921] 90 root - INFO - Hypothesis ag_005: float64, float64 
[ 2023-01-12 11:43:22,928] 90 root - INFO - Hypothesis ag_006: float64, float64 
[ 2023-01-12 11:43:22,935] 90 root - INFO - Hypothesis ag_007: float64, float64 
[ 2023-01-12 11:43:22,941] 90 root - INFO - Hypothesis ag_008: float64, float64 
[ 2023-01-12 11:43:22,947] 90 root - INFO - Hypothesis ag_009: float64, float64 
[ 2023-01-12 11:43:22,952] 90 root - INFO - Hypothesis ah_000: float64, float64 
[ 2023-01-12 11:43:22,959] 90 root - INFO - Hypothesis ai_000: float64, float64 
[ 2023-01-12 11:43:22,975] 90 root - INFO - Hypothesis aj_000: float64, float64 
[ 2023-01-12 11:43:22,979] 90 root - INFO - Hypothesis ak_000: float64, float64 
[ 2023-01-12 11:43:22,994] 90 root - INFO - Hypothesis al_000: float64, float64 
[ 2023-01-12 11:43:22,999] 90 root - INFO - Hypothesis am_0: float64, float64 
[ 2023-01-12 11:43:23,004] 90 root - INFO - Hypothesis an_000: float64, float64 
[ 2023-01-12 11:43:23,012] 90 root - INFO - Hypothesis ao_000: float64, float64 
[ 2023-01-12 11:43:23,019] 90 root - INFO - Hypothesis ap_000: float64, float64 
[ 2023-01-12 11:43:23,026] 90 root - INFO - Hypothesis aq_000: float64, float64 
[ 2023-01-12 11:43:23,033] 90 root - INFO - Hypothesis ar_000: float64, float64 
[ 2023-01-12 11:43:23,036] 90 root - INFO - Hypothesis as_000: float64, float64 
[ 2023-01-12 11:43:23,051] 90 root - INFO - Hypothesis at_000: float64, float64 
[ 2023-01-12 11:43:23,055] 90 root - INFO - Hypothesis au_000: float64, float64 
[ 2023-01-12 11:43:23,069] 90 root - INFO - Hypothesis av_000: float64, float64 
[ 2023-01-12 11:43:23,075] 90 root - INFO - Hypothesis ax_000: float64, float64 
[ 2023-01-12 11:43:23,080] 90 root - INFO - Hypothesis ay_000: float64, float64 
[ 2023-01-12 11:43:23,083] 90 root - INFO - Hypothesis ay_001: float64, float64 
[ 2023-01-12 11:43:23,087] 90 root - INFO - Hypothesis ay_002: float64, float64 
[ 2023-01-12 11:43:23,102] 90 root - INFO - Hypothesis ay_003: float64, float64 
[ 2023-01-12 11:43:23,105] 90 root - INFO - Hypothesis ay_004: float64, float64 
[ 2023-01-12 11:43:23,109] 90 root - INFO - Hypothesis ay_005: float64, float64 
[ 2023-01-12 11:43:23,114] 90 root - INFO - Hypothesis ay_006: float64, float64 
[ 2023-01-12 11:43:23,121] 90 root - INFO - Hypothesis ay_007: float64, float64 
[ 2023-01-12 11:43:23,128] 90 root - INFO - Hypothesis ay_008: float64, float64 
[ 2023-01-12 11:43:23,135] 90 root - INFO - Hypothesis ay_009: float64, float64 
[ 2023-01-12 11:43:23,149] 90 root - INFO - Hypothesis az_000: float64, float64 
[ 2023-01-12 11:43:23,156] 90 root - INFO - Hypothesis az_001: float64, float64 
[ 2023-01-12 11:43:23,162] 90 root - INFO - Hypothesis az_002: float64, float64 
[ 2023-01-12 11:43:23,169] 90 root - INFO - Hypothesis az_003: float64, float64 
[ 2023-01-12 11:43:23,175] 90 root - INFO - Hypothesis az_004: float64, float64 
[ 2023-01-12 11:43:23,182] 90 root - INFO - Hypothesis az_005: float64, float64 
[ 2023-01-12 11:43:23,190] 90 root - INFO - Hypothesis az_006: float64, float64 
[ 2023-01-12 11:43:23,196] 90 root - INFO - Hypothesis az_007: float64, float64 
[ 2023-01-12 11:43:23,200] 90 root - INFO - Hypothesis az_008: float64, float64 
[ 2023-01-12 11:43:23,215] 90 root - INFO - Hypothesis az_009: float64, float64 
[ 2023-01-12 11:43:23,230] 90 root - INFO - Hypothesis ba_000: float64, float64 
[ 2023-01-12 11:43:23,237] 90 root - INFO - Hypothesis ba_001: float64, float64 
[ 2023-01-12 11:43:23,244] 90 root - INFO - Hypothesis ba_002: float64, float64 
[ 2023-01-12 11:43:23,251] 90 root - INFO - Hypothesis ba_003: float64, float64 
[ 2023-01-12 11:43:23,258] 90 root - INFO - Hypothesis ba_004: float64, float64 
[ 2023-01-12 11:43:23,265] 90 root - INFO - Hypothesis ba_005: float64, float64 
[ 2023-01-12 11:43:23,272] 90 root - INFO - Hypothesis ba_006: float64, float64 
[ 2023-01-12 11:43:23,279] 90 root - INFO - Hypothesis ba_007: float64, float64 
[ 2023-01-12 11:43:23,285] 90 root - INFO - Hypothesis ba_008: float64, float64 
[ 2023-01-12 11:43:23,290] 90 root - INFO - Hypothesis ba_009: float64, float64 
[ 2023-01-12 11:43:23,295] 90 root - INFO - Hypothesis bb_000: float64, float64 
[ 2023-01-12 11:43:23,302] 90 root - INFO - Hypothesis bc_000: float64, float64 
[ 2023-01-12 11:43:23,307] 90 root - INFO - Hypothesis bd_000: float64, float64 
[ 2023-01-12 11:43:23,313] 90 root - INFO - Hypothesis be_000: float64, float64 
[ 2023-01-12 11:43:23,319] 90 root - INFO - Hypothesis bf_000: float64, float64 
[ 2023-01-12 11:43:23,323] 90 root - INFO - Hypothesis bg_000: float64, float64 
[ 2023-01-12 11:43:23,330] 90 root - INFO - Hypothesis bh_000: float64, float64 
[ 2023-01-12 11:43:23,337] 90 root - INFO - Hypothesis bi_000: float64, float64 
[ 2023-01-12 11:43:23,344] 90 root - INFO - Hypothesis bj_000: float64, float64 
[ 2023-01-12 11:43:23,351] 90 root - INFO - Hypothesis bk_000: float64, float64 
[ 2023-01-12 11:43:23,357] 90 root - INFO - Hypothesis bl_000: float64, float64 
[ 2023-01-12 11:43:23,363] 90 root - INFO - Hypothesis bm_000: float64, float64 
[ 2023-01-12 11:43:23,367] 90 root - INFO - Hypothesis bs_000: float64, float64 
[ 2023-01-12 11:43:23,374] 90 root - INFO - Hypothesis bt_000: float64, float64 
[ 2023-01-12 11:43:23,381] 90 root - INFO - Hypothesis bu_000: float64, float64 
[ 2023-01-12 11:43:23,388] 90 root - INFO - Hypothesis bv_000: float64, float64 
[ 2023-01-12 11:43:23,394] 90 root - INFO - Hypothesis bx_000: float64, float64 
[ 2023-01-12 11:43:23,401] 90 root - INFO - Hypothesis by_000: float64, float64 
[ 2023-01-12 11:43:23,408] 90 root - INFO - Hypothesis bz_000: float64, float64 
[ 2023-01-12 11:43:23,418] 90 root - INFO - Hypothesis ca_000: float64, float64 
[ 2023-01-12 11:43:23,425] 90 root - INFO - Hypothesis cb_000: float64, float64 
[ 2023-01-12 11:43:23,432] 90 root - INFO - Hypothesis cc_000: float64, float64 
[ 2023-01-12 11:43:23,439] 90 root - INFO - Hypothesis cd_000: float64, float64 
[ 2023-01-12 11:43:23,455] 90 root - INFO - Hypothesis ce_000: float64, float64 
[ 2023-01-12 11:43:23,461] 90 root - INFO - Hypothesis cf_000: float64, float64 
[ 2023-01-12 11:43:23,477] 90 root - INFO - Hypothesis cg_000: float64, float64 
[ 2023-01-12 11:43:23,482] 90 root - INFO - Hypothesis ch_000: float64, float64 
[ 2023-01-12 11:43:23,498] 90 root - INFO - Hypothesis ci_000: float64, float64 
[ 2023-01-12 11:43:23,505] 90 root - INFO - Hypothesis cj_000: float64, float64 
[ 2023-01-12 11:43:23,510] 90 root - INFO - Hypothesis ck_000: float64, float64 
[ 2023-01-12 11:43:23,517] 90 root - INFO - Hypothesis cl_000: float64, float64 
[ 2023-01-12 11:43:23,522] 90 root - INFO - Hypothesis cm_000: float64, float64 
[ 2023-01-12 11:43:23,527] 90 root - INFO - Hypothesis cn_000: float64, float64 
[ 2023-01-12 11:43:23,542] 90 root - INFO - Hypothesis cn_001: float64, float64 
[ 2023-01-12 11:43:23,545] 90 root - INFO - Hypothesis cn_002: float64, float64 
[ 2023-01-12 11:43:23,551] 90 root - INFO - Hypothesis cn_003: float64, float64 
[ 2023-01-12 11:43:23,558] 90 root - INFO - Hypothesis cn_004: float64, float64 
[ 2023-01-12 11:43:23,565] 90 root - INFO - Hypothesis cn_005: float64, float64 
[ 2023-01-12 11:43:23,572] 90 root - INFO - Hypothesis cn_006: float64, float64 
[ 2023-01-12 11:43:23,578] 90 root - INFO - Hypothesis cn_007: float64, float64 
[ 2023-01-12 11:43:23,585] 90 root - INFO - Hypothesis cn_008: float64, float64 
[ 2023-01-12 11:43:23,591] 90 root - INFO - Hypothesis cn_009: float64, float64 
[ 2023-01-12 11:43:23,596] 90 root - INFO - Hypothesis co_000: float64, float64 
[ 2023-01-12 11:43:23,601] 90 root - INFO - Hypothesis cp_000: float64, float64 
[ 2023-01-12 11:43:23,606] 90 root - INFO - Hypothesis cq_000: float64, float64 
[ 2023-01-12 11:43:23,613] 90 root - INFO - Hypothesis cs_000: float64, float64 
[ 2023-01-12 11:43:23,620] 90 root - INFO - Hypothesis cs_001: float64, float64 
[ 2023-01-12 11:43:23,625] 90 root - INFO - Hypothesis cs_002: float64, float64 
[ 2023-01-12 11:43:23,632] 90 root - INFO - Hypothesis cs_003: float64, float64 
[ 2023-01-12 11:43:23,639] 90 root - INFO - Hypothesis cs_004: float64, float64 
[ 2023-01-12 11:43:23,646] 90 root - INFO - Hypothesis cs_005: float64, float64 
[ 2023-01-12 11:43:23,653] 90 root - INFO - Hypothesis cs_006: float64, float64 
[ 2023-01-12 11:43:23,660] 90 root - INFO - Hypothesis cs_007: float64, float64 
[ 2023-01-12 11:43:23,667] 90 root - INFO - Hypothesis cs_008: float64, float64 
[ 2023-01-12 11:43:23,672] 90 root - INFO - Hypothesis cs_009: float64, float64 
[ 2023-01-12 11:43:23,687] 90 root - INFO - Hypothesis ct_000: float64, float64 
[ 2023-01-12 11:43:23,693] 90 root - INFO - Hypothesis cu_000: float64, float64 
[ 2023-01-12 11:43:23,698] 90 root - INFO - Hypothesis cv_000: float64, float64 
[ 2023-01-12 11:43:23,704] 90 root - INFO - Hypothesis cx_000: float64, float64 
[ 2023-01-12 11:43:23,710] 90 root - INFO - Hypothesis cy_000: float64, float64 
[ 2023-01-12 11:43:23,714] 90 root - INFO - Hypothesis cz_000: float64, float64 
[ 2023-01-12 11:43:23,719] 90 root - INFO - Hypothesis da_000: float64, float64 
[ 2023-01-12 11:43:23,735] 90 root - INFO - Hypothesis db_000: float64, float64 
[ 2023-01-12 11:43:23,739] 90 root - INFO - Hypothesis dc_000: float64, float64 
[ 2023-01-12 11:43:23,745] 90 root - INFO - Hypothesis dd_000: float64, float64 
[ 2023-01-12 11:43:23,752] 90 root - INFO - Hypothesis de_000: float64, float64 
[ 2023-01-12 11:43:23,758] 90 root - INFO - Hypothesis df_000: float64, float64 
[ 2023-01-12 11:43:23,773] 90 root - INFO - Hypothesis dg_000: float64, float64 
[ 2023-01-12 11:43:23,788] 90 root - INFO - Hypothesis dh_000: float64, float64 
[ 2023-01-12 11:43:23,803] 90 root - INFO - Hypothesis di_000: float64, float64 
[ 2023-01-12 11:43:23,819] 90 root - INFO - Hypothesis dj_000: float64, float64 
[ 2023-01-12 11:43:23,836] 90 root - INFO - Hypothesis dk_000: float64, float64 
[ 2023-01-12 11:43:23,851] 90 root - INFO - Hypothesis dl_000: float64, float64 
[ 2023-01-12 11:43:23,866] 90 root - INFO - Hypothesis dm_000: float64, float64 
[ 2023-01-12 11:43:23,882] 90 root - INFO - Hypothesis dn_000: float64, float64 
[ 2023-01-12 11:43:23,889] 90 root - INFO - Hypothesis do_000: float64, float64 
[ 2023-01-12 11:43:23,895] 90 root - INFO - Hypothesis dp_000: float64, float64 
[ 2023-01-12 11:43:23,901] 90 root - INFO - Hypothesis dq_000: float64, float64 
[ 2023-01-12 11:43:23,905] 90 root - INFO - Hypothesis dr_000: float64, float64 
[ 2023-01-12 11:43:23,910] 90 root - INFO - Hypothesis ds_000: float64, float64 
[ 2023-01-12 11:43:23,917] 90 root - INFO - Hypothesis dt_000: float64, float64 
[ 2023-01-12 11:43:23,924] 90 root - INFO - Hypothesis du_000: float64, float64 
[ 2023-01-12 11:43:23,931] 90 root - INFO - Hypothesis dv_000: float64, float64 
[ 2023-01-12 11:43:23,938] 90 root - INFO - Hypothesis dx_000: float64, float64 
[ 2023-01-12 11:43:23,943] 90 root - INFO - Hypothesis dy_000: float64, float64 
[ 2023-01-12 11:43:23,948] 90 root - INFO - Hypothesis dz_000: float64, float64 
[ 2023-01-12 11:43:23,963] 90 root - INFO - Hypothesis ea_000: float64, float64 
[ 2023-01-12 11:43:23,978] 90 root - INFO - Hypothesis eb_000: float64, float64 
[ 2023-01-12 11:43:23,984] 90 root - INFO - Hypothesis ec_00: float64, float64 
[ 2023-01-12 11:43:23,990] 90 root - INFO - Hypothesis ed_000: float64, float64 
[ 2023-01-12 11:43:23,996] 90 root - INFO - Hypothesis ee_000: float64, float64 
[ 2023-01-12 11:43:24,003] 90 root - INFO - Hypothesis ee_001: float64, float64 
[ 2023-01-12 11:43:24,010] 90 root - INFO - Hypothesis ee_002: float64, float64 
[ 2023-01-12 11:43:24,017] 90 root - INFO - Hypothesis ee_003: float64, float64 
[ 2023-01-12 11:43:24,024] 90 root - INFO - Hypothesis ee_004: float64, float64 
[ 2023-01-12 11:43:24,031] 90 root - INFO - Hypothesis ee_005: float64, float64 
[ 2023-01-12 11:43:24,038] 90 root - INFO - Hypothesis ee_006: float64, float64 
[ 2023-01-12 11:43:24,045] 90 root - INFO - Hypothesis ee_007: float64, float64 
[ 2023-01-12 11:43:24,051] 90 root - INFO - Hypothesis ee_008: float64, float64 
[ 2023-01-12 11:43:24,057] 90 root - INFO - Hypothesis ee_009: float64, float64 
[ 2023-01-12 11:43:24,062] 90 root - INFO - Hypothesis ef_000: float64, float64 
[ 2023-01-12 11:43:24,065] 90 root - INFO - Hypothesis eg_000: float64, float64 
[ 2023-01-12 11:43:24,081] 149 root - INFO - Write report in yaml file
[ 2023-01-12 11:43:24,155] 154 root - INFO - Data validation artifact: DataValidationArtifact(report_file_path='/config/workspace/artifact/01122023__114256/data_validation/report.yaml')
