[ 2023-01-12 11:54:08,687] 15 root - INFO - >>>>>>>>>>>>>>>>>>>>>>>>>>>>>>>>>>>>>>>> Data Ingestion <<<<<<<<<<<<<<<<<<<<<<<<<<<<<<<<<<<<<<<<
[ 2023-01-12 11:54:08,688] 22 root - INFO - Exporting collection data as pandas dataframe
[ 2023-01-12 11:54:08,688] 23 root - INFO - Reading data from database: aps and collection : sensor
[ 2023-01-12 11:54:11,936] 25 root - INFO - Found columns : Index(['_id', 'class', 'aa_000', 'ab_000', 'ac_000', 'ad_000', 'ae_000',
       'af_000', 'ag_000', 'ag_001',
       ...
       'ee_002', 'ee_003', 'ee_004', 'ee_005', 'ee_006', 'ee_007', 'ee_008',
       'ee_009', 'ef_000', 'eg_000'],
      dtype='object', length=172)
[ 2023-01-12 11:54:11,936] 27 root - INFO - Droppping column : _id
[ 2023-01-12 11:54:12,129] 29 root - INFO - Rows and Columns in df: (36188, 171)
[ 2023-01-12 11:54:12,129] 28 root - INFO - Save data in feature store
[ 2023-01-12 11:54:12,654] 34 root - INFO - Create feature store folder if not available
[ 2023-01-12 11:54:12,655] 38 root - INFO - Save df to feature store folder
[ 2023-01-12 11:54:15,098] 43 root - INFO - split dataset into train and test set
[ 2023-01-12 11:54:15,671] 47 root - INFO - create dataset directory folder if not available
[ 2023-01-12 11:54:15,671] 52 root - INFO - Save df to feature store folder
[ 2023-01-12 11:54:17,879] 65 root - INFO - Data ingestion artifact: DataIngestionArtifact(feature_store_file_path='/config/workspace/artifact/01122023__115408/data_ingestion/feature_store/sensor.csv', train_file_path='/config/workspace/artifact/01122023__115408/data_ingestion/dataset/train.csv', test_file_path='/config/workspace/artifact/01122023__115408/data_ingestion/dataset/test.csv')
[ 2023-01-12 11:54:18,273] 23 root - INFO - >>>>>>>>>>>>>>>>>>>>>>>>>>>>>>>>>>>>>>>> Data Validation <<<<<<<<<<<<<<<<<<<<<<<<<<<<<<<<<<<<<<<<
[ 2023-01-12 11:54:18,274] 112 root - INFO - Reading base dataframe
[ 2023-01-12 11:54:21,145] 115 root - INFO - Replace na value in base df
[ 2023-01-12 11:54:21,146] 117 root - INFO - Drop null values colums from base df
[ 2023-01-12 11:54:22,069] 46 root - INFO - selecting column name which contains null above to 0.7
[ 2023-01-12 11:54:22,069] 49 root - INFO - Columns to drop: ['ab_000', 'bn_000', 'bo_000', 'bp_000', 'bq_000', 'br_000', 'cr_000']
[ 2023-01-12 11:54:22,186] 120 root - INFO - Reading train dataframe
[ 2023-01-12 11:54:22,576] 122 root - INFO - Reading test dataframe
[ 2023-01-12 11:54:22,678] 125 root - INFO - Drop null values colums from train df
[ 2023-01-12 11:54:22,689] 46 root - INFO - selecting column name which contains null above to 0.7
[ 2023-01-12 11:54:22,690] 49 root - INFO - Columns to drop: ['ab_000', 'bn_000', 'bo_000', 'bp_000', 'bq_000', 'br_000', 'cr_000']
[ 2023-01-12 11:54:22,702] 127 root - INFO - Drop null values colums from test df
[ 2023-01-12 11:54:22,707] 46 root - INFO - selecting column name which contains null above to 0.7
[ 2023-01-12 11:54:22,707] 49 root - INFO - Columns to drop: ['ab_000', 'bn_000', 'bo_000', 'bp_000', 'bq_000', 'br_000', 'cr_000']
[ 2023-01-12 11:54:29,935] 136 root - INFO - Is all required columns present in train df
[ 2023-01-12 11:54:29,936] 138 root - INFO - Is all required columns present in test df
[ 2023-01-12 11:54:29,936] 142 root - INFO - As all column are available in train df hence detecting data drift
[ 2023-01-12 11:54:29,936] 90 root - INFO - Hypothesis class: object, object 
[ 2023-01-12 11:54:30,035] 90 root - INFO - Hypothesis aa_000: float64, float64 
[ 2023-01-12 11:54:30,046] 90 root - INFO - Hypothesis ac_000: float64, float64 
[ 2023-01-12 11:54:30,085] 90 root - INFO - Hypothesis ad_000: float64, float64 
[ 2023-01-12 11:54:30,093] 90 root - INFO - Hypothesis ae_000: float64, float64 
[ 2023-01-12 11:54:30,130] 90 root - INFO - Hypothesis af_000: float64, float64 
[ 2023-01-12 11:54:30,165] 90 root - INFO - Hypothesis ag_000: float64, float64 
[ 2023-01-12 11:54:30,200] 90 root - INFO - Hypothesis ag_001: float64, float64 
[ 2023-01-12 11:54:30,235] 90 root - INFO - Hypothesis ag_002: float64, float64 
[ 2023-01-12 11:54:30,272] 90 root - INFO - Hypothesis ag_003: float64, float64 
[ 2023-01-12 11:54:30,310] 90 root - INFO - Hypothesis ag_004: float64, float64 
[ 2023-01-12 11:54:30,319] 90 root - INFO - Hypothesis ag_005: float64, float64 
[ 2023-01-12 11:54:30,330] 90 root - INFO - Hypothesis ag_006: float64, float64 
[ 2023-01-12 11:54:30,340] 90 root - INFO - Hypothesis ag_007: float64, float64 
[ 2023-01-12 11:54:30,350] 90 root - INFO - Hypothesis ag_008: float64, float64 
[ 2023-01-12 11:54:30,358] 90 root - INFO - Hypothesis ag_009: float64, float64 
[ 2023-01-12 11:54:30,365] 90 root - INFO - Hypothesis ah_000: float64, float64 
[ 2023-01-12 11:54:30,375] 90 root - INFO - Hypothesis ai_000: float64, float64 
[ 2023-01-12 11:54:30,411] 90 root - INFO - Hypothesis aj_000: float64, float64 
[ 2023-01-12 11:54:30,448] 90 root - INFO - Hypothesis ak_000: float64, float64 
[ 2023-01-12 11:54:30,483] 90 root - INFO - Hypothesis al_000: float64, float64 
[ 2023-01-12 11:54:30,490] 90 root - INFO - Hypothesis am_0: float64, float64 
[ 2023-01-12 11:54:30,498] 90 root - INFO - Hypothesis an_000: float64, float64 
[ 2023-01-12 11:54:30,509] 90 root - INFO - Hypothesis ao_000: float64, float64 
[ 2023-01-12 11:54:30,520] 90 root - INFO - Hypothesis ap_000: float64, float64 
[ 2023-01-12 11:54:30,531] 90 root - INFO - Hypothesis aq_000: float64, float64 
[ 2023-01-12 11:54:30,542] 90 root - INFO - Hypothesis ar_000: float64, float64 
[ 2023-01-12 11:54:30,578] 90 root - INFO - Hypothesis as_000: float64, float64 
[ 2023-01-12 11:54:30,614] 90 root - INFO - Hypothesis at_000: float64, float64 
[ 2023-01-12 11:54:30,650] 90 root - INFO - Hypothesis au_000: float64, float64 
[ 2023-01-12 11:54:30,685] 90 root - INFO - Hypothesis av_000: float64, float64 
[ 2023-01-12 11:54:30,725] 90 root - INFO - Hypothesis ax_000: float64, float64 
[ 2023-01-12 11:54:30,765] 90 root - INFO - Hypothesis ay_000: float64, float64 
[ 2023-01-12 11:54:30,802] 90 root - INFO - Hypothesis ay_001: float64, float64 
[ 2023-01-12 11:54:30,837] 90 root - INFO - Hypothesis ay_002: float64, float64 
[ 2023-01-12 11:54:30,873] 90 root - INFO - Hypothesis ay_003: float64, float64 
[ 2023-01-12 11:54:30,908] 90 root - INFO - Hypothesis ay_004: float64, float64 
[ 2023-01-12 11:54:30,944] 90 root - INFO - Hypothesis ay_005: float64, float64 
[ 2023-01-12 11:54:30,952] 90 root - INFO - Hypothesis ay_006: float64, float64 
[ 2023-01-12 11:54:30,961] 90 root - INFO - Hypothesis ay_007: float64, float64 
[ 2023-01-12 11:54:30,971] 90 root - INFO - Hypothesis ay_008: float64, float64 
[ 2023-01-12 11:54:30,981] 90 root - INFO - Hypothesis ay_009: float64, float64 
[ 2023-01-12 11:54:31,016] 90 root - INFO - Hypothesis az_000: float64, float64 
[ 2023-01-12 11:54:31,026] 90 root - INFO - Hypothesis az_001: float64, float64 
[ 2023-01-12 11:54:31,035] 90 root - INFO - Hypothesis az_002: float64, float64 
[ 2023-01-12 11:54:31,045] 90 root - INFO - Hypothesis az_003: float64, float64 
[ 2023-01-12 11:54:31,055] 90 root - INFO - Hypothesis az_004: float64, float64 
[ 2023-01-12 11:54:31,065] 90 root - INFO - Hypothesis az_005: float64, float64 
[ 2023-01-12 11:54:31,076] 90 root - INFO - Hypothesis az_006: float64, float64 
[ 2023-01-12 11:54:31,084] 90 root - INFO - Hypothesis az_007: float64, float64 
[ 2023-01-12 11:54:31,121] 90 root - INFO - Hypothesis az_008: float64, float64 
[ 2023-01-12 11:54:31,158] 90 root - INFO - Hypothesis az_009: float64, float64 
[ 2023-01-12 11:54:31,193] 90 root - INFO - Hypothesis ba_000: float64, float64 
[ 2023-01-12 11:54:31,203] 90 root - INFO - Hypothesis ba_001: float64, float64 
[ 2023-01-12 11:54:31,214] 90 root - INFO - Hypothesis ba_002: float64, float64 
[ 2023-01-12 11:54:31,224] 90 root - INFO - Hypothesis ba_003: float64, float64 
[ 2023-01-12 11:54:31,234] 90 root - INFO - Hypothesis ba_004: float64, float64 
[ 2023-01-12 11:54:31,244] 90 root - INFO - Hypothesis ba_005: float64, float64 
[ 2023-01-12 11:54:31,254] 90 root - INFO - Hypothesis ba_006: float64, float64 
[ 2023-01-12 11:54:31,264] 90 root - INFO - Hypothesis ba_007: float64, float64 
[ 2023-01-12 11:54:31,274] 90 root - INFO - Hypothesis ba_008: float64, float64 
[ 2023-01-12 11:54:31,313] 90 root - INFO - Hypothesis ba_009: float64, float64 
[ 2023-01-12 11:54:31,351] 90 root - INFO - Hypothesis bb_000: float64, float64 
[ 2023-01-12 11:54:31,362] 90 root - INFO - Hypothesis bc_000: float64, float64 
[ 2023-01-12 11:54:31,401] 90 root - INFO - Hypothesis bd_000: float64, float64 
[ 2023-01-12 11:54:31,443] 90 root - INFO - Hypothesis be_000: float64, float64 
[ 2023-01-12 11:54:31,452] 90 root - INFO - Hypothesis bf_000: float64, float64 
[ 2023-01-12 11:54:31,491] 90 root - INFO - Hypothesis bg_000: float64, float64 
[ 2023-01-12 11:54:31,502] 90 root - INFO - Hypothesis bh_000: float64, float64 
[ 2023-01-12 11:54:31,514] 90 root - INFO - Hypothesis bi_000: float64, float64 
[ 2023-01-12 11:54:31,525] 90 root - INFO - Hypothesis bj_000: float64, float64 
[ 2023-01-12 11:54:31,536] 90 root - INFO - Hypothesis bk_000: float64, float64 
[ 2023-01-12 11:54:31,545] 90 root - INFO - Hypothesis bl_000: float64, float64 
[ 2023-01-12 11:54:31,553] 90 root - INFO - Hypothesis bm_000: float64, float64 
[ 2023-01-12 11:54:31,590] 90 root - INFO - Hypothesis bs_000: float64, float64 
[ 2023-01-12 11:54:31,601] 90 root - INFO - Hypothesis bt_000: float64, float64 
[ 2023-01-12 11:54:31,611] 90 root - INFO - Hypothesis bu_000: float64, float64 
[ 2023-01-12 11:54:31,622] 90 root - INFO - Hypothesis bv_000: float64, float64 
[ 2023-01-12 11:54:31,632] 90 root - INFO - Hypothesis bx_000: float64, float64 
[ 2023-01-12 11:54:31,642] 90 root - INFO - Hypothesis by_000: float64, float64 
[ 2023-01-12 11:54:31,652] 90 root - INFO - Hypothesis bz_000: float64, float64 
[ 2023-01-12 11:54:31,661] 90 root - INFO - Hypothesis ca_000: float64, float64 
[ 2023-01-12 11:54:31,671] 90 root - INFO - Hypothesis cb_000: float64, float64 
[ 2023-01-12 11:54:31,682] 90 root - INFO - Hypothesis cc_000: float64, float64 
[ 2023-01-12 11:54:31,694] 90 root - INFO - Hypothesis cd_000: float64, float64 
[ 2023-01-12 11:54:31,731] 90 root - INFO - Hypothesis ce_000: float64, float64 
[ 2023-01-12 11:54:31,741] 90 root - INFO - Hypothesis cf_000: float64, float64 
[ 2023-01-12 11:54:31,778] 90 root - INFO - Hypothesis cg_000: float64, float64 
[ 2023-01-12 11:54:31,785] 90 root - INFO - Hypothesis ch_000: float64, float64 
[ 2023-01-12 11:54:31,822] 90 root - INFO - Hypothesis ci_000: float64, float64 
[ 2023-01-12 11:54:31,832] 90 root - INFO - Hypothesis cj_000: float64, float64 
[ 2023-01-12 11:54:31,870] 90 root - INFO - Hypothesis ck_000: float64, float64 
[ 2023-01-12 11:54:31,880] 90 root - INFO - Hypothesis cl_000: float64, float64 
[ 2023-01-12 11:54:31,918] 90 root - INFO - Hypothesis cm_000: float64, float64 
[ 2023-01-12 11:54:31,957] 90 root - INFO - Hypothesis cn_000: float64, float64 
[ 2023-01-12 11:54:31,992] 90 root - INFO - Hypothesis cn_001: float64, float64 
[ 2023-01-12 11:54:32,030] 90 root - INFO - Hypothesis cn_002: float64, float64 
[ 2023-01-12 11:54:32,038] 90 root - INFO - Hypothesis cn_003: float64, float64 
[ 2023-01-12 11:54:32,049] 90 root - INFO - Hypothesis cn_004: float64, float64 
[ 2023-01-12 11:54:32,059] 90 root - INFO - Hypothesis cn_005: float64, float64 
[ 2023-01-12 11:54:32,069] 90 root - INFO - Hypothesis cn_006: float64, float64 
[ 2023-01-12 11:54:32,079] 90 root - INFO - Hypothesis cn_007: float64, float64 
[ 2023-01-12 11:54:32,089] 90 root - INFO - Hypothesis cn_008: float64, float64 
[ 2023-01-12 11:54:32,098] 90 root - INFO - Hypothesis cn_009: float64, float64 
[ 2023-01-12 11:54:32,106] 90 root - INFO - Hypothesis co_000: float64, float64 
[ 2023-01-12 11:54:32,144] 90 root - INFO - Hypothesis cp_000: float64, float64 
[ 2023-01-12 11:54:32,183] 90 root - INFO - Hypothesis cq_000: float64, float64 
[ 2023-01-12 11:54:32,194] 90 root - INFO - Hypothesis cs_000: float64, float64 
[ 2023-01-12 11:54:32,204] 90 root - INFO - Hypothesis cs_001: float64, float64 
[ 2023-01-12 11:54:32,212] 90 root - INFO - Hypothesis cs_002: float64, float64 
[ 2023-01-12 11:54:32,222] 90 root - INFO - Hypothesis cs_003: float64, float64 
[ 2023-01-12 11:54:32,233] 90 root - INFO - Hypothesis cs_004: float64, float64 
[ 2023-01-12 11:54:32,243] 90 root - INFO - Hypothesis cs_005: float64, float64 
[ 2023-01-12 11:54:32,253] 90 root - INFO - Hypothesis cs_006: float64, float64 
[ 2023-01-12 11:54:32,264] 90 root - INFO - Hypothesis cs_007: float64, float64 
[ 2023-01-12 11:54:32,274] 90 root - INFO - Hypothesis cs_008: float64, float64 
[ 2023-01-12 11:54:32,282] 90 root - INFO - Hypothesis cs_009: float64, float64 
[ 2023-01-12 11:54:32,317] 90 root - INFO - Hypothesis ct_000: float64, float64 
[ 2023-01-12 11:54:32,357] 90 root - INFO - Hypothesis cu_000: float64, float64 
[ 2023-01-12 11:54:32,403] 90 root - INFO - Hypothesis cv_000: float64, float64 
[ 2023-01-12 11:54:32,413] 90 root - INFO - Hypothesis cx_000: float64, float64 
[ 2023-01-12 11:54:32,455] 90 root - INFO - Hypothesis cy_000: float64, float64 
[ 2023-01-12 11:54:32,496] 90 root - INFO - Hypothesis cz_000: float64, float64 
[ 2023-01-12 11:54:32,504] 90 root - INFO - Hypothesis da_000: float64, float64 
[ 2023-01-12 11:54:32,541] 90 root - INFO - Hypothesis db_000: float64, float64 
[ 2023-01-12 11:54:32,579] 90 root - INFO - Hypothesis dc_000: float64, float64 
[ 2023-01-12 11:54:32,588] 90 root - INFO - Hypothesis dd_000: float64, float64 
[ 2023-01-12 11:54:32,598] 90 root - INFO - Hypothesis de_000: float64, float64 
[ 2023-01-12 11:54:32,637] 90 root - INFO - Hypothesis df_000: float64, float64 
[ 2023-01-12 11:54:32,673] 90 root - INFO - Hypothesis dg_000: float64, float64 
[ 2023-01-12 11:54:32,709] 90 root - INFO - Hypothesis dh_000: float64, float64 
[ 2023-01-12 11:54:32,745] 90 root - INFO - Hypothesis di_000: float64, float64 
[ 2023-01-12 11:54:32,782] 90 root - INFO - Hypothesis dj_000: float64, float64 
[ 2023-01-12 11:54:32,817] 90 root - INFO - Hypothesis dk_000: float64, float64 
[ 2023-01-12 11:54:32,852] 90 root - INFO - Hypothesis dl_000: float64, float64 
[ 2023-01-12 11:54:32,889] 90 root - INFO - Hypothesis dm_000: float64, float64 
[ 2023-01-12 11:54:32,924] 90 root - INFO - Hypothesis dn_000: float64, float64 
[ 2023-01-12 11:54:32,934] 90 root - INFO - Hypothesis do_000: float64, float64 
[ 2023-01-12 11:54:32,944] 90 root - INFO - Hypothesis dp_000: float64, float64 
[ 2023-01-12 11:54:32,953] 90 root - INFO - Hypothesis dq_000: float64, float64 
[ 2023-01-12 11:54:32,959] 90 root - INFO - Hypothesis dr_000: float64, float64 
[ 2023-01-12 11:54:32,996] 90 root - INFO - Hypothesis ds_000: float64, float64 
[ 2023-01-12 11:54:33,006] 90 root - INFO - Hypothesis dt_000: float64, float64 
[ 2023-01-12 11:54:33,016] 90 root - INFO - Hypothesis du_000: float64, float64 
[ 2023-01-12 11:54:33,057] 90 root - INFO - Hypothesis dv_000: float64, float64 
[ 2023-01-12 11:54:33,099] 90 root - INFO - Hypothesis dx_000: float64, float64 
[ 2023-01-12 11:54:33,136] 90 root - INFO - Hypothesis dy_000: float64, float64 
[ 2023-01-12 11:54:33,174] 90 root - INFO - Hypothesis dz_000: float64, float64 
[ 2023-01-12 11:54:33,209] 90 root - INFO - Hypothesis ea_000: float64, float64 
[ 2023-01-12 11:54:33,245] 90 root - INFO - Hypothesis eb_000: float64, float64 
[ 2023-01-12 11:54:33,254] 90 root - INFO - Hypothesis ec_00: float64, float64 
[ 2023-01-12 11:54:33,264] 90 root - INFO - Hypothesis ed_000: float64, float64 
[ 2023-01-12 11:54:33,273] 90 root - INFO - Hypothesis ee_000: float64, float64 
[ 2023-01-12 11:54:33,284] 90 root - INFO - Hypothesis ee_001: float64, float64 
[ 2023-01-12 11:54:33,294] 90 root - INFO - Hypothesis ee_002: float64, float64 
[ 2023-01-12 11:54:33,305] 90 root - INFO - Hypothesis ee_003: float64, float64 
[ 2023-01-12 11:54:33,315] 90 root - INFO - Hypothesis ee_004: float64, float64 
[ 2023-01-12 11:54:33,325] 90 root - INFO - Hypothesis ee_005: float64, float64 
[ 2023-01-12 11:54:33,335] 90 root - INFO - Hypothesis ee_006: float64, float64 
[ 2023-01-12 11:54:33,345] 90 root - INFO - Hypothesis ee_007: float64, float64 
[ 2023-01-12 11:54:33,355] 90 root - INFO - Hypothesis ee_008: float64, float64 
[ 2023-01-12 11:54:33,364] 90 root - INFO - Hypothesis ee_009: float64, float64 
[ 2023-01-12 11:54:33,371] 90 root - INFO - Hypothesis ef_000: float64, float64 
[ 2023-01-12 11:54:33,407] 90 root - INFO - Hypothesis eg_000: float64, float64 
[ 2023-01-12 11:54:33,443] 145 root - INFO - As all column are available in test df hence detecting data drift
[ 2023-01-12 11:54:33,443] 90 root - INFO - Hypothesis class: object, object 
[ 2023-01-12 11:54:33,504] 90 root - INFO - Hypothesis aa_000: float64, float64 
[ 2023-01-12 11:54:33,511] 90 root - INFO - Hypothesis ac_000: float64, float64 
[ 2023-01-12 11:54:33,517] 90 root - INFO - Hypothesis ad_000: float64, float64 
[ 2023-01-12 11:54:33,522] 90 root - INFO - Hypothesis ae_000: float64, float64 
[ 2023-01-12 11:54:33,525] 90 root - INFO - Hypothesis af_000: float64, float64 
[ 2023-01-12 11:54:33,528] 90 root - INFO - Hypothesis ag_000: float64, float64 
[ 2023-01-12 11:54:33,543] 90 root - INFO - Hypothesis ag_001: float64, float64 
[ 2023-01-12 11:54:33,558] 90 root - INFO - Hypothesis ag_002: float64, float64 
[ 2023-01-12 11:54:33,573] 90 root - INFO - Hypothesis ag_003: float64, float64 
[ 2023-01-12 11:54:33,577] 90 root - INFO - Hypothesis ag_004: float64, float64 
[ 2023-01-12 11:54:33,584] 90 root - INFO - Hypothesis ag_005: float64, float64 
[ 2023-01-12 11:54:33,591] 90 root - INFO - Hypothesis ag_006: float64, float64 
[ 2023-01-12 11:54:33,598] 90 root - INFO - Hypothesis ag_007: float64, float64 
[ 2023-01-12 11:54:33,605] 90 root - INFO - Hypothesis ag_008: float64, float64 
[ 2023-01-12 11:54:33,610] 90 root - INFO - Hypothesis ag_009: float64, float64 
[ 2023-01-12 11:54:33,615] 90 root - INFO - Hypothesis ah_000: float64, float64 
[ 2023-01-12 11:54:33,622] 90 root - INFO - Hypothesis ai_000: float64, float64 
[ 2023-01-12 11:54:33,625] 90 root - INFO - Hypothesis aj_000: float64, float64 
[ 2023-01-12 11:54:33,629] 90 root - INFO - Hypothesis ak_000: float64, float64 
[ 2023-01-12 11:54:33,645] 90 root - INFO - Hypothesis al_000: float64, float64 
[ 2023-01-12 11:54:33,650] 90 root - INFO - Hypothesis am_0: float64, float64 
[ 2023-01-12 11:54:33,655] 90 root - INFO - Hypothesis an_000: float64, float64 
[ 2023-01-12 11:54:33,662] 90 root - INFO - Hypothesis ao_000: float64, float64 
[ 2023-01-12 11:54:33,669] 90 root - INFO - Hypothesis ap_000: float64, float64 
[ 2023-01-12 11:54:33,676] 90 root - INFO - Hypothesis aq_000: float64, float64 
[ 2023-01-12 11:54:33,683] 90 root - INFO - Hypothesis ar_000: float64, float64 
[ 2023-01-12 11:54:33,686] 90 root - INFO - Hypothesis as_000: float64, float64 
[ 2023-01-12 11:54:33,704] 90 root - INFO - Hypothesis at_000: float64, float64 
[ 2023-01-12 11:54:33,720] 90 root - INFO - Hypothesis au_000: float64, float64 
[ 2023-01-12 11:54:33,735] 90 root - INFO - Hypothesis av_000: float64, float64 
[ 2023-01-12 11:54:33,740] 90 root - INFO - Hypothesis ax_000: float64, float64 
[ 2023-01-12 11:54:33,746] 90 root - INFO - Hypothesis ay_000: float64, float64 
[ 2023-01-12 11:54:33,760] 90 root - INFO - Hypothesis ay_001: float64, float64 
[ 2023-01-12 11:54:33,775] 90 root - INFO - Hypothesis ay_002: float64, float64 
[ 2023-01-12 11:54:33,791] 90 root - INFO - Hypothesis ay_003: float64, float64 
[ 2023-01-12 11:54:33,806] 90 root - INFO - Hypothesis ay_004: float64, float64 
[ 2023-01-12 11:54:33,821] 90 root - INFO - Hypothesis ay_005: float64, float64 
[ 2023-01-12 11:54:33,826] 90 root - INFO - Hypothesis ay_006: float64, float64 
[ 2023-01-12 11:54:33,832] 90 root - INFO - Hypothesis ay_007: float64, float64 
[ 2023-01-12 11:54:33,839] 90 root - INFO - Hypothesis ay_008: float64, float64 
[ 2023-01-12 11:54:33,846] 90 root - INFO - Hypothesis ay_009: float64, float64 
[ 2023-01-12 11:54:33,861] 90 root - INFO - Hypothesis az_000: float64, float64 
[ 2023-01-12 11:54:33,868] 90 root - INFO - Hypothesis az_001: float64, float64 
[ 2023-01-12 11:54:33,875] 90 root - INFO - Hypothesis az_002: float64, float64 
[ 2023-01-12 11:54:33,881] 90 root - INFO - Hypothesis az_003: float64, float64 
[ 2023-01-12 11:54:33,888] 90 root - INFO - Hypothesis az_004: float64, float64 
[ 2023-01-12 11:54:33,895] 90 root - INFO - Hypothesis az_005: float64, float64 
[ 2023-01-12 11:54:33,902] 90 root - INFO - Hypothesis az_006: float64, float64 
[ 2023-01-12 11:54:33,908] 90 root - INFO - Hypothesis az_007: float64, float64 
[ 2023-01-12 11:54:33,925] 90 root - INFO - Hypothesis az_008: float64, float64 
[ 2023-01-12 11:54:33,928] 90 root - INFO - Hypothesis az_009: float64, float64 
[ 2023-01-12 11:54:33,943] 90 root - INFO - Hypothesis ba_000: float64, float64 
[ 2023-01-12 11:54:33,950] 90 root - INFO - Hypothesis ba_001: float64, float64 
[ 2023-01-12 11:54:33,957] 90 root - INFO - Hypothesis ba_002: float64, float64 
[ 2023-01-12 11:54:33,964] 90 root - INFO - Hypothesis ba_003: float64, float64 
[ 2023-01-12 11:54:33,971] 90 root - INFO - Hypothesis ba_004: float64, float64 
[ 2023-01-12 11:54:33,978] 90 root - INFO - Hypothesis ba_005: float64, float64 
[ 2023-01-12 11:54:33,984] 90 root - INFO - Hypothesis ba_006: float64, float64 
[ 2023-01-12 11:54:33,991] 90 root - INFO - Hypothesis ba_007: float64, float64 
[ 2023-01-12 11:54:33,997] 90 root - INFO - Hypothesis ba_008: float64, float64 
[ 2023-01-12 11:54:34,003] 90 root - INFO - Hypothesis ba_009: float64, float64 
[ 2023-01-12 11:54:34,008] 90 root - INFO - Hypothesis bb_000: float64, float64 
[ 2023-01-12 11:54:34,015] 90 root - INFO - Hypothesis bc_000: float64, float64 
[ 2023-01-12 11:54:34,020] 90 root - INFO - Hypothesis bd_000: float64, float64 
[ 2023-01-12 11:54:34,026] 90 root - INFO - Hypothesis be_000: float64, float64 
[ 2023-01-12 11:54:34,031] 90 root - INFO - Hypothesis bf_000: float64, float64 
[ 2023-01-12 11:54:34,036] 90 root - INFO - Hypothesis bg_000: float64, float64 
[ 2023-01-12 11:54:34,043] 90 root - INFO - Hypothesis bh_000: float64, float64 
[ 2023-01-12 11:54:34,050] 90 root - INFO - Hypothesis bi_000: float64, float64 
[ 2023-01-12 11:54:34,057] 90 root - INFO - Hypothesis bj_000: float64, float64 
[ 2023-01-12 11:54:34,064] 90 root - INFO - Hypothesis bk_000: float64, float64 
[ 2023-01-12 11:54:34,070] 90 root - INFO - Hypothesis bl_000: float64, float64 
[ 2023-01-12 11:54:34,075] 90 root - INFO - Hypothesis bm_000: float64, float64 
[ 2023-01-12 11:54:34,079] 90 root - INFO - Hypothesis bs_000: float64, float64 
[ 2023-01-12 11:54:34,086] 90 root - INFO - Hypothesis bt_000: float64, float64 
[ 2023-01-12 11:54:34,093] 90 root - INFO - Hypothesis bu_000: float64, float64 
[ 2023-01-12 11:54:34,100] 90 root - INFO - Hypothesis bv_000: float64, float64 
[ 2023-01-12 11:54:34,107] 90 root - INFO - Hypothesis bx_000: float64, float64 
[ 2023-01-12 11:54:34,114] 90 root - INFO - Hypothesis by_000: float64, float64 
[ 2023-01-12 11:54:34,121] 90 root - INFO - Hypothesis bz_000: float64, float64 
[ 2023-01-12 11:54:34,127] 90 root - INFO - Hypothesis ca_000: float64, float64 
[ 2023-01-12 11:54:34,134] 90 root - INFO - Hypothesis cb_000: float64, float64 
[ 2023-01-12 11:54:34,141] 90 root - INFO - Hypothesis cc_000: float64, float64 
[ 2023-01-12 11:54:34,148] 90 root - INFO - Hypothesis cd_000: float64, float64 
[ 2023-01-12 11:54:34,163] 90 root - INFO - Hypothesis ce_000: float64, float64 
[ 2023-01-12 11:54:34,169] 90 root - INFO - Hypothesis cf_000: float64, float64 
[ 2023-01-12 11:54:34,173] 90 root - INFO - Hypothesis cg_000: float64, float64 
[ 2023-01-12 11:54:34,178] 90 root - INFO - Hypothesis ch_000: float64, float64 
[ 2023-01-12 11:54:34,193] 90 root - INFO - Hypothesis ci_000: float64, float64 
[ 2023-01-12 11:54:34,201] 90 root - INFO - Hypothesis cj_000: float64, float64 
[ 2023-01-12 11:54:34,205] 90 root - INFO - Hypothesis ck_000: float64, float64 
[ 2023-01-12 11:54:34,212] 90 root - INFO - Hypothesis cl_000: float64, float64 
[ 2023-01-12 11:54:34,216] 90 root - INFO - Hypothesis cm_000: float64, float64 
[ 2023-01-12 11:54:34,221] 90 root - INFO - Hypothesis cn_000: float64, float64 
[ 2023-01-12 11:54:34,235] 90 root - INFO - Hypothesis cn_001: float64, float64 
[ 2023-01-12 11:54:34,239] 90 root - INFO - Hypothesis cn_002: float64, float64 
[ 2023-01-12 11:54:34,245] 90 root - INFO - Hypothesis cn_003: float64, float64 
[ 2023-01-12 11:54:34,251] 90 root - INFO - Hypothesis cn_004: float64, float64 
[ 2023-01-12 11:54:34,258] 90 root - INFO - Hypothesis cn_005: float64, float64 
[ 2023-01-12 11:54:34,265] 90 root - INFO - Hypothesis cn_006: float64, float64 
[ 2023-01-12 11:54:34,272] 90 root - INFO - Hypothesis cn_007: float64, float64 
[ 2023-01-12 11:54:34,279] 90 root - INFO - Hypothesis cn_008: float64, float64 
[ 2023-01-12 11:54:34,285] 90 root - INFO - Hypothesis cn_009: float64, float64 
[ 2023-01-12 11:54:34,290] 90 root - INFO - Hypothesis co_000: float64, float64 
[ 2023-01-12 11:54:34,295] 90 root - INFO - Hypothesis cp_000: float64, float64 
[ 2023-01-12 11:54:34,300] 90 root - INFO - Hypothesis cq_000: float64, float64 
[ 2023-01-12 11:54:34,307] 90 root - INFO - Hypothesis cs_000: float64, float64 
[ 2023-01-12 11:54:34,313] 90 root - INFO - Hypothesis cs_001: float64, float64 
[ 2023-01-12 11:54:34,319] 90 root - INFO - Hypothesis cs_002: float64, float64 
[ 2023-01-12 11:54:34,326] 90 root - INFO - Hypothesis cs_003: float64, float64 
[ 2023-01-12 11:54:34,333] 90 root - INFO - Hypothesis cs_004: float64, float64 
[ 2023-01-12 11:54:34,339] 90 root - INFO - Hypothesis cs_005: float64, float64 
[ 2023-01-12 11:54:34,346] 90 root - INFO - Hypothesis cs_006: float64, float64 
[ 2023-01-12 11:54:34,353] 90 root - INFO - Hypothesis cs_007: float64, float64 
[ 2023-01-12 11:54:34,360] 90 root - INFO - Hypothesis cs_008: float64, float64 
[ 2023-01-12 11:54:34,365] 90 root - INFO - Hypothesis cs_009: float64, float64 
[ 2023-01-12 11:54:34,380] 90 root - INFO - Hypothesis ct_000: float64, float64 
[ 2023-01-12 11:54:34,386] 90 root - INFO - Hypothesis cu_000: float64, float64 
[ 2023-01-12 11:54:34,391] 90 root - INFO - Hypothesis cv_000: float64, float64 
[ 2023-01-12 11:54:34,397] 90 root - INFO - Hypothesis cx_000: float64, float64 
[ 2023-01-12 11:54:34,403] 90 root - INFO - Hypothesis cy_000: float64, float64 
[ 2023-01-12 11:54:34,407] 90 root - INFO - Hypothesis cz_000: float64, float64 
[ 2023-01-12 11:54:34,412] 90 root - INFO - Hypothesis da_000: float64, float64 
[ 2023-01-12 11:54:34,428] 90 root - INFO - Hypothesis db_000: float64, float64 
[ 2023-01-12 11:54:34,432] 90 root - INFO - Hypothesis dc_000: float64, float64 
[ 2023-01-12 11:54:34,438] 90 root - INFO - Hypothesis dd_000: float64, float64 
[ 2023-01-12 11:54:34,444] 90 root - INFO - Hypothesis de_000: float64, float64 
[ 2023-01-12 11:54:34,450] 90 root - INFO - Hypothesis df_000: float64, float64 
[ 2023-01-12 11:54:34,453] 90 root - INFO - Hypothesis dg_000: float64, float64 
[ 2023-01-12 11:54:34,468] 90 root - INFO - Hypothesis dh_000: float64, float64 
[ 2023-01-12 11:54:34,484] 90 root - INFO - Hypothesis di_000: float64, float64 
[ 2023-01-12 11:54:34,500] 90 root - INFO - Hypothesis dj_000: float64, float64 
[ 2023-01-12 11:54:34,515] 90 root - INFO - Hypothesis dk_000: float64, float64 
[ 2023-01-12 11:54:34,530] 90 root - INFO - Hypothesis dl_000: float64, float64 
[ 2023-01-12 11:54:34,545] 90 root - INFO - Hypothesis dm_000: float64, float64 
[ 2023-01-12 11:54:34,560] 90 root - INFO - Hypothesis dn_000: float64, float64 
[ 2023-01-12 11:54:34,567] 90 root - INFO - Hypothesis do_000: float64, float64 
[ 2023-01-12 11:54:34,573] 90 root - INFO - Hypothesis dp_000: float64, float64 
[ 2023-01-12 11:54:34,579] 90 root - INFO - Hypothesis dq_000: float64, float64 
[ 2023-01-12 11:54:34,584] 90 root - INFO - Hypothesis dr_000: float64, float64 
[ 2023-01-12 11:54:34,588] 90 root - INFO - Hypothesis ds_000: float64, float64 
[ 2023-01-12 11:54:34,595] 90 root - INFO - Hypothesis dt_000: float64, float64 
[ 2023-01-12 11:54:34,601] 90 root - INFO - Hypothesis du_000: float64, float64 
[ 2023-01-12 11:54:34,608] 90 root - INFO - Hypothesis dv_000: float64, float64 
[ 2023-01-12 11:54:34,615] 90 root - INFO - Hypothesis dx_000: float64, float64 
[ 2023-01-12 11:54:34,619] 90 root - INFO - Hypothesis dy_000: float64, float64 
[ 2023-01-12 11:54:34,624] 90 root - INFO - Hypothesis dz_000: float64, float64 
[ 2023-01-12 11:54:34,639] 90 root - INFO - Hypothesis ea_000: float64, float64 
[ 2023-01-12 11:54:34,642] 90 root - INFO - Hypothesis eb_000: float64, float64 
[ 2023-01-12 11:54:34,648] 90 root - INFO - Hypothesis ec_00: float64, float64 
[ 2023-01-12 11:54:34,654] 90 root - INFO - Hypothesis ed_000: float64, float64 
[ 2023-01-12 11:54:34,660] 90 root - INFO - Hypothesis ee_000: float64, float64 
[ 2023-01-12 11:54:34,667] 90 root - INFO - Hypothesis ee_001: float64, float64 
[ 2023-01-12 11:54:34,674] 90 root - INFO - Hypothesis ee_002: float64, float64 
[ 2023-01-12 11:54:34,681] 90 root - INFO - Hypothesis ee_003: float64, float64 
[ 2023-01-12 11:54:34,688] 90 root - INFO - Hypothesis ee_004: float64, float64 
[ 2023-01-12 11:54:34,695] 90 root - INFO - Hypothesis ee_005: float64, float64 
[ 2023-01-12 11:54:34,702] 90 root - INFO - Hypothesis ee_006: float64, float64 
[ 2023-01-12 11:54:34,708] 90 root - INFO - Hypothesis ee_007: float64, float64 
[ 2023-01-12 11:54:34,715] 90 root - INFO - Hypothesis ee_008: float64, float64 
[ 2023-01-12 11:54:34,721] 90 root - INFO - Hypothesis ee_009: float64, float64 
[ 2023-01-12 11:54:34,726] 90 root - INFO - Hypothesis ef_000: float64, float64 
[ 2023-01-12 11:54:34,741] 90 root - INFO - Hypothesis eg_000: float64, float64 
[ 2023-01-12 11:54:34,756] 149 root - INFO - Write report in yaml file
[ 2023-01-12 11:54:34,931] 154 root - INFO - Data validation artifact: DataValidationArtifact(report_file_path='/config/workspace/artifact/01122023__115408/data_validation/report.yaml')
