[ 2023-01-12 11:40:54,883] 15 root - INFO - >>>>>>>>>>>>>>>>>>>>>>>>>>>>>>>>>>>>>>>> Data Ingestion <<<<<<<<<<<<<<<<<<<<<<<<<<<<<<<<<<<<<<<<
[ 2023-01-12 11:40:54,883] 22 root - INFO - Exporting collection data as pandas dataframe
[ 2023-01-12 11:40:54,883] 23 root - INFO - Reading data from database: aps and collection : sensor
[ 2023-01-12 11:40:58,321] 25 root - INFO - Found columns : Index(['_id', 'class', 'aa_000', 'ab_000', 'ac_000', 'ad_000', 'ae_000',
       'af_000', 'ag_000', 'ag_001',
       ...
       'ee_002', 'ee_003', 'ee_004', 'ee_005', 'ee_006', 'ee_007', 'ee_008',
       'ee_009', 'ef_000', 'eg_000'],
      dtype='object', length=172)
[ 2023-01-12 11:40:58,322] 27 root - INFO - Droppping column : _id
[ 2023-01-12 11:40:58,516] 29 root - INFO - Rows and Columns in df: (36188, 171)
[ 2023-01-12 11:40:58,516] 28 root - INFO - Save data in feature store
[ 2023-01-12 11:40:59,064] 34 root - INFO - Create feature store folder if not available
[ 2023-01-12 11:40:59,065] 38 root - INFO - Save df to feature store folder
[ 2023-01-12 11:41:01,464] 43 root - INFO - split dataset into train and test set
[ 2023-01-12 11:41:02,017] 47 root - INFO - create dataset directory folder if not available
[ 2023-01-12 11:41:02,017] 52 root - INFO - Save df to feature store folder
[ 2023-01-12 11:41:04,202] 65 root - INFO - Data ingestion artifact: DataIngestionArtifact(feature_store_file_path='/config/workspace/artifact/01122023__114054/data_ingestion/feature_store/sensor.csv', train_file_path='/config/workspace/artifact/01122023__114054/data_ingestion/dataset/train.csv', test_file_path='/config/workspace/artifact/01122023__114054/data_ingestion/dataset/test.csv')
[ 2023-01-12 11:41:04,606] 23 root - INFO - >>>>>>>>>>>>>>>>>>>>>>>>>>>>>>>>>>>>>>>> Data Validation <<<<<<<<<<<<<<<<<<<<<<<<<<<<<<<<<<<<<<<<
[ 2023-01-12 11:41:04,606] 112 root - INFO - Reading base dataframe
[ 2023-01-12 11:41:07,524] 115 root - INFO - Replace na value in base df
[ 2023-01-12 11:41:07,524] 117 root - INFO - Drop null values colums from base df
[ 2023-01-12 11:41:08,442] 46 root - INFO - selecting column name which contains null above to 0.7
[ 2023-01-12 11:41:08,442] 49 root - INFO - Columns to drop: ['ab_000', 'bn_000', 'bo_000', 'bp_000', 'bq_000', 'br_000', 'cr_000']
[ 2023-01-12 11:41:08,531] 120 root - INFO - Reading train dataframe
[ 2023-01-12 11:41:08,921] 122 root - INFO - Reading test dataframe
[ 2023-01-12 11:41:09,023] 125 root - INFO - Drop null values colums from train df
[ 2023-01-12 11:41:09,035] 46 root - INFO - selecting column name which contains null above to 0.7
[ 2023-01-12 11:41:09,036] 49 root - INFO - Columns to drop: ['ab_000', 'bn_000', 'bo_000', 'bp_000', 'bq_000', 'br_000', 'cr_000']
[ 2023-01-12 11:41:09,046] 127 root - INFO - Drop null values colums from test df
[ 2023-01-12 11:41:09,051] 46 root - INFO - selecting column name which contains null above to 0.7
[ 2023-01-12 11:41:09,051] 49 root - INFO - Columns to drop: ['ab_000', 'bn_000', 'bo_000', 'bp_000', 'bq_000', 'br_000', 'cr_000']
[ 2023-01-12 11:41:16,387] 136 root - INFO - Is all required columns present in train df
[ 2023-01-12 11:41:16,387] 138 root - INFO - Is all required columns present in test df
[ 2023-01-12 11:41:16,387] 142 root - INFO - As all column are available in train df hence detecting data drift
[ 2023-01-12 11:41:16,388] 90 root - INFO - Hypothesis class: object, object 
[ 2023-01-12 11:41:16,521] 90 root - INFO - Hypothesis aa_000: float64, float64 
[ 2023-01-12 11:41:16,532] 90 root - INFO - Hypothesis ac_000: float64, float64 
[ 2023-01-12 11:41:16,541] 90 root - INFO - Hypothesis ad_000: float64, float64 
[ 2023-01-12 11:41:16,549] 90 root - INFO - Hypothesis ae_000: float64, float64 
[ 2023-01-12 11:41:16,585] 90 root - INFO - Hypothesis af_000: float64, float64 
[ 2023-01-12 11:41:16,621] 90 root - INFO - Hypothesis ag_000: float64, float64 
[ 2023-01-12 11:41:16,658] 90 root - INFO - Hypothesis ag_001: float64, float64 
[ 2023-01-12 11:41:16,694] 90 root - INFO - Hypothesis ag_002: float64, float64 
[ 2023-01-12 11:41:16,730] 90 root - INFO - Hypothesis ag_003: float64, float64 
[ 2023-01-12 11:41:16,769] 90 root - INFO - Hypothesis ag_004: float64, float64 
[ 2023-01-12 11:41:16,779] 90 root - INFO - Hypothesis ag_005: float64, float64 
[ 2023-01-12 11:41:16,790] 90 root - INFO - Hypothesis ag_006: float64, float64 
[ 2023-01-12 11:41:16,800] 90 root - INFO - Hypothesis ag_007: float64, float64 
[ 2023-01-12 11:41:16,810] 90 root - INFO - Hypothesis ag_008: float64, float64 
[ 2023-01-12 11:41:16,818] 90 root - INFO - Hypothesis ag_009: float64, float64 
[ 2023-01-12 11:41:16,858] 90 root - INFO - Hypothesis ah_000: float64, float64 
[ 2023-01-12 11:41:16,869] 90 root - INFO - Hypothesis ai_000: float64, float64 
[ 2023-01-12 11:41:16,906] 90 root - INFO - Hypothesis aj_000: float64, float64 
[ 2023-01-12 11:41:16,944] 90 root - INFO - Hypothesis ak_000: float64, float64 
[ 2023-01-12 11:41:16,980] 90 root - INFO - Hypothesis al_000: float64, float64 
[ 2023-01-12 11:41:17,019] 90 root - INFO - Hypothesis am_0: float64, float64 
[ 2023-01-12 11:41:17,059] 90 root - INFO - Hypothesis an_000: float64, float64 
[ 2023-01-12 11:41:17,069] 90 root - INFO - Hypothesis ao_000: float64, float64 
[ 2023-01-12 11:41:17,080] 90 root - INFO - Hypothesis ap_000: float64, float64 
[ 2023-01-12 11:41:17,090] 90 root - INFO - Hypothesis aq_000: float64, float64 
[ 2023-01-12 11:41:17,101] 90 root - INFO - Hypothesis ar_000: float64, float64 
[ 2023-01-12 11:41:17,137] 90 root - INFO - Hypothesis as_000: float64, float64 
[ 2023-01-12 11:41:17,174] 90 root - INFO - Hypothesis at_000: float64, float64 
[ 2023-01-12 11:41:17,211] 90 root - INFO - Hypothesis au_000: float64, float64 
[ 2023-01-12 11:41:17,247] 90 root - INFO - Hypothesis av_000: float64, float64 
[ 2023-01-12 11:41:17,255] 90 root - INFO - Hypothesis ax_000: float64, float64 
[ 2023-01-12 11:41:17,263] 90 root - INFO - Hypothesis ay_000: float64, float64 
[ 2023-01-12 11:41:17,299] 90 root - INFO - Hypothesis ay_001: float64, float64 
[ 2023-01-12 11:41:17,335] 90 root - INFO - Hypothesis ay_002: float64, float64 
[ 2023-01-12 11:41:17,372] 90 root - INFO - Hypothesis ay_003: float64, float64 
[ 2023-01-12 11:41:17,408] 90 root - INFO - Hypothesis ay_004: float64, float64 
[ 2023-01-12 11:41:17,444] 90 root - INFO - Hypothesis ay_005: float64, float64 
[ 2023-01-12 11:41:17,485] 90 root - INFO - Hypothesis ay_006: float64, float64 
[ 2023-01-12 11:41:17,494] 90 root - INFO - Hypothesis ay_007: float64, float64 
[ 2023-01-12 11:41:17,539] 90 root - INFO - Hypothesis ay_008: float64, float64 
[ 2023-01-12 11:41:17,550] 90 root - INFO - Hypothesis ay_009: float64, float64 
[ 2023-01-12 11:41:17,585] 90 root - INFO - Hypothesis az_000: float64, float64 
[ 2023-01-12 11:41:17,595] 90 root - INFO - Hypothesis az_001: float64, float64 
[ 2023-01-12 11:41:17,637] 90 root - INFO - Hypothesis az_002: float64, float64 
[ 2023-01-12 11:41:17,679] 90 root - INFO - Hypothesis az_003: float64, float64 
[ 2023-01-12 11:41:17,689] 90 root - INFO - Hypothesis az_004: float64, float64 
[ 2023-01-12 11:41:17,700] 90 root - INFO - Hypothesis az_005: float64, float64 
[ 2023-01-12 11:41:17,710] 90 root - INFO - Hypothesis az_006: float64, float64 
[ 2023-01-12 11:41:17,751] 90 root - INFO - Hypothesis az_007: float64, float64 
[ 2023-01-12 11:41:17,789] 90 root - INFO - Hypothesis az_008: float64, float64 
[ 2023-01-12 11:41:17,826] 90 root - INFO - Hypothesis az_009: float64, float64 
[ 2023-01-12 11:41:17,862] 90 root - INFO - Hypothesis ba_000: float64, float64 
[ 2023-01-12 11:41:17,905] 90 root - INFO - Hypothesis ba_001: float64, float64 
[ 2023-01-12 11:41:17,915] 90 root - INFO - Hypothesis ba_002: float64, float64 
[ 2023-01-12 11:41:17,926] 90 root - INFO - Hypothesis ba_003: float64, float64 
[ 2023-01-12 11:41:17,936] 90 root - INFO - Hypothesis ba_004: float64, float64 
[ 2023-01-12 11:41:17,946] 90 root - INFO - Hypothesis ba_005: float64, float64 
[ 2023-01-12 11:41:17,988] 90 root - INFO - Hypothesis ba_006: float64, float64 
[ 2023-01-12 11:41:17,998] 90 root - INFO - Hypothesis ba_007: float64, float64 
[ 2023-01-12 11:41:18,040] 90 root - INFO - Hypothesis ba_008: float64, float64 
[ 2023-01-12 11:41:18,048] 90 root - INFO - Hypothesis ba_009: float64, float64 
[ 2023-01-12 11:41:18,086] 90 root - INFO - Hypothesis bb_000: float64, float64 
[ 2023-01-12 11:41:18,096] 90 root - INFO - Hypothesis bc_000: float64, float64 
[ 2023-01-12 11:41:18,136] 90 root - INFO - Hypothesis bd_000: float64, float64 
[ 2023-01-12 11:41:18,177] 90 root - INFO - Hypothesis be_000: float64, float64 
[ 2023-01-12 11:41:18,186] 90 root - INFO - Hypothesis bf_000: float64, float64 
[ 2023-01-12 11:41:18,225] 90 root - INFO - Hypothesis bg_000: float64, float64 
[ 2023-01-12 11:41:18,235] 90 root - INFO - Hypothesis bh_000: float64, float64 
[ 2023-01-12 11:41:18,245] 90 root - INFO - Hypothesis bi_000: float64, float64 
[ 2023-01-12 11:41:18,289] 90 root - INFO - Hypothesis bj_000: float64, float64 
[ 2023-01-12 11:41:18,300] 90 root - INFO - Hypothesis bk_000: float64, float64 
[ 2023-01-12 11:41:18,340] 90 root - INFO - Hypothesis bl_000: float64, float64 
[ 2023-01-12 11:41:18,381] 90 root - INFO - Hypothesis bm_000: float64, float64 
[ 2023-01-12 11:41:18,418] 90 root - INFO - Hypothesis bs_000: float64, float64 
[ 2023-01-12 11:41:18,429] 90 root - INFO - Hypothesis bt_000: float64, float64 
[ 2023-01-12 11:41:18,440] 90 root - INFO - Hypothesis bu_000: float64, float64 
[ 2023-01-12 11:41:18,451] 90 root - INFO - Hypothesis bv_000: float64, float64 
[ 2023-01-12 11:41:18,461] 90 root - INFO - Hypothesis bx_000: float64, float64 
[ 2023-01-12 11:41:18,472] 90 root - INFO - Hypothesis by_000: float64, float64 
[ 2023-01-12 11:41:18,517] 90 root - INFO - Hypothesis bz_000: float64, float64 
[ 2023-01-12 11:41:18,558] 90 root - INFO - Hypothesis ca_000: float64, float64 
[ 2023-01-12 11:41:18,569] 90 root - INFO - Hypothesis cb_000: float64, float64 
[ 2023-01-12 11:41:18,579] 90 root - INFO - Hypothesis cc_000: float64, float64 
[ 2023-01-12 11:41:18,590] 90 root - INFO - Hypothesis cd_000: float64, float64 
[ 2023-01-12 11:41:18,594] 90 root - INFO - Hypothesis ce_000: float64, float64 
[ 2023-01-12 11:41:18,604] 90 root - INFO - Hypothesis cf_000: float64, float64 
[ 2023-01-12 11:41:18,642] 90 root - INFO - Hypothesis cg_000: float64, float64 
[ 2023-01-12 11:41:18,682] 90 root - INFO - Hypothesis ch_000: float64, float64 
[ 2023-01-12 11:41:18,720] 90 root - INFO - Hypothesis ci_000: float64, float64 
[ 2023-01-12 11:41:18,730] 90 root - INFO - Hypothesis cj_000: float64, float64 
[ 2023-01-12 11:41:18,770] 90 root - INFO - Hypothesis ck_000: float64, float64 
[ 2023-01-12 11:41:18,817] 90 root - INFO - Hypothesis cl_000: float64, float64 
[ 2023-01-12 11:41:18,856] 90 root - INFO - Hypothesis cm_000: float64, float64 
[ 2023-01-12 11:41:18,863] 90 root - INFO - Hypothesis cn_000: float64, float64 
[ 2023-01-12 11:41:18,899] 90 root - INFO - Hypothesis cn_001: float64, float64 
[ 2023-01-12 11:41:18,936] 90 root - INFO - Hypothesis cn_002: float64, float64 
[ 2023-01-12 11:41:18,944] 90 root - INFO - Hypothesis cn_003: float64, float64 
[ 2023-01-12 11:41:18,987] 90 root - INFO - Hypothesis cn_004: float64, float64 
[ 2023-01-12 11:41:18,998] 90 root - INFO - Hypothesis cn_005: float64, float64 
[ 2023-01-12 11:41:19,041] 90 root - INFO - Hypothesis cn_006: float64, float64 
[ 2023-01-12 11:41:19,051] 90 root - INFO - Hypothesis cn_007: float64, float64 
[ 2023-01-12 11:41:19,061] 90 root - INFO - Hypothesis cn_008: float64, float64 
[ 2023-01-12 11:41:19,102] 90 root - INFO - Hypothesis cn_009: float64, float64 
[ 2023-01-12 11:41:19,110] 90 root - INFO - Hypothesis co_000: float64, float64 
[ 2023-01-12 11:41:19,117] 90 root - INFO - Hypothesis cp_000: float64, float64 
[ 2023-01-12 11:41:19,157] 90 root - INFO - Hypothesis cq_000: float64, float64 
[ 2023-01-12 11:41:19,167] 90 root - INFO - Hypothesis cs_000: float64, float64 
[ 2023-01-12 11:41:19,177] 90 root - INFO - Hypothesis cs_001: float64, float64 
[ 2023-01-12 11:41:19,186] 90 root - INFO - Hypothesis cs_002: float64, float64 
[ 2023-01-12 11:41:19,228] 90 root - INFO - Hypothesis cs_003: float64, float64 
[ 2023-01-12 11:41:19,239] 90 root - INFO - Hypothesis cs_004: float64, float64 
[ 2023-01-12 11:41:19,249] 90 root - INFO - Hypothesis cs_005: float64, float64 
[ 2023-01-12 11:41:19,293] 90 root - INFO - Hypothesis cs_006: float64, float64 
[ 2023-01-12 11:41:19,304] 90 root - INFO - Hypothesis cs_007: float64, float64 
[ 2023-01-12 11:41:19,314] 90 root - INFO - Hypothesis cs_008: float64, float64 
[ 2023-01-12 11:41:19,355] 90 root - INFO - Hypothesis cs_009: float64, float64 
[ 2023-01-12 11:41:19,390] 90 root - INFO - Hypothesis ct_000: float64, float64 
[ 2023-01-12 11:41:19,398] 90 root - INFO - Hypothesis cu_000: float64, float64 
[ 2023-01-12 11:41:19,407] 90 root - INFO - Hypothesis cv_000: float64, float64 
[ 2023-01-12 11:41:19,449] 90 root - INFO - Hypothesis cx_000: float64, float64 
[ 2023-01-12 11:41:19,458] 90 root - INFO - Hypothesis cy_000: float64, float64 
[ 2023-01-12 11:41:19,463] 90 root - INFO - Hypothesis cz_000: float64, float64 
[ 2023-01-12 11:41:19,504] 90 root - INFO - Hypothesis da_000: float64, float64 
[ 2023-01-12 11:41:19,542] 90 root - INFO - Hypothesis db_000: float64, float64 
[ 2023-01-12 11:41:19,580] 90 root - INFO - Hypothesis dc_000: float64, float64 
[ 2023-01-12 11:41:19,623] 90 root - INFO - Hypothesis dd_000: float64, float64 
[ 2023-01-12 11:41:19,633] 90 root - INFO - Hypothesis de_000: float64, float64 
[ 2023-01-12 11:41:19,641] 90 root - INFO - Hypothesis df_000: float64, float64 
[ 2023-01-12 11:41:19,678] 90 root - INFO - Hypothesis dg_000: float64, float64 
[ 2023-01-12 11:41:19,713] 90 root - INFO - Hypothesis dh_000: float64, float64 
[ 2023-01-12 11:41:19,750] 90 root - INFO - Hypothesis di_000: float64, float64 
[ 2023-01-12 11:41:19,787] 90 root - INFO - Hypothesis dj_000: float64, float64 
[ 2023-01-12 11:41:19,824] 90 root - INFO - Hypothesis dk_000: float64, float64 
[ 2023-01-12 11:41:19,861] 90 root - INFO - Hypothesis dl_000: float64, float64 
[ 2023-01-12 11:41:19,897] 90 root - INFO - Hypothesis dm_000: float64, float64 
[ 2023-01-12 11:41:19,933] 90 root - INFO - Hypothesis dn_000: float64, float64 
[ 2023-01-12 11:41:19,944] 90 root - INFO - Hypothesis do_000: float64, float64 
[ 2023-01-12 11:41:19,953] 90 root - INFO - Hypothesis dp_000: float64, float64 
[ 2023-01-12 11:41:19,963] 90 root - INFO - Hypothesis dq_000: float64, float64 
[ 2023-01-12 11:41:20,001] 90 root - INFO - Hypothesis dr_000: float64, float64 
[ 2023-01-12 11:41:20,041] 90 root - INFO - Hypothesis ds_000: float64, float64 
[ 2023-01-12 11:41:20,051] 90 root - INFO - Hypothesis dt_000: float64, float64 
[ 2023-01-12 11:41:20,061] 90 root - INFO - Hypothesis du_000: float64, float64 
[ 2023-01-12 11:41:20,103] 90 root - INFO - Hypothesis dv_000: float64, float64 
[ 2023-01-12 11:41:20,145] 90 root - INFO - Hypothesis dx_000: float64, float64 
[ 2023-01-12 11:41:20,184] 90 root - INFO - Hypothesis dy_000: float64, float64 
[ 2023-01-12 11:41:20,223] 90 root - INFO - Hypothesis dz_000: float64, float64 
[ 2023-01-12 11:41:20,258] 90 root - INFO - Hypothesis ea_000: float64, float64 
[ 2023-01-12 11:41:20,295] 90 root - INFO - Hypothesis eb_000: float64, float64 
[ 2023-01-12 11:41:20,336] 90 root - INFO - Hypothesis ec_00: float64, float64 
[ 2023-01-12 11:41:20,378] 90 root - INFO - Hypothesis ed_000: float64, float64 
[ 2023-01-12 11:41:20,419] 90 root - INFO - Hypothesis ee_000: float64, float64 
[ 2023-01-12 11:41:20,462] 90 root - INFO - Hypothesis ee_001: float64, float64 
[ 2023-01-12 11:41:20,473] 90 root - INFO - Hypothesis ee_002: float64, float64 
[ 2023-01-12 11:41:20,483] 90 root - INFO - Hypothesis ee_003: float64, float64 
[ 2023-01-12 11:41:20,494] 90 root - INFO - Hypothesis ee_004: float64, float64 
[ 2023-01-12 11:41:20,504] 90 root - INFO - Hypothesis ee_005: float64, float64 
[ 2023-01-12 11:41:20,515] 90 root - INFO - Hypothesis ee_006: float64, float64 
[ 2023-01-12 11:41:20,559] 90 root - INFO - Hypothesis ee_007: float64, float64 
[ 2023-01-12 11:41:20,601] 90 root - INFO - Hypothesis ee_008: float64, float64 
[ 2023-01-12 11:41:20,611] 90 root - INFO - Hypothesis ee_009: float64, float64 
[ 2023-01-12 11:41:20,650] 90 root - INFO - Hypothesis ef_000: float64, float64 
[ 2023-01-12 11:41:20,688] 90 root - INFO - Hypothesis eg_000: float64, float64 
[ 2023-01-12 11:41:20,725] 145 root - INFO - As all column are available in test df hence detecting data drift
[ 2023-01-12 11:41:20,725] 90 root - INFO - Hypothesis class: object, object 
[ 2023-01-12 11:41:20,800] 90 root - INFO - Hypothesis aa_000: float64, float64 
[ 2023-01-12 11:41:20,807] 90 root - INFO - Hypothesis ac_000: float64, float64 
[ 2023-01-12 11:41:20,812] 90 root - INFO - Hypothesis ad_000: float64, float64 
[ 2023-01-12 11:41:20,818] 90 root - INFO - Hypothesis ae_000: float64, float64 
[ 2023-01-12 11:41:20,833] 90 root - INFO - Hypothesis af_000: float64, float64 
[ 2023-01-12 11:41:20,848] 90 root - INFO - Hypothesis ag_000: float64, float64 
[ 2023-01-12 11:41:20,863] 90 root - INFO - Hypothesis ag_001: float64, float64 
[ 2023-01-12 11:41:20,877] 90 root - INFO - Hypothesis ag_002: float64, float64 
[ 2023-01-12 11:41:20,893] 90 root - INFO - Hypothesis ag_003: float64, float64 
[ 2023-01-12 11:41:20,897] 90 root - INFO - Hypothesis ag_004: float64, float64 
[ 2023-01-12 11:41:20,904] 90 root - INFO - Hypothesis ag_005: float64, float64 
[ 2023-01-12 11:41:20,911] 90 root - INFO - Hypothesis ag_006: float64, float64 
[ 2023-01-12 11:41:20,918] 90 root - INFO - Hypothesis ag_007: float64, float64 
[ 2023-01-12 11:41:20,924] 90 root - INFO - Hypothesis ag_008: float64, float64 
[ 2023-01-12 11:41:20,930] 90 root - INFO - Hypothesis ag_009: float64, float64 
[ 2023-01-12 11:41:20,934] 90 root - INFO - Hypothesis ah_000: float64, float64 
[ 2023-01-12 11:41:20,941] 90 root - INFO - Hypothesis ai_000: float64, float64 
[ 2023-01-12 11:41:20,945] 90 root - INFO - Hypothesis aj_000: float64, float64 
[ 2023-01-12 11:41:20,949] 90 root - INFO - Hypothesis ak_000: float64, float64 
[ 2023-01-12 11:41:20,964] 90 root - INFO - Hypothesis al_000: float64, float64 
[ 2023-01-12 11:41:20,969] 90 root - INFO - Hypothesis am_0: float64, float64 
[ 2023-01-12 11:41:20,974] 90 root - INFO - Hypothesis an_000: float64, float64 
[ 2023-01-12 11:41:20,981] 90 root - INFO - Hypothesis ao_000: float64, float64 
[ 2023-01-12 11:41:20,988] 90 root - INFO - Hypothesis ap_000: float64, float64 
[ 2023-01-12 11:41:20,995] 90 root - INFO - Hypothesis aq_000: float64, float64 
[ 2023-01-12 11:41:21,002] 90 root - INFO - Hypothesis ar_000: float64, float64 
[ 2023-01-12 11:41:21,018] 90 root - INFO - Hypothesis as_000: float64, float64 
[ 2023-01-12 11:41:21,032] 90 root - INFO - Hypothesis at_000: float64, float64 
[ 2023-01-12 11:41:21,048] 90 root - INFO - Hypothesis au_000: float64, float64 
[ 2023-01-12 11:41:21,063] 90 root - INFO - Hypothesis av_000: float64, float64 
[ 2023-01-12 11:41:21,069] 90 root - INFO - Hypothesis ax_000: float64, float64 
[ 2023-01-12 11:41:21,074] 90 root - INFO - Hypothesis ay_000: float64, float64 
[ 2023-01-12 11:41:21,090] 90 root - INFO - Hypothesis ay_001: float64, float64 
[ 2023-01-12 11:41:21,105] 90 root - INFO - Hypothesis ay_002: float64, float64 
[ 2023-01-12 11:41:21,120] 90 root - INFO - Hypothesis ay_003: float64, float64 
[ 2023-01-12 11:41:21,135] 90 root - INFO - Hypothesis ay_004: float64, float64 
[ 2023-01-12 11:41:21,151] 90 root - INFO - Hypothesis ay_005: float64, float64 
[ 2023-01-12 11:41:21,156] 90 root - INFO - Hypothesis ay_006: float64, float64 
[ 2023-01-12 11:41:21,162] 90 root - INFO - Hypothesis ay_007: float64, float64 
[ 2023-01-12 11:41:21,169] 90 root - INFO - Hypothesis ay_008: float64, float64 
[ 2023-01-12 11:41:21,176] 90 root - INFO - Hypothesis ay_009: float64, float64 
[ 2023-01-12 11:41:21,190] 90 root - INFO - Hypothesis az_000: float64, float64 
[ 2023-01-12 11:41:21,197] 90 root - INFO - Hypothesis az_001: float64, float64 
[ 2023-01-12 11:41:21,203] 90 root - INFO - Hypothesis az_002: float64, float64 
[ 2023-01-12 11:41:21,210] 90 root - INFO - Hypothesis az_003: float64, float64 
[ 2023-01-12 11:41:21,216] 90 root - INFO - Hypothesis az_004: float64, float64 
[ 2023-01-12 11:41:21,223] 90 root - INFO - Hypothesis az_005: float64, float64 
[ 2023-01-12 11:41:21,230] 90 root - INFO - Hypothesis az_006: float64, float64 
[ 2023-01-12 11:41:21,236] 90 root - INFO - Hypothesis az_007: float64, float64 
[ 2023-01-12 11:41:21,240] 90 root - INFO - Hypothesis az_008: float64, float64 
[ 2023-01-12 11:41:21,258] 90 root - INFO - Hypothesis az_009: float64, float64 
[ 2023-01-12 11:41:21,274] 90 root - INFO - Hypothesis ba_000: float64, float64 
[ 2023-01-12 11:41:21,281] 90 root - INFO - Hypothesis ba_001: float64, float64 
[ 2023-01-12 11:41:21,288] 90 root - INFO - Hypothesis ba_002: float64, float64 
[ 2023-01-12 11:41:21,295] 90 root - INFO - Hypothesis ba_003: float64, float64 
[ 2023-01-12 11:41:21,302] 90 root - INFO - Hypothesis ba_004: float64, float64 
[ 2023-01-12 11:41:21,309] 90 root - INFO - Hypothesis ba_005: float64, float64 
[ 2023-01-12 11:41:21,316] 90 root - INFO - Hypothesis ba_006: float64, float64 
[ 2023-01-12 11:41:21,323] 90 root - INFO - Hypothesis ba_007: float64, float64 
[ 2023-01-12 11:41:21,329] 90 root - INFO - Hypothesis ba_008: float64, float64 
[ 2023-01-12 11:41:21,334] 90 root - INFO - Hypothesis ba_009: float64, float64 
[ 2023-01-12 11:41:21,339] 90 root - INFO - Hypothesis bb_000: float64, float64 
[ 2023-01-12 11:41:21,346] 90 root - INFO - Hypothesis bc_000: float64, float64 
[ 2023-01-12 11:41:21,351] 90 root - INFO - Hypothesis bd_000: float64, float64 
[ 2023-01-12 11:41:21,357] 90 root - INFO - Hypothesis be_000: float64, float64 
[ 2023-01-12 11:41:21,363] 90 root - INFO - Hypothesis bf_000: float64, float64 
[ 2023-01-12 11:41:21,367] 90 root - INFO - Hypothesis bg_000: float64, float64 
[ 2023-01-12 11:41:21,374] 90 root - INFO - Hypothesis bh_000: float64, float64 
[ 2023-01-12 11:41:21,381] 90 root - INFO - Hypothesis bi_000: float64, float64 
[ 2023-01-12 11:41:21,388] 90 root - INFO - Hypothesis bj_000: float64, float64 
[ 2023-01-12 11:41:21,396] 90 root - INFO - Hypothesis bk_000: float64, float64 
[ 2023-01-12 11:41:21,401] 90 root - INFO - Hypothesis bl_000: float64, float64 
[ 2023-01-12 11:41:21,407] 90 root - INFO - Hypothesis bm_000: float64, float64 
[ 2023-01-12 11:41:21,411] 90 root - INFO - Hypothesis bs_000: float64, float64 
[ 2023-01-12 11:41:21,418] 90 root - INFO - Hypothesis bt_000: float64, float64 
[ 2023-01-12 11:41:21,425] 90 root - INFO - Hypothesis bu_000: float64, float64 
[ 2023-01-12 11:41:21,432] 90 root - INFO - Hypothesis bv_000: float64, float64 
[ 2023-01-12 11:41:21,439] 90 root - INFO - Hypothesis bx_000: float64, float64 
[ 2023-01-12 11:41:21,446] 90 root - INFO - Hypothesis by_000: float64, float64 
[ 2023-01-12 11:41:21,453] 90 root - INFO - Hypothesis bz_000: float64, float64 
[ 2023-01-12 11:41:21,460] 90 root - INFO - Hypothesis ca_000: float64, float64 
[ 2023-01-12 11:41:21,467] 90 root - INFO - Hypothesis cb_000: float64, float64 
[ 2023-01-12 11:41:21,474] 90 root - INFO - Hypothesis cc_000: float64, float64 
[ 2023-01-12 11:41:21,481] 90 root - INFO - Hypothesis cd_000: float64, float64 
[ 2023-01-12 11:41:21,484] 90 root - INFO - Hypothesis ce_000: float64, float64 
[ 2023-01-12 11:41:21,490] 90 root - INFO - Hypothesis cf_000: float64, float64 
[ 2023-01-12 11:41:21,494] 90 root - INFO - Hypothesis cg_000: float64, float64 
[ 2023-01-12 11:41:21,499] 90 root - INFO - Hypothesis ch_000: float64, float64 
[ 2023-01-12 11:41:21,503] 90 root - INFO - Hypothesis ci_000: float64, float64 
[ 2023-01-12 11:41:21,512] 90 root - INFO - Hypothesis cj_000: float64, float64 
[ 2023-01-12 11:41:21,516] 90 root - INFO - Hypothesis ck_000: float64, float64 
[ 2023-01-12 11:41:21,524] 90 root - INFO - Hypothesis cl_000: float64, float64 
[ 2023-01-12 11:41:21,528] 90 root - INFO - Hypothesis cm_000: float64, float64 
[ 2023-01-12 11:41:21,533] 90 root - INFO - Hypothesis cn_000: float64, float64 
[ 2023-01-12 11:41:21,549] 90 root - INFO - Hypothesis cn_001: float64, float64 
[ 2023-01-12 11:41:21,565] 90 root - INFO - Hypothesis cn_002: float64, float64 
[ 2023-01-12 11:41:21,571] 90 root - INFO - Hypothesis cn_003: float64, float64 
[ 2023-01-12 11:41:21,578] 90 root - INFO - Hypothesis cn_004: float64, float64 
[ 2023-01-12 11:41:21,585] 90 root - INFO - Hypothesis cn_005: float64, float64 
[ 2023-01-12 11:41:21,591] 90 root - INFO - Hypothesis cn_006: float64, float64 
[ 2023-01-12 11:41:21,598] 90 root - INFO - Hypothesis cn_007: float64, float64 
[ 2023-01-12 11:41:21,605] 90 root - INFO - Hypothesis cn_008: float64, float64 
[ 2023-01-12 11:41:21,611] 90 root - INFO - Hypothesis cn_009: float64, float64 
[ 2023-01-12 11:41:21,616] 90 root - INFO - Hypothesis co_000: float64, float64 
[ 2023-01-12 11:41:21,621] 90 root - INFO - Hypothesis cp_000: float64, float64 
[ 2023-01-12 11:41:21,626] 90 root - INFO - Hypothesis cq_000: float64, float64 
[ 2023-01-12 11:41:21,633] 90 root - INFO - Hypothesis cs_000: float64, float64 
[ 2023-01-12 11:41:21,639] 90 root - INFO - Hypothesis cs_001: float64, float64 
[ 2023-01-12 11:41:21,645] 90 root - INFO - Hypothesis cs_002: float64, float64 
[ 2023-01-12 11:41:21,652] 90 root - INFO - Hypothesis cs_003: float64, float64 
[ 2023-01-12 11:41:21,659] 90 root - INFO - Hypothesis cs_004: float64, float64 
[ 2023-01-12 11:41:21,666] 90 root - INFO - Hypothesis cs_005: float64, float64 
[ 2023-01-12 11:41:21,673] 90 root - INFO - Hypothesis cs_006: float64, float64 
[ 2023-01-12 11:41:21,680] 90 root - INFO - Hypothesis cs_007: float64, float64 
[ 2023-01-12 11:41:21,686] 90 root - INFO - Hypothesis cs_008: float64, float64 
[ 2023-01-12 11:41:21,692] 90 root - INFO - Hypothesis cs_009: float64, float64 
[ 2023-01-12 11:41:21,707] 90 root - INFO - Hypothesis ct_000: float64, float64 
[ 2023-01-12 11:41:21,712] 90 root - INFO - Hypothesis cu_000: float64, float64 
[ 2023-01-12 11:41:21,718] 90 root - INFO - Hypothesis cv_000: float64, float64 
[ 2023-01-12 11:41:21,724] 90 root - INFO - Hypothesis cx_000: float64, float64 
[ 2023-01-12 11:41:21,730] 90 root - INFO - Hypothesis cy_000: float64, float64 
[ 2023-01-12 11:41:21,734] 90 root - INFO - Hypothesis cz_000: float64, float64 
[ 2023-01-12 11:41:21,739] 90 root - INFO - Hypothesis da_000: float64, float64 
[ 2023-01-12 11:41:21,743] 90 root - INFO - Hypothesis db_000: float64, float64 
[ 2023-01-12 11:41:21,747] 90 root - INFO - Hypothesis dc_000: float64, float64 
[ 2023-01-12 11:41:21,753] 90 root - INFO - Hypothesis dd_000: float64, float64 
[ 2023-01-12 11:41:21,760] 90 root - INFO - Hypothesis de_000: float64, float64 
[ 2023-01-12 11:41:21,765] 90 root - INFO - Hypothesis df_000: float64, float64 
[ 2023-01-12 11:41:21,781] 90 root - INFO - Hypothesis dg_000: float64, float64 
[ 2023-01-12 11:41:21,796] 90 root - INFO - Hypothesis dh_000: float64, float64 
[ 2023-01-12 11:41:21,812] 90 root - INFO - Hypothesis di_000: float64, float64 
[ 2023-01-12 11:41:21,816] 90 root - INFO - Hypothesis dj_000: float64, float64 
[ 2023-01-12 11:41:21,832] 90 root - INFO - Hypothesis dk_000: float64, float64 
[ 2023-01-12 11:41:21,850] 90 root - INFO - Hypothesis dl_000: float64, float64 
[ 2023-01-12 11:41:21,872] 90 root - INFO - Hypothesis dm_000: float64, float64 
[ 2023-01-12 11:41:21,887] 90 root - INFO - Hypothesis dn_000: float64, float64 
[ 2023-01-12 11:41:21,895] 90 root - INFO - Hypothesis do_000: float64, float64 
[ 2023-01-12 11:41:21,901] 90 root - INFO - Hypothesis dp_000: float64, float64 
[ 2023-01-12 11:41:21,907] 90 root - INFO - Hypothesis dq_000: float64, float64 
[ 2023-01-12 11:41:21,911] 90 root - INFO - Hypothesis dr_000: float64, float64 
[ 2023-01-12 11:41:21,916] 90 root - INFO - Hypothesis ds_000: float64, float64 
[ 2023-01-12 11:41:21,922] 90 root - INFO - Hypothesis dt_000: float64, float64 
[ 2023-01-12 11:41:21,929] 90 root - INFO - Hypothesis du_000: float64, float64 
[ 2023-01-12 11:41:21,936] 90 root - INFO - Hypothesis dv_000: float64, float64 
[ 2023-01-12 11:41:21,943] 90 root - INFO - Hypothesis dx_000: float64, float64 
[ 2023-01-12 11:41:21,960] 90 root - INFO - Hypothesis dy_000: float64, float64 
[ 2023-01-12 11:41:21,965] 90 root - INFO - Hypothesis dz_000: float64, float64 
[ 2023-01-12 11:41:21,980] 90 root - INFO - Hypothesis ea_000: float64, float64 
[ 2023-01-12 11:41:21,995] 90 root - INFO - Hypothesis eb_000: float64, float64 
[ 2023-01-12 11:41:22,001] 90 root - INFO - Hypothesis ec_00: float64, float64 
[ 2023-01-12 11:41:22,008] 90 root - INFO - Hypothesis ed_000: float64, float64 
[ 2023-01-12 11:41:22,014] 90 root - INFO - Hypothesis ee_000: float64, float64 
[ 2023-01-12 11:41:22,021] 90 root - INFO - Hypothesis ee_001: float64, float64 
[ 2023-01-12 11:41:22,028] 90 root - INFO - Hypothesis ee_002: float64, float64 
[ 2023-01-12 11:41:22,035] 90 root - INFO - Hypothesis ee_003: float64, float64 
[ 2023-01-12 11:41:22,042] 90 root - INFO - Hypothesis ee_004: float64, float64 
[ 2023-01-12 11:41:22,049] 90 root - INFO - Hypothesis ee_005: float64, float64 
[ 2023-01-12 11:41:22,055] 90 root - INFO - Hypothesis ee_006: float64, float64 
[ 2023-01-12 11:41:22,062] 90 root - INFO - Hypothesis ee_007: float64, float64 
[ 2023-01-12 11:41:22,069] 90 root - INFO - Hypothesis ee_008: float64, float64 
[ 2023-01-12 11:41:22,075] 90 root - INFO - Hypothesis ee_009: float64, float64 
[ 2023-01-12 11:41:22,080] 90 root - INFO - Hypothesis ef_000: float64, float64 
[ 2023-01-12 11:41:22,095] 90 root - INFO - Hypothesis eg_000: float64, float64 
[ 2023-01-12 11:41:22,110] 149 root - INFO - Write report in yaml file
[ 2023-01-12 11:41:22,185] 154 root - INFO - Data validation artifact: DataValidationArtifact(report_file_path='/config/workspace/artifact/01122023__114054/data_validation/report.yaml')
